[0.034s] Invoking command in '/home/jacob/MTRN4231/lab1_workspace/build/cpp_pubsub': CMAKE_PREFIX_PATH=${CMAKE_PREFIX_PATH}:/opt/ros/humble /usr/bin/cmake --build /home/jacob/MTRN4231/lab1_workspace/build/cpp_pubsub -- -j8 -l8
[0.138s] [35m[1mConsolidate compiler generated dependencies of target talker[0m
[0.138s] [35m[1mConsolidate compiler generated dependencies of target listener[0m
[0.183s] [ 75%] [32mBuilding CXX object CMakeFiles/talker.dir/src/publisher_member_function.cpp.o[0m
[0.183s] [ 75%] Built target listener
[0.434s] [01m[K/home/jacob/MTRN4231/lab1_workspace/src/cpp_pubsub/src/publisher_member_function.cpp:19:14:[m[K [01;31m[Kerror: [m[Kmissing terminating > character
[0.434s]    19 | #include <Int
[0.435s]       |              [01;31m[K^[m[K
[0.443s] [01m[K/home/jacob/MTRN4231/lab1_workspace/src/cpp_pubsub/src/publisher_member_function.cpp:19:10:[m[K [01;31m[Kfatal error: [m[KInt: No such file or directory
[0.443s]    19 | #include [01;31m[K<[m[KInt
[0.443s]       |          [01;31m[K^[m[K
[0.443s] compilation terminated.
[0.447s] gmake[2]: *** [CMakeFiles/talker.dir/build.make:76: CMakeFiles/talker.dir/src/publisher_member_function.cpp.o] Error 1
[0.448s] gmake[1]: *** [CMakeFiles/Makefile2:139: CMakeFiles/talker.dir/all] Error 2
[0.448s] gmake: *** [Makefile:146: all] Error 2
[0.453s] Invoked command in '/home/jacob/MTRN4231/lab1_workspace/build/cpp_pubsub' returned '2': CMAKE_PREFIX_PATH=${CMAKE_PREFIX_PATH}:/opt/ros/humble /usr/bin/cmake --build /home/jacob/MTRN4231/lab1_workspace/build/cpp_pubsub -- -j8 -l8
