[ 33%] Built target static_broadcaster
[ 66%] Built target dynamic_broadcaster
[ 83%] [32mBuilding CXX object CMakeFiles/tf_listener.dir/src/listener_transformation.cpp.o[0m
[01m[K/home/jacob/MTRN4231/lab2_workspace/src/transformations/src/listener_transformation.cpp:[m[K In member function â€˜[01m[Kvoid TF2Listener::tfCallback()[m[Kâ€™:
[01m[K/home/jacob/MTRN4231/lab2_workspace/src/transformations/src/listener_transformation.cpp:34:7:[m[K [01;31m[Kerror: [m[Kexpected â€˜[01m[Kcatch[m[Kâ€™ before â€˜[01m[Kcathc[m[Kâ€™
   34 |     } [01;31m[Kcathc[m[K (const tf2::TransformException & ex) {
      |       [01;31m[K^~~~~[m[K
[01m[K/home/jacob/MTRN4231/lab2_workspace/src/transformations/src/listener_transformation.cpp:34:7:[m[K [01;31m[Kerror: [m[Kexpected â€˜[01m[K([m[Kâ€™ before â€˜[01m[Kcathc[m[Kâ€™
[01m[K/home/jacob/MTRN4231/lab2_workspace/src/transformations/src/listener_transformation.cpp:34:7:[m[K [01;31m[Kerror: [m[Kexpected type-specifier before â€˜[01m[Kcathc[m[Kâ€™
[01m[K/home/jacob/MTRN4231/lab2_workspace/src/transformations/src/listener_transformation.cpp:34:50:[m[K [01;31m[Kerror: [m[Kexpected â€˜[01m[K)[m[Kâ€™ before â€˜[01m[K{[m[Kâ€™ token
   34 |     } cathc (const tf2::TransformException & ex) [01;31m[K{[m[K
      |                                                  [01;31m[K^[m[K
[01m[K/home/jacob/MTRN4231/lab2_workspace/src/transformations/src/listener_transformation.cpp:34:7:[m[K [01;36m[Knote: [m[Kto match this â€˜[01m[K([m[Kâ€™
   34 |     } [01;36m[Kcathc[m[K (const tf2::TransformException & ex) {
      |       [01;36m[K^~~~~[m[K
In file included from [01m[K/opt/ros/humble/include/rclcpp/rclcpp/logging.hpp:24[m[K,
                 from [01m[K/opt/ros/humble/include/rclcpp/rclcpp/client.hpp:40[m[K,
                 from [01m[K/opt/ros/humble/include/rclcpp/rclcpp/callback_group.hpp:24[m[K,
                 from [01m[K/opt/ros/humble/include/rclcpp/rclcpp/any_executable.hpp:20[m[K,
                 from [01m[K/opt/ros/humble/include/rclcpp/rclcpp/memory_strategy.hpp:25[m[K,
                 from [01m[K/opt/ros/humble/include/rclcpp/rclcpp/memory_strategies.hpp:18[m[K,
                 from [01m[K/opt/ros/humble/include/rclcpp/rclcpp/executor_options.hpp:20[m[K,
                 from [01m[K/opt/ros/humble/include/rclcpp/rclcpp/executor.hpp:37[m[K,
                 from [01m[K/opt/ros/humble/include/rclcpp/rclcpp/executors/multi_threaded_executor.hpp:25[m[K,
                 from [01m[K/opt/ros/humble/include/rclcpp/rclcpp/executors.hpp:21[m[K,
                 from [01m[K/opt/ros/humble/include/rclcpp/rclcpp/rclcpp.hpp:155[m[K,
                 from [01m[K/home/jacob/MTRN4231/lab2_workspace/src/transformations/src/listener_transformation.cpp:6[m[K:
[01m[K/home/jacob/MTRN4231/lab2_workspace/src/transformations/src/listener_transformation.cpp:35:117:[m[K [01;31m[Kerror: [m[Kâ€˜[01m[Kex[m[Kâ€™ was not declared in this scope; did you mean â€˜[01m[Kexp[m[Kâ€™?
   35 |       RCLCPP_INFO(this->get_logger(), "Could not transform %s to %s: %s", fromFrameRel.c_str(), toFrameRel.c_str(), [01;31m[Kex[m[K.what());
      |                                                                                                                     [01;31m[K^~[m[K
gmake[2]: *** [CMakeFiles/tf_listener.dir/build.make:76: CMakeFiles/tf_listener.dir/src/listener_transformation.cpp.o] Error 1
gmake[1]: *** [CMakeFiles/Makefile2:193: CMakeFiles/tf_listener.dir/all] Error 2
gmake: *** [Makefile:146: all] Error 2
