[0.037s] Invoking command in '/home/jacob/MTRN4231/lab2_workspace/src/build/transformations': CMAKE_PREFIX_PATH=${CMAKE_PREFIX_PATH}:/opt/ros/humble /usr/bin/cmake --build /home/jacob/MTRN4231/lab2_workspace/src/build/transformations -- -j8 -l8
[0.161s] [ 33%] Built target static_broadcaster
[0.169s] [ 66%] Built target dynamic_broadcaster
[0.173s] [ 83%] [32mBuilding CXX object CMakeFiles/tf_listener.dir/src/listener_transformation.cpp.o[0m
[5.679s] [01m[K/home/jacob/MTRN4231/lab2_workspace/src/transformations/src/listener_transformation.cpp:[m[K In member function â€˜[01m[Kvoid TF2Listener::tfCallback()[m[Kâ€™:
[5.680s] [01m[K/home/jacob/MTRN4231/lab2_workspace/src/transformations/src/listener_transformation.cpp:34:7:[m[K [01;31m[Kerror: [m[Kexpected â€˜[01m[Kcatch[m[Kâ€™ before â€˜[01m[Kcathc[m[Kâ€™
[5.681s]    34 |     } [01;31m[Kcathc[m[K (const tf2::TransformException & ex) {
[5.682s]       |       [01;31m[K^~~~~[m[K
[5.683s] [01m[K/home/jacob/MTRN4231/lab2_workspace/src/transformations/src/listener_transformation.cpp:34:7:[m[K [01;31m[Kerror: [m[Kexpected â€˜[01m[K([m[Kâ€™ before â€˜[01m[Kcathc[m[Kâ€™
[5.684s] [01m[K/home/jacob/MTRN4231/lab2_workspace/src/transformations/src/listener_transformation.cpp:34:7:[m[K [01;31m[Kerror: [m[Kexpected type-specifier before â€˜[01m[Kcathc[m[Kâ€™
[5.685s] [01m[K/home/jacob/MTRN4231/lab2_workspace/src/transformations/src/listener_transformation.cpp:34:50:[m[K [01;31m[Kerror: [m[Kexpected â€˜[01m[K)[m[Kâ€™ before â€˜[01m[K{[m[Kâ€™ token
[5.686s]    34 |     } cathc (const tf2::TransformException & ex) [01;31m[K{[m[K
[5.687s]       |                                                  [01;31m[K^[m[K
[5.688s] [01m[K/home/jacob/MTRN4231/lab2_workspace/src/transformations/src/listener_transformation.cpp:34:7:[m[K [01;36m[Knote: [m[Kto match this â€˜[01m[K([m[Kâ€™
[5.689s]    34 |     } [01;36m[Kcathc[m[K (const tf2::TransformException & ex) {
[5.690s]       |       [01;36m[K^~~~~[m[K
[5.705s] In file included from [01m[K/opt/ros/humble/include/rclcpp/rclcpp/logging.hpp:24[m[K,
[5.705s]                  from [01m[K/opt/ros/humble/include/rclcpp/rclcpp/client.hpp:40[m[K,
[5.705s]                  from [01m[K/opt/ros/humble/include/rclcpp/rclcpp/callback_group.hpp:24[m[K,
[5.705s]                  from [01m[K/opt/ros/humble/include/rclcpp/rclcpp/any_executable.hpp:20[m[K,
[5.706s]                  from [01m[K/opt/ros/humble/include/rclcpp/rclcpp/memory_strategy.hpp:25[m[K,
[5.706s]                  from [01m[K/opt/ros/humble/include/rclcpp/rclcpp/memory_strategies.hpp:18[m[K,
[5.706s]                  from [01m[K/opt/ros/humble/include/rclcpp/rclcpp/executor_options.hpp:20[m[K,
[5.706s]                  from [01m[K/opt/ros/humble/include/rclcpp/rclcpp/executor.hpp:37[m[K,
[5.706s]                  from [01m[K/opt/ros/humble/include/rclcpp/rclcpp/executors/multi_threaded_executor.hpp:25[m[K,
[5.707s]                  from [01m[K/opt/ros/humble/include/rclcpp/rclcpp/executors.hpp:21[m[K,
[5.707s]                  from [01m[K/opt/ros/humble/include/rclcpp/rclcpp/rclcpp.hpp:155[m[K,
[5.707s]                  from [01m[K/home/jacob/MTRN4231/lab2_workspace/src/transformations/src/listener_transformation.cpp:6[m[K:
[5.707s] [01m[K/home/jacob/MTRN4231/lab2_workspace/src/transformations/src/listener_transformation.cpp:35:117:[m[K [01;31m[Kerror: [m[Kâ€˜[01m[Kex[m[Kâ€™ was not declared in this scope; did you mean â€˜[01m[Kexp[m[Kâ€™?
[5.708s]    35 |       RCLCPP_INFO(this->get_logger(), "Could not transform %s to %s: %s", fromFrameRel.c_str(), toFrameRel.c_str(), [01;31m[Kex[m[K.what());
[5.708s]       |                                                                                                                     [01;31m[K^~[m[K
[6.507s] gmake[2]: *** [CMakeFiles/tf_listener.dir/build.make:76: CMakeFiles/tf_listener.dir/src/listener_transformation.cpp.o] Error 1
[6.507s] gmake[1]: *** [CMakeFiles/Makefile2:193: CMakeFiles/tf_listener.dir/all] Error 2
[6.507s] gmake: *** [Makefile:146: all] Error 2
[6.511s] Invoked command in '/home/jacob/MTRN4231/lab2_workspace/src/build/transformations' returned '2': CMAKE_PREFIX_PATH=${CMAKE_PREFIX_PATH}:/opt/ros/humble /usr/bin/cmake --build /home/jacob/MTRN4231/lab2_workspace/src/build/transformations -- -j8 -l8
