[0.053s] Invoking command in '/home/jacob/MTRN4231/lab1_workspace/build/cpp_pubsub': CMAKE_PREFIX_PATH=${CMAKE_PREFIX_PATH}:/opt/ros/humble /usr/bin/cmake --build /home/jacob/MTRN4231/lab1_workspace/build/cpp_pubsub -- -j8 -l8
[0.139s] -- Found ament_cmake: 1.3.12 (/opt/ros/humble/share/ament_cmake/cmake)
[0.713s] -- Found rclcpp: 16.0.14 (/opt/ros/humble/share/rclcpp/cmake)
[1.302s] -- Found rosidl_generator_c: 3.1.7 (/opt/ros/humble/share/rosidl_generator_c/cmake)
[1.316s] -- Found rosidl_adapter: 3.1.7 (/opt/ros/humble/share/rosidl_adapter/cmake)
[1.336s] -- Found rosidl_generator_cpp: 3.1.7 (/opt/ros/humble/share/rosidl_generator_cpp/cmake)
[1.384s] -- Using all available rosidl_typesupport_c: rosidl_typesupport_fastrtps_c;rosidl_typesupport_introspection_c
[1.423s] -- Using all available rosidl_typesupport_cpp: rosidl_typesupport_fastrtps_cpp;rosidl_typesupport_introspection_cpp
[1.542s] -- Found rmw_implementation_cmake: 6.1.2 (/opt/ros/humble/share/rmw_implementation_cmake/cmake)
[1.549s] -- Found rmw_fastrtps_cpp: 6.2.8 (/opt/ros/humble/share/rmw_fastrtps_cpp/cmake)
[34.974s] -- Using RMW implementation 'rmw_fastrtps_cpp' as default
[35.161s] -- Found geometry_msgs: 4.9.0 (/opt/ros/humble/share/geometry_msgs/cmake)
[35.192s] -- Found tutorial_interfaces: 0.0.0 (/home/jacob/MTRN4231/lab1_workspace/install/tutorial_interfaces/share/tutorial_interfaces/cmake)
[35.228s] -- Found ament_lint_auto: 0.12.14 (/opt/ros/humble/share/ament_lint_auto/cmake)
[35.486s] -- Added test 'cppcheck' to perform static code analysis on C / C++ code
[35.487s] -- Configured cppcheck include dirs: 
[35.487s] -- Configured cppcheck exclude dirs and/or files: 
[35.490s] -- Added test 'lint_cmake' to check CMake code style
[35.496s] -- Added test 'uncrustify' to check C / C++ code style
[35.496s] -- Configured uncrustify additional arguments: 
[35.497s] -- Added test 'xmllint' to check XML markup files
[35.500s] -- Configuring done
[35.553s] -- Generating done
[35.570s] -- Build files have been written to: /home/jacob/MTRN4231/lab1_workspace/build/cpp_pubsub
[35.645s] [35m[1mConsolidate compiler generated dependencies of target talker[0m
[35.646s] [35m[1mConsolidate compiler generated dependencies of target listener[0m
[35.714s] [ 25%] [32m[1mLinking CXX executable listener[0m
[35.715s] [ 50%] [32mBuilding CXX object CMakeFiles/talker.dir/src/publisher_member_function.cpp.o[0m
[37.561s] [ 75%] Built target listener
[42.558s] [01m[K/home/jacob/MTRN4231/lab1_workspace/src/cpp_pubsub/src/publisher_member_function.cpp:54:47:[m[K [01;31m[Kerror: [m[Kâ€˜[01m[KPoseStamped[m[Kâ€™ is not a member of â€˜[01m[Ktutorial_interfaces::msg[m[Kâ€™; did you mean â€˜[01m[KPosestamped[m[Kâ€™?
[42.558s]    54 |   rclcpp::Publisher<tutorial_interfaces::msg::[01;31m[KPoseStamped[m[K>::SharedPtr publisher_;
[42.558s]       |                                               [01;31m[K^~~~~~~~~~~[m[K
[42.558s]       |                                               [32m[KPosestamped[m[K
[42.558s] [01m[K/home/jacob/MTRN4231/lab1_workspace/src/cpp_pubsub/src/publisher_member_function.cpp:54:58:[m[K [01;31m[Kerror: [m[Ktemplate argument 1 is invalid
[42.559s]    54 |   rclcpp::Publisher<tutorial_interfaces::msg::PoseStamped[01;31m[K>[m[K::SharedPtr publisher_;
[42.559s]       |                                                          [01;31m[K^[m[K
[42.563s] [01m[K/home/jacob/MTRN4231/lab1_workspace/src/cpp_pubsub/src/publisher_member_function.cpp:54:61:[m[K [01;31m[Kerror: [m[Kexpected â€˜[01m[K;[m[Kâ€™ at end of member declaration
[42.564s]    54 |   rclcpp::Publisher<tutorial_interfaces::msg::PoseStamped>::[01;31m[KSharedPtr[m[K publisher_;
[42.564s]       |                                                             [01;31m[K^~~~~~~~~[m[K
[42.565s]       |                                                                      [32m[K;[m[K
[42.571s] [01m[K/home/jacob/MTRN4231/lab1_workspace/src/cpp_pubsub/src/publisher_member_function.cpp:54:71:[m[K [01;31m[Kerror: [m[Kâ€˜[01m[Kpublisher_[m[Kâ€™ does not name a type; did you mean â€˜[01m[Krmw_publisher_t[m[Kâ€™?
[42.572s]    54 |   rclcpp::Publisher<tutorial_interfaces::msg::PoseStamped>::SharedPtr [01;31m[Kpublisher_[m[K;
[42.572s]       |                                                                       [01;31m[K^~~~~~~~~~[m[K
[42.572s]       |                                                                       [32m[Krmw_publisher_t[m[K
[42.587s] [01m[K/home/jacob/MTRN4231/lab1_workspace/src/cpp_pubsub/src/publisher_member_function.cpp:[m[K In constructor â€˜[01m[KMinimalPublisher::MinimalPublisher()[m[Kâ€™:
[42.587s] [01m[K/home/jacob/MTRN4231/lab1_workspace/src/cpp_pubsub/src/publisher_member_function.cpp:37:5:[m[K [01;31m[Kerror: [m[Kâ€˜[01m[Kpublisher_[m[Kâ€™ was not declared in this scope; did you mean â€˜[01m[Krmw_publisher_t[m[Kâ€™?
[42.588s]    37 |     [01;31m[Kpublisher_[m[K = this->create_publisher<tutorial_interfaces::msg::PoseStamped>("lab1_topic", 10);
[42.588s]       |     [01;31m[K^~~~~~~~~~[m[K
[42.588s]       |     [32m[Krmw_publisher_t[m[K
[42.589s] [01m[K/home/jacob/MTRN4231/lab1_workspace/src/cpp_pubsub/src/publisher_member_function.cpp:37:67:[m[K [01;31m[Kerror: [m[Kâ€˜[01m[KPoseStamped[m[Kâ€™ is not a member of â€˜[01m[Ktutorial_interfaces::msg[m[Kâ€™; did you mean â€˜[01m[KPosestamped[m[Kâ€™?
[42.589s]    37 |     publisher_ = this->create_publisher<tutorial_interfaces::msg::[01;31m[KPoseStamped[m[K>("lab1_topic", 10);
[42.589s]       |                                                                   [01;31m[K^~~~~~~~~~~[m[K
[42.589s]       |                                                                   [32m[KPosestamped[m[K
[42.589s] [01m[K/home/jacob/MTRN4231/lab1_workspace/src/cpp_pubsub/src/publisher_member_function.cpp:37:79:[m[K [01;31m[Kerror: [m[Kno matching function for call to â€˜[01m[KMinimalPublisher::create_publisher<<expression error> >(const char [11], int)[m[Kâ€™
[42.590s]    37 |     publisher_ = [01;31m[Kthis->create_publisher<tutorial_interfaces::msg::PoseStamped>("lab1_topic", 10)[m[K;
[42.590s]       |                  [01;31m[K~~~~~~~~~~~~~~~~~~~~~~~~~~~~~~~~~~~~~~~~~~~~~~~~~~~~~~~~~~~~~^~~~~~~~~~~~~~~~~~[m[K
[42.590s] In file included from [01m[K/opt/ros/humble/include/rclcpp/rclcpp/executors/single_threaded_executor.hpp:28[m[K,
[42.590s]                  from [01m[K/opt/ros/humble/include/rclcpp/rclcpp/executors.hpp:22[m[K,
[42.590s]                  from [01m[K/opt/ros/humble/include/rclcpp/rclcpp/rclcpp.hpp:155[m[K,
[42.590s]                  from [01m[K/home/jacob/MTRN4231/lab1_workspace/src/cpp_pubsub/src/publisher_member_function.cpp:20[m[K:
[42.590s] [01m[K/opt/ros/humble/include/rclcpp/rclcpp/node.hpp:195:3:[m[K [01;36m[Knote: [m[Kcandidate: â€˜[01m[Ktemplate<class MessageT, class AllocatorT, class PublisherT> std::shared_ptr<PublisherT> rclcpp::Node::create_publisher(const string&, const rclcpp::QoS&, const rclcpp::PublisherOptionsWithAllocator<AllocatorT>&)[m[Kâ€™
[42.591s]   195 |   [01;36m[Kcreate_publisher[m[K(
[42.591s]       |   [01;36m[K^~~~~~~~~~~~~~~~[m[K
[42.591s] [01m[K/opt/ros/humble/include/rclcpp/rclcpp/node.hpp:195:3:[m[K [01;36m[Knote: [m[K  template argument deduction/substitution failed:
[42.591s] [01m[K/home/jacob/MTRN4231/lab1_workspace/src/cpp_pubsub/src/publisher_member_function.cpp:37:79:[m[K [01;31m[Kerror: [m[Ktemplate argument 1 is invalid
[42.591s]    37 |     publisher_ = [01;31m[Kthis->create_publisher<tutorial_interfaces::msg::PoseStamped>("lab1_topic", 10)[m[K;
[42.591s]       |                  [01;31m[K~~~~~~~~~~~~~~~~~~~~~~~~~~~~~~~~~~~~~~~~~~~~~~~~~~~~~~~~~~~~~^~~~~~~~~~~~~~~~~~[m[K
[42.613s] [01m[K/home/jacob/MTRN4231/lab1_workspace/src/cpp_pubsub/src/publisher_member_function.cpp:[m[K In member function â€˜[01m[Kvoid MinimalPublisher::timer_callback()[m[Kâ€™:
[42.613s] [01m[K/home/jacob/MTRN4231/lab1_workspace/src/cpp_pubsub/src/publisher_member_function.cpp:45:46:[m[K [01;31m[Kerror: [m[Kâ€˜[01m[KPoseStamped[m[Kâ€™ is not a member of â€˜[01m[Ktutorial_interfaces::msg[m[Kâ€™; did you mean â€˜[01m[KPosestamped[m[Kâ€™?
[42.613s]    45 |     auto message = tutorial_interfaces::msg::[01;31m[KPoseStamped[m[K();
[42.613s]       |                                              [01;31m[K^~~~~~~~~~~[m[K
[42.613s]       |                                              [32m[KPosestamped[m[K
[42.626s] [01m[K/home/jacob/MTRN4231/lab1_workspace/src/cpp_pubsub/src/publisher_member_function.cpp:51:5:[m[K [01;31m[Kerror: [m[Kâ€˜[01m[Kpublisher_[m[Kâ€™ was not declared in this scope; did you mean â€˜[01m[Krmw_publisher_t[m[Kâ€™?
[42.626s]    51 |     [01;31m[Kpublisher_[m[K->publish(message);
[42.626s]       |     [01;31m[K^~~~~~~~~~[m[K
[42.627s]       |     [32m[Krmw_publisher_t[m[K
[43.888s] gmake[2]: *** [CMakeFiles/talker.dir/build.make:76: CMakeFiles/talker.dir/src/publisher_member_function.cpp.o] Error 1
[43.888s] gmake[1]: *** [CMakeFiles/Makefile2:139: CMakeFiles/talker.dir/all] Error 2
[43.889s] gmake: *** [Makefile:146: all] Error 2
[43.897s] Invoked command in '/home/jacob/MTRN4231/lab1_workspace/build/cpp_pubsub' returned '2': CMAKE_PREFIX_PATH=${CMAKE_PREFIX_PATH}:/opt/ros/humble /usr/bin/cmake --build /home/jacob/MTRN4231/lab1_workspace/build/cpp_pubsub -- -j8 -l8
