[0.047s] Invoking command in '/home/jacob/MTRN4231/lab2_workspace/src/build/lab2_client_service': CMAKE_PREFIX_PATH=${CMAKE_PREFIX_PATH}:/opt/ros/humble /usr/bin/cmake --build /home/jacob/MTRN4231/lab2_workspace/src/build/lab2_client_service -- -j8 -l8
[0.112s] -- Found ament_cmake: 1.3.12 (/opt/ros/humble/share/ament_cmake/cmake)
[0.507s] -- Found rclcpp: 16.0.14 (/opt/ros/humble/share/rclcpp/cmake)
[0.574s] -- Found rosidl_generator_c: 3.1.7 (/opt/ros/humble/share/rosidl_generator_c/cmake)
[0.578s] -- Found rosidl_adapter: 3.1.7 (/opt/ros/humble/share/rosidl_adapter/cmake)
[0.592s] -- Found rosidl_generator_cpp: 3.1.7 (/opt/ros/humble/share/rosidl_generator_cpp/cmake)
[0.612s] -- Using all available rosidl_typesupport_c: rosidl_typesupport_fastrtps_c;rosidl_typesupport_introspection_c
[0.637s] -- Using all available rosidl_typesupport_cpp: rosidl_typesupport_fastrtps_cpp;rosidl_typesupport_introspection_cpp
[0.698s] -- Found rmw_implementation_cmake: 6.1.2 (/opt/ros/humble/share/rmw_implementation_cmake/cmake)
[0.702s] -- Found rmw_fastrtps_cpp: 6.2.8 (/opt/ros/humble/share/rmw_fastrtps_cpp/cmake)
[0.914s] -- Using RMW implementation 'rmw_fastrtps_cpp' as default
[1.026s] -- Found example_interfaces: 0.9.3 (/opt/ros/humble/share/example_interfaces/cmake)
[1.163s] -- Found tf2_ros: 0.25.16 (/opt/ros/humble/share/tf2_ros/cmake)
[1.360s] -- Found my_interface: 0.0.0 (/home/jacob/MTRN4231/lab2_workspace/src/install/my_interface/share/my_interface/cmake)
[1.535s] -- Configuring done
[1.573s] -- Generating done
[1.583s] -- Build files have been written to: /home/jacob/MTRN4231/lab2_workspace/src/build/lab2_client_service
[1.670s] [35m[1mConsolidate compiler generated dependencies of target int_addition_server[0m
[1.678s] [35m[1mConsolidate compiler generated dependencies of target int_addition_client[0m
[1.683s] [35m[1mConsolidate compiler generated dependencies of target lookup_server[0m
[1.702s] [ 33%] Built target int_addition_server
[1.706s] [ 66%] Built target int_addition_client
[1.753s] [ 83%] [32mBuilding CXX object CMakeFiles/lookup_server.dir/src/lookup_server.cpp.o[0m
[7.697s] [01m[K/home/jacob/MTRN4231/lab2_workspace/src/lab2_client_service/src/lookup_server.cpp:21:36:[m[K [01;31m[Kerror: [m[Kâ€˜[01m[Kinterface[m[Kâ€™ was not declared in this scope; did you mean â€˜[01m[Kmy_interface[m[Kâ€™?
[7.697s]    21 |   void getTF(const std::shared_ptr<[01;31m[Kinterface[m[K::srv::Lookup::Request> request,
[7.697s]       |                                    [01;31m[K^~~~~~~~~[m[K
[7.697s]       |                                    [32m[Kmy_interface[m[K
[7.697s] [01m[K/home/jacob/MTRN4231/lab2_workspace/src/lab2_client_service/src/lookup_server.cpp:21:67:[m[K [01;31m[Kerror: [m[Ktemplate argument 1 is invalid
[7.697s]    21 |   void getTF(const std::shared_ptr<interface::srv::Lookup::Request[01;31m[K>[m[K request,
[7.698s]       |                                                                   [01;31m[K^[m[K
[7.706s] [01m[K/home/jacob/MTRN4231/lab2_workspace/src/lab2_client_service/src/lookup_server.cpp:21:36:[m[K [01;31m[Kerror: [m[Kâ€˜[01m[Kinterface[m[Kâ€™ was not declared in this scope; did you mean â€˜[01m[Kmy_interface[m[Kâ€™?
[7.706s]    21 |   void getTF(const std::shared_ptr<[01;31m[Kinterface[m[K::srv::Lookup::Request> request,
[7.706s]       |                                    [01;31m[K^~~~~~~~~[m[K
[7.707s]       |                                    [32m[Kmy_interface[m[K
[7.707s] [01m[K/home/jacob/MTRN4231/lab2_workspace/src/lab2_client_service/src/lookup_server.cpp:21:67:[m[K [01;31m[Kerror: [m[Ktemplate argument 1 is invalid
[7.707s]    21 |   void getTF(const std::shared_ptr<interface::srv::Lookup::Request[01;31m[K>[m[K request,
[7.707s]       |                                                                   [01;31m[K^[m[K
[7.717s] [01m[K/home/jacob/MTRN4231/lab2_workspace/src/lab2_client_service/src/lookup_server.cpp:21:36:[m[K [01;31m[Kerror: [m[Kâ€˜[01m[Kinterface[m[Kâ€™ was not declared in this scope; did you mean â€˜[01m[Kmy_interface[m[Kâ€™?
[7.717s]    21 |   void getTF(const std::shared_ptr<[01;31m[Kinterface[m[K::srv::Lookup::Request> request,
[7.717s]       |                                    [01;31m[K^~~~~~~~~[m[K
[7.717s]       |                                    [32m[Kmy_interface[m[K
[7.717s] [01m[K/home/jacob/MTRN4231/lab2_workspace/src/lab2_client_service/src/lookup_server.cpp:21:67:[m[K [01;31m[Kerror: [m[Ktemplate argument 1 is invalid
[7.718s]    21 |   void getTF(const std::shared_ptr<interface::srv::Lookup::Request[01;31m[K>[m[K request,
[7.718s]       |                                                                   [01;31m[K^[m[K
[7.718s] [01m[K/home/jacob/MTRN4231/lab2_workspace/src/lab2_client_service/src/lookup_server.cpp:21:20:[m[K [01;31m[Kerror: [m[Kinvalid template-id
[7.718s]    21 |   void getTF(const [01;31m[Kstd[m[K::shared_ptr<interface::srv::Lookup::Request> request,
[7.718s]       |                    [01;31m[K^~~[m[K
[7.718s] [01m[K/home/jacob/MTRN4231/lab2_workspace/src/lab2_client_service/src/lookup_server.cpp:21:36:[m[K [01;31m[Kerror: [m[Kâ€˜[01m[Kinterface[m[Kâ€™ has not been declared
[7.718s]    21 |   void getTF(const std::shared_ptr<[01;31m[Kinterface[m[K::srv::Lookup::Request> request,
[7.718s]       |                                    [01;31m[K^~~~~~~~~[m[K
[7.718s] [01m[K/home/jacob/MTRN4231/lab2_workspace/src/lab2_client_service/src/lookup_server.cpp:21:14:[m[K [01;31m[Kerror: [m[Kclass template placeholder â€˜[01m[Kstd::shared_ptr[m[Kâ€™ not permitted in this context
[7.718s]    21 |   void getTF([01;31m[Kconst[m[K std::shared_ptr<interface::srv::Lookup::Request> request,
[7.718s]       |              [01;31m[K^~~~~[m[K
[7.729s] [01m[K/home/jacob/MTRN4231/lab2_workspace/src/lab2_client_service/src/lookup_server.cpp:22:28:[m[K [01;31m[Kerror: [m[Kâ€˜[01m[Kinterface[m[Kâ€™ was not declared in this scope; did you mean â€˜[01m[Kmy_interface[m[Kâ€™?
[7.729s]    22 |            std::shared_ptr<[01;31m[Kinterface[m[K::srv::Lookup::Response> response)
[7.730s]       |                            [01;31m[K^~~~~~~~~[m[K
[7.730s]       |                            [32m[Kmy_interface[m[K
[7.730s] [01m[K/home/jacob/MTRN4231/lab2_workspace/src/lab2_client_service/src/lookup_server.cpp:22:60:[m[K [01;31m[Kerror: [m[Ktemplate argument 1 is invalid
[7.730s]    22 |            std::shared_ptr<interface::srv::Lookup::Response[01;31m[K>[m[K response)
[7.730s]       |                                                            [01;31m[K^[m[K
[7.739s] [01m[K/home/jacob/MTRN4231/lab2_workspace/src/lab2_client_service/src/lookup_server.cpp:22:28:[m[K [01;31m[Kerror: [m[Kâ€˜[01m[Kinterface[m[Kâ€™ was not declared in this scope; did you mean â€˜[01m[Kmy_interface[m[Kâ€™?
[7.739s]    22 |            std::shared_ptr<[01;31m[Kinterface[m[K::srv::Lookup::Response> response)
[7.739s]       |                            [01;31m[K^~~~~~~~~[m[K
[7.740s]       |                            [32m[Kmy_interface[m[K
[7.740s] [01m[K/home/jacob/MTRN4231/lab2_workspace/src/lab2_client_service/src/lookup_server.cpp:22:60:[m[K [01;31m[Kerror: [m[Ktemplate argument 1 is invalid
[7.740s]    22 |            std::shared_ptr<interface::srv::Lookup::Response[01;31m[K>[m[K response)
[7.740s]       |                                                            [01;31m[K^[m[K
[7.766s] [01m[K/home/jacob/MTRN4231/lab2_workspace/src/lab2_client_service/src/lookup_server.cpp:22:28:[m[K [01;31m[Kerror: [m[Kâ€˜[01m[Kinterface[m[Kâ€™ was not declared in this scope; did you mean â€˜[01m[Kmy_interface[m[Kâ€™?
[7.767s]    22 |            std::shared_ptr<[01;31m[Kinterface[m[K::srv::Lookup::Response> response)
[7.767s]       |                            [01;31m[K^~~~~~~~~[m[K
[7.768s]       |                            [32m[Kmy_interface[m[K
[7.768s] [01m[K/home/jacob/MTRN4231/lab2_workspace/src/lab2_client_service/src/lookup_server.cpp:22:60:[m[K [01;31m[Kerror: [m[Ktemplate argument 1 is invalid
[7.769s]    22 |            std::shared_ptr<interface::srv::Lookup::Response[01;31m[K>[m[K response)
[7.769s]       |                                                            [01;31m[K^[m[K
[7.770s] [01m[K/home/jacob/MTRN4231/lab2_workspace/src/lab2_client_service/src/lookup_server.cpp:22:12:[m[K [01;31m[Kerror: [m[Kinvalid template-id
[7.771s]    22 |            [01;31m[Kstd[m[K::shared_ptr<interface::srv::Lookup::Response> response)
[7.771s]       |            [01;31m[K^~~[m[K
[7.772s] [01m[K/home/jacob/MTRN4231/lab2_workspace/src/lab2_client_service/src/lookup_server.cpp:22:28:[m[K [01;31m[Kerror: [m[Kâ€˜[01m[Kinterface[m[Kâ€™ has not been declared
[7.772s]    22 |            std::shared_ptr<[01;31m[Kinterface[m[K::srv::Lookup::Response> response)
[7.772s]       |                            [01;31m[K^~~~~~~~~[m[K
[7.773s] [01m[K/home/jacob/MTRN4231/lab2_workspace/src/lab2_client_service/src/lookup_server.cpp:22:12:[m[K [01;31m[Kerror: [m[Kclass template placeholder â€˜[01m[Kstd::shared_ptr[m[Kâ€™ not permitted in this context
[7.773s]    22 |            [01;31m[Kstd[m[K::shared_ptr<interface::srv::Lookup::Response> response)
[7.774s]       |            [01;31m[K^~~[m[K
[7.795s] [01m[K/home/jacob/MTRN4231/lab2_workspace/src/lab2_client_service/src/lookup_server.cpp:42:19:[m[K [01;31m[Kerror: [m[Kâ€˜[01m[Kinterface[m[Kâ€™ was not declared in this scope; did you mean â€˜[01m[Kmy_interface[m[Kâ€™?
[7.795s]    42 |   rclcpp::Service<[01;31m[Kinterface[m[K::srv::Lookup>::SharedPtr srv_;
[7.795s]       |                   [01;31m[K^~~~~~~~~[m[K
[7.796s]       |                   [32m[Kmy_interface[m[K
[7.796s] [01m[K/home/jacob/MTRN4231/lab2_workspace/src/lab2_client_service/src/lookup_server.cpp:42:41:[m[K [01;31m[Kerror: [m[Ktemplate argument 1 is invalid
[7.796s]    42 |   rclcpp::Service<interface::srv::Lookup[01;31m[K>[m[K::SharedPtr srv_;
[7.796s]       |                                         [01;31m[K^[m[K
[7.796s] [01m[K/home/jacob/MTRN4231/lab2_workspace/src/lab2_client_service/src/lookup_server.cpp:42:44:[m[K [01;31m[Kerror: [m[Kexpected â€˜[01m[K;[m[Kâ€™ at end of member declaration
[7.797s]    42 |   rclcpp::Service<interface::srv::Lookup>::[01;31m[KSharedPtr[m[K srv_;
[7.797s]       |                                            [01;31m[K^~~~~~~~~[m[K
[7.797s]       |                                                     [32m[K;[m[K
[7.798s] [01m[K/home/jacob/MTRN4231/lab2_workspace/src/lab2_client_service/src/lookup_server.cpp:42:54:[m[K [01;31m[Kerror: [m[Kâ€˜[01m[Ksrv_[m[Kâ€™ does not name a type
[7.798s]    42 |   rclcpp::Service<interface::srv::Lookup>::SharedPtr [01;31m[Ksrv_[m[K;
[7.799s]       |                                                      [01;31m[K^~~~[m[K
[7.834s] [01m[K/home/jacob/MTRN4231/lab2_workspace/src/lab2_client_service/src/lookup_server.cpp:[m[K In constructor â€˜[01m[KLookupServer::LookupServer()[m[Kâ€™:
[7.834s] [01m[K/home/jacob/MTRN4231/lab2_workspace/src/lab2_client_service/src/lookup_server.cpp:14:5:[m[K [01;31m[Kerror: [m[Kâ€˜[01m[Ksrv_[m[Kâ€™ was not declared in this scope
[7.834s]    14 |     [01;31m[Ksrv_[m[K = create_service<interface::srv::Lookup>("lookup_server",
[7.834s]       |     [01;31m[K^~~~[m[K
[7.843s] [01m[K/home/jacob/MTRN4231/lab2_workspace/src/lab2_client_service/src/lookup_server.cpp:14:27:[m[K [01;31m[Kerror: [m[Kâ€˜[01m[Kinterface[m[Kâ€™ was not declared in this scope; did you mean â€˜[01m[Kmy_interface[m[Kâ€™?
[7.843s]    14 |     srv_ = create_service<[01;31m[Kinterface[m[K::srv::Lookup>("lookup_server",
[7.843s]       |                           [01;31m[K^~~~~~~~~[m[K
[7.843s]       |                           [32m[Kmy_interface[m[K
[7.843s] [01m[K/home/jacob/MTRN4231/lab2_workspace/src/lab2_client_service/src/lookup_server.cpp:14:12:[m[K [01;31m[Kerror: [m[Kparse error in template argument list
[7.843s]    14 |     srv_ = [01;31m[Kcreate_service<interface::srv::Lookup>[m[K("lookup_server",
[7.844s]       |            [01;31m[K^~~~~~~~~~~~~~~~~~~~~~~~~~~~~~~~~~~~~~[m[K
[7.869s] [01m[K/home/jacob/MTRN4231/lab2_workspace/src/lab2_client_service/src/lookup_server.cpp:14:50:[m[K [01;31m[Kerror: [m[Kno matching function for call to â€˜[01m[KLookupServer::create_service<<expression error> >(const char [14], std::_Bind_helper<false, void (LookupServer::*)(...), LookupServer*, const std::_Placeholder<1>&, const std::_Placeholder<2>&>::type)[m[Kâ€™
[7.870s]    14 |     srv_ = [01;31m[Kcreate_service<interface::srv::Lookup>("lookup_server",[m[K
[7.872s]       |            [01;31m[K~~~~~~~~~~~~~~~~~~~~~~~~~~~~~~~~~~~~~~^~~~~~~~~~~~~~~~~[m[K
[7.873s]    15 | [01;31m[K                                                    std::bind(&LookupServer::getTF, this, std::placeholders::_1, std::placeholders::_2))[m[K;
[7.874s]       |                                                     [01;31m[K~~~~~~~~~~~~~~~~~~~~~~~~~~~~~~~~~~~~~~~~~~~~~~~~~~~~~~~~~~~~~~~~~~~~~~~~~~~~~~~~~~~~[m[K
[7.875s] In file included from [01m[K/opt/ros/humble/include/rclcpp/rclcpp/executors/single_threaded_executor.hpp:28[m[K,
[7.875s]                  from [01m[K/opt/ros/humble/include/rclcpp/rclcpp/executors.hpp:22[m[K,
[7.876s]                  from [01m[K/opt/ros/humble/include/rclcpp/rclcpp/rclcpp.hpp:155[m[K,
[7.877s]                  from [01m[K/home/jacob/MTRN4231/lab2_workspace/src/lab2_client_service/src/lookup_server.cpp:2[m[K:
[7.877s] [01m[K/opt/ros/humble/include/rclcpp/rclcpp/node.hpp:267:3:[m[K [01;36m[Knote: [m[Kcandidate: â€˜[01m[Ktemplate<class ServiceT, class CallbackT> typename rclcpp::Service<ServiceT>::SharedPtr rclcpp::Node::create_service(const string&, CallbackT&&, const rmw_qos_profile_t&, rclcpp::CallbackGroup::SharedPtr)[m[Kâ€™
[7.878s]   267 |   [01;36m[Kcreate_service[m[K(
[7.878s]       |   [01;36m[K^~~~~~~~~~~~~~[m[K
[7.879s] [01m[K/opt/ros/humble/include/rclcpp/rclcpp/node.hpp:267:3:[m[K [01;36m[Knote: [m[K  template argument deduction/substitution failed:
[7.879s] [01m[K/home/jacob/MTRN4231/lab2_workspace/src/lab2_client_service/src/lookup_server.cpp:14:50:[m[K [01;31m[Kerror: [m[Ktemplate argument 1 is invalid
[7.879s]    14 |     srv_ = [01;31m[Kcreate_service<interface::srv::Lookup>("lookup_server",[m[K
[7.879s]       |            [01;31m[K~~~~~~~~~~~~~~~~~~~~~~~~~~~~~~~~~~~~~~^~~~~~~~~~~~~~~~~[m[K
[7.880s]    15 | [01;31m[K                                                    std::bind(&LookupServer::getTF, this, std::placeholders::_1, std::placeholders::_2))[m[K;
[7.880s]       |                                                     [01;31m[K~~~~~~~~~~~~~~~~~~~~~~~~~~~~~~~~~~~~~~~~~~~~~~~~~~~~~~~~~~~~~~~~~~~~~~~~~~~~~~~~~~~~[m[K
[7.896s] [01m[K/home/jacob/MTRN4231/lab2_workspace/src/lab2_client_service/src/lookup_server.cpp:[m[K In member function â€˜[01m[Kvoid LookupServer::getTF(...)[m[Kâ€™:
[7.896s] [01m[K/home/jacob/MTRN4231/lab2_workspace/src/lab2_client_service/src/lookup_server.cpp:27:39:[m[K [01;31m[Kerror: [m[Kâ€˜[01m[Krequest[m[Kâ€™ was not declared in this scope
[7.896s]    27 |       t = tf_buffer_->lookupTransform([01;31m[Krequest[m[K->fromframe, request->toframe, tf2::TimePointZero);
[7.896s]       |                                       [01;31m[K^~~~~~~[m[K
[7.910s] In file included from [01m[K/opt/ros/humble/include/rclcpp/rclcpp/logging.hpp:24[m[K,
[7.910s]                  from [01m[K/opt/ros/humble/include/rclcpp/rclcpp/client.hpp:40[m[K,
[7.911s]                  from [01m[K/opt/ros/humble/include/rclcpp/rclcpp/callback_group.hpp:24[m[K,
[7.911s]                  from [01m[K/opt/ros/humble/include/rclcpp/rclcpp/any_executable.hpp:20[m[K,
[7.911s]                  from [01m[K/opt/ros/humble/include/rclcpp/rclcpp/memory_strategy.hpp:25[m[K,
[7.911s]                  from [01m[K/opt/ros/humble/include/rclcpp/rclcpp/memory_strategies.hpp:18[m[K,
[7.911s]                  from [01m[K/opt/ros/humble/include/rclcpp/rclcpp/executor_options.hpp:20[m[K,
[7.911s]                  from [01m[K/opt/ros/humble/include/rclcpp/rclcpp/executor.hpp:37[m[K,
[7.911s]                  from [01m[K/opt/ros/humble/include/rclcpp/rclcpp/executors/multi_threaded_executor.hpp:25[m[K,
[7.912s]                  from [01m[K/opt/ros/humble/include/rclcpp/rclcpp/executors.hpp:21[m[K,
[7.912s]                  from [01m[K/opt/ros/humble/include/rclcpp/rclcpp/rclcpp.hpp:155[m[K,
[7.912s]                  from [01m[K/home/jacob/MTRN4231/lab2_workspace/src/lab2_client_service/src/lookup_server.cpp:2[m[K:
[7.912s] [01m[K/home/jacob/MTRN4231/lab2_workspace/src/lab2_client_service/src/lookup_server.cpp:29:75:[m[K [01;31m[Kerror: [m[Kâ€˜[01m[Krequest[m[Kâ€™ was not declared in this scope
[7.912s]    29 |       RCLCPP_INFO(this->get_logger(), "Could not transform %s to %s: %s", [01;31m[Krequest[m[K->fromframe.c_str(), request->toframe.c_str(), ex.what());
[7.912s]       |                                                                           [01;31m[K^~~~~~~[m[K
[7.923s] [01m[K/home/jacob/MTRN4231/lab2_workspace/src/lab2_client_service/src/lookup_server.cpp:33:5:[m[K [01;31m[Kerror: [m[Kâ€˜[01m[Kresponse[m[Kâ€™ was not declared in this scope
[7.924s]    33 |     [01;31m[Kresponse[m[K->pose.position.x = t.transform.translation.x;
[7.924s]       |     [01;31m[K^~~~~~~~[m[K
[9.027s] gmake[2]: *** [CMakeFiles/lookup_server.dir/build.make:76: CMakeFiles/lookup_server.dir/src/lookup_server.cpp.o] Error 1
[9.027s] gmake[1]: *** [CMakeFiles/Makefile2:193: CMakeFiles/lookup_server.dir/all] Error 2
[9.027s] gmake: *** [Makefile:146: all] Error 2
[9.030s] Invoked command in '/home/jacob/MTRN4231/lab2_workspace/src/build/lab2_client_service' returned '2': CMAKE_PREFIX_PATH=${CMAKE_PREFIX_PATH}:/opt/ros/humble /usr/bin/cmake --build /home/jacob/MTRN4231/lab2_workspace/src/build/lab2_client_service -- -j8 -l8
