[0.050s] Invoking command in '/home/jacob/MTRN4231/lab1_workspace/build/cpp_pubsub': CMAKE_PREFIX_PATH=${CMAKE_PREFIX_PATH}:/opt/ros/humble /usr/bin/cmake --build /home/jacob/MTRN4231/lab1_workspace/build/cpp_pubsub -- -j8 -l8
[0.144s] -- Found ament_cmake: 1.3.12 (/opt/ros/humble/share/ament_cmake/cmake)
[0.708s] -- Found rclcpp: 16.0.14 (/opt/ros/humble/share/rclcpp/cmake)
[1.303s] -- Found rosidl_generator_c: 3.1.7 (/opt/ros/humble/share/rosidl_generator_c/cmake)
[1.312s] -- Found rosidl_adapter: 3.1.7 (/opt/ros/humble/share/rosidl_adapter/cmake)
[1.331s] -- Found rosidl_generator_cpp: 3.1.7 (/opt/ros/humble/share/rosidl_generator_cpp/cmake)
[1.368s] -- Using all available rosidl_typesupport_c: rosidl_typesupport_fastrtps_c;rosidl_typesupport_introspection_c
[1.411s] -- Using all available rosidl_typesupport_cpp: rosidl_typesupport_fastrtps_cpp;rosidl_typesupport_introspection_cpp
[1.552s] -- Found rmw_implementation_cmake: 6.1.2 (/opt/ros/humble/share/rmw_implementation_cmake/cmake)
[1.563s] -- Found rmw_fastrtps_cpp: 6.2.8 (/opt/ros/humble/share/rmw_fastrtps_cpp/cmake)
[37.831s] -- Using RMW implementation 'rmw_fastrtps_cpp' as default
[37.981s] -- Found geometry_msgs: 4.9.0 (/opt/ros/humble/share/geometry_msgs/cmake)
[38.004s] -- Found tutorial_interfaces: 0.0.0 (/home/jacob/MTRN4231/lab1_workspace/install/tutorial_interfaces/share/tutorial_interfaces/cmake)
[38.044s] -- Found ament_lint_auto: 0.12.14 (/opt/ros/humble/share/ament_lint_auto/cmake)
[38.196s] -- Added test 'cppcheck' to perform static code analysis on C / C++ code
[38.196s] -- Configured cppcheck include dirs: 
[38.196s] -- Configured cppcheck exclude dirs and/or files: 
[38.197s] -- Added test 'lint_cmake' to check CMake code style
[38.199s] -- Added test 'uncrustify' to check C / C++ code style
[38.199s] -- Configured uncrustify additional arguments: 
[38.200s] -- Added test 'xmllint' to check XML markup files
[38.205s] -- Configuring done
[38.272s] -- Generating done
[38.293s] -- Build files have been written to: /home/jacob/MTRN4231/lab1_workspace/build/cpp_pubsub
[38.352s] [35m[1mConsolidate compiler generated dependencies of target listener[0m
[38.353s] [35m[1mConsolidate compiler generated dependencies of target talker[0m
[38.412s] [ 25%] [32mBuilding CXX object CMakeFiles/talker.dir/src/publisher_member_function.cpp.o[0m
[38.414s] [ 50%] [32mBuilding CXX object CMakeFiles/listener.dir/src/subscriber_member_function.cpp.o[0m
[39.720s] [01m[K/home/jacob/MTRN4231/lab1_workspace/src/cpp_pubsub/src/publisher_member_function.cpp:24:10:[m[K [01;31m[Kfatal error: [m[Ktutorial_interfaces/msg/posestamped.hpp: No such file or directory
[39.721s]    24 | #include [01;31m[K"tutorial_interfaces/msg/posestamped.hpp"[m[K
[39.721s]       |          [01;31m[K^~~~~~~~~~~~~~~~~~~~~~~~~~~~~~~~~~~~~~~~~[m[K
[39.721s] compilation terminated.
[39.732s] gmake[2]: *** [CMakeFiles/talker.dir/build.make:76: CMakeFiles/talker.dir/src/publisher_member_function.cpp.o] Error 1
[39.733s] gmake[1]: *** [CMakeFiles/Makefile2:139: CMakeFiles/talker.dir/all] Error 2
[39.734s] gmake[1]: *** Waiting for unfinished jobs....
[61.066s] [ 75%] [32m[1mLinking CXX executable listener[0m
[62.860s] [ 75%] Built target listener
[62.864s] gmake: *** [Makefile:146: all] Error 2
[62.871s] Invoked command in '/home/jacob/MTRN4231/lab1_workspace/build/cpp_pubsub' returned '2': CMAKE_PREFIX_PATH=${CMAKE_PREFIX_PATH}:/opt/ros/humble /usr/bin/cmake --build /home/jacob/MTRN4231/lab1_workspace/build/cpp_pubsub -- -j8 -l8
