[  3%] Built target tutorial_interfaces__cpp
[  6%] [32mBuilding C object CMakeFiles/tutorial_interfaces__rosidl_generator_c.dir/rosidl_generator_c/tutorial_interfaces/msg/detail/pose_stamped__functions.c.o[0m
[  6%] Built target ament_cmake_python_copy_tutorial_interfaces
[  9%] [32mBuilding CXX object CMakeFiles/tutorial_interfaces__rosidl_typesupport_fastrtps_cpp.dir/rosidl_typesupport_fastrtps_cpp/tutorial_interfaces/msg/detail/dds_fastrtps/pose_stamped__type_support.cpp.o[0m
[ 12%] [32mBuilding CXX object CMakeFiles/tutorial_interfaces__rosidl_typesupport_introspection_cpp.dir/rosidl_typesupport_introspection_cpp/tutorial_interfaces/msg/detail/pose_stamped__type_support.cpp.o[0m
[ 16%] [32mBuilding CXX object CMakeFiles/tutorial_interfaces__rosidl_typesupport_cpp.dir/rosidl_typesupport_cpp/tutorial_interfaces/msg/pose_stamped__type_support.cpp.o[0m
In file included from [01m[K/home/jacob/MTRN4231/lab1_workspace/build/tutorial_interfaces/rosidl_generator_c/tutorial_interfaces/msg/detail/pose_stamped__functions.h:19[m[K,
                 from [01m[K/home/jacob/MTRN4231/lab1_workspace/build/tutorial_interfaces/rosidl_generator_c/tutorial_interfaces/msg/detail/pose_stamped__functions.c:4[m[K:
[01m[K/home/jacob/MTRN4231/lab1_workspace/build/tutorial_interfaces/rosidl_generator_c/tutorial_interfaces/msg/detail/pose_stamped__struct.h:24:10:[m[K [01;31m[Kfatal error: [m[Krclcpp/msg/detail/time__struct.h: No such file or directory
   24 | #include [01;31m[K"rclcpp/msg/detail/time__struct.h"[m[K
      |          [01;31m[K^~~~~~~~~~~~~~~~~~~~~~~~~~~~~~~~~~[m[K
compilation terminated.
gmake[2]: *** [CMakeFiles/tutorial_interfaces__rosidl_generator_c.dir/build.make:167: CMakeFiles/tutorial_interfaces__rosidl_generator_c.dir/rosidl_generator_c/tutorial_interfaces/msg/detail/pose_stamped__functions.c.o] Error 1
gmake[1]: *** [CMakeFiles/Makefile2:213: CMakeFiles/tutorial_interfaces__rosidl_generator_c.dir/all] Error 2
gmake[1]: *** Waiting for unfinished jobs....
In file included from [01m[K/home/jacob/MTRN4231/lab1_workspace/build/tutorial_interfaces/rosidl_typesupport_cpp/tutorial_interfaces/msg/pose_stamped__type_support.cpp:7[m[K:
[01m[K/home/jacob/MTRN4231/lab1_workspace/build/tutorial_interfaces/rosidl_generator_cpp/tutorial_interfaces/msg/detail/pose_stamped__struct.hpp:22:10:[m[K [01;31m[Kfatal error: [m[Krclcpp/msg/detail/time__struct.hpp: No such file or directory
   22 | #include [01;31m[K"rclcpp/msg/detail/time__struct.hpp"[m[K
      |          [01;31m[K^~~~~~~~~~~~~~~~~~~~~~~~~~~~~~~~~~~~[m[K
compilation terminated.
In file included from [01m[K/home/jacob/MTRN4231/lab1_workspace/build/tutorial_interfaces/rosidl_typesupport_fastrtps_cpp/tutorial_interfaces/msg/detail/pose_stamped__rosidl_typesupport_fastrtps_cpp.hpp:11[m[K,
                 from [01m[K/home/jacob/MTRN4231/lab1_workspace/build/tutorial_interfaces/rosidl_typesupport_fastrtps_cpp/tutorial_interfaces/msg/detail/dds_fastrtps/pose_stamped__type_support.cpp:4[m[K:
[01m[K/home/jacob/MTRN4231/lab1_workspace/build/tutorial_interfaces/rosidl_generator_cpp/tutorial_interfaces/msg/detail/pose_stamped__struct.hpp:22:10:[m[K [01;31m[Kfatal error: [m[Krclcpp/msg/detail/time__struct.hpp: No such file or directory
   22 | #include [01;31m[K"rclcpp/msg/detail/time__struct.hpp"[m[K
      |          [01;31m[K^~~~~~~~~~~~~~~~~~~~~~~~~~~~~~~~~~~~[m[K
compilation terminated.
gmake[2]: *** [CMakeFiles/tutorial_interfaces__rosidl_typesupport_fastrtps_cpp.dir/build.make:153: CMakeFiles/tutorial_interfaces__rosidl_typesupport_fastrtps_cpp.dir/rosidl_typesupport_fastrtps_cpp/tutorial_interfaces/msg/detail/dds_fastrtps/pose_stamped__type_support.cpp.o] Error 1
gmake[2]: *** [CMakeFiles/tutorial_interfaces__rosidl_typesupport_cpp.dir/build.make:148: CMakeFiles/tutorial_interfaces__rosidl_typesupport_cpp.dir/rosidl_typesupport_cpp/tutorial_interfaces/msg/pose_stamped__type_support.cpp.o] Error 1
gmake[1]: *** [CMakeFiles/Makefile2:291: CMakeFiles/tutorial_interfaces__rosidl_typesupport_fastrtps_cpp.dir/all] Error 2
gmake[1]: *** [CMakeFiles/Makefile2:395: CMakeFiles/tutorial_interfaces__rosidl_typesupport_cpp.dir/all] Error 2
In file included from [01m[K/home/jacob/MTRN4231/lab1_workspace/build/tutorial_interfaces/rosidl_typesupport_introspection_cpp/tutorial_interfaces/msg/detail/pose_stamped__type_support.cpp:12[m[K:
[01m[K/home/jacob/MTRN4231/lab1_workspace/build/tutorial_interfaces/rosidl_generator_cpp/tutorial_interfaces/msg/detail/pose_stamped__struct.hpp:22:10:[m[K [01;31m[Kfatal error: [m[Krclcpp/msg/detail/time__struct.hpp: No such file or directory
   22 | #include [01;31m[K"rclcpp/msg/detail/time__struct.hpp"[m[K
      |          [01;31m[K^~~~~~~~~~~~~~~~~~~~~~~~~~~~~~~~~~~~[m[K
compilation terminated.
gmake[2]: *** [CMakeFiles/tutorial_interfaces__rosidl_typesupport_introspection_cpp.dir/build.make:153: CMakeFiles/tutorial_interfaces__rosidl_typesupport_introspection_cpp.dir/rosidl_typesupport_introspection_cpp/tutorial_interfaces/msg/detail/pose_stamped__type_support.cpp.o] Error 1
gmake[1]: *** [CMakeFiles/Makefile2:369: CMakeFiles/tutorial_interfaces__rosidl_typesupport_introspection_cpp.dir/all] Error 2
running egg_info
writing tutorial_interfaces.egg-info/PKG-INFO
writing dependency_links to tutorial_interfaces.egg-info/dependency_links.txt
writing top-level names to tutorial_interfaces.egg-info/top_level.txt
reading manifest file 'tutorial_interfaces.egg-info/SOURCES.txt'
writing manifest file 'tutorial_interfaces.egg-info/SOURCES.txt'
[ 16%] Built target ament_cmake_python_build_tutorial_interfaces_egg
gmake: *** [Makefile:146: all] Error 2
