[0.051s] Invoking command in '/home/jacob/MTRN4231/lab1_workspace/build/tutorial_interfaces': CMAKE_PREFIX_PATH=${CMAKE_PREFIX_PATH}:/opt/ros/humble /usr/bin/cmake --build /home/jacob/MTRN4231/lab1_workspace/build/tutorial_interfaces -- -j8 -l8
[0.216s] [  3%] Built target tutorial_interfaces__cpp
[0.229s] [  6%] [32mBuilding C object CMakeFiles/tutorial_interfaces__rosidl_generator_c.dir/rosidl_generator_c/tutorial_interfaces/msg/detail/pose_stamped__functions.c.o[0m
[0.255s] [  6%] Built target ament_cmake_python_copy_tutorial_interfaces
[0.290s] [  9%] [32mBuilding CXX object CMakeFiles/tutorial_interfaces__rosidl_typesupport_fastrtps_cpp.dir/rosidl_typesupport_fastrtps_cpp/tutorial_interfaces/msg/detail/dds_fastrtps/pose_stamped__type_support.cpp.o[0m
[0.291s] [ 12%] [32mBuilding CXX object CMakeFiles/tutorial_interfaces__rosidl_typesupport_introspection_cpp.dir/rosidl_typesupport_introspection_cpp/tutorial_interfaces/msg/detail/pose_stamped__type_support.cpp.o[0m
[0.291s] [ 16%] [32mBuilding CXX object CMakeFiles/tutorial_interfaces__rosidl_typesupport_cpp.dir/rosidl_typesupport_cpp/tutorial_interfaces/msg/pose_stamped__type_support.cpp.o[0m
[0.303s] In file included from [01m[K/home/jacob/MTRN4231/lab1_workspace/build/tutorial_interfaces/rosidl_generator_c/tutorial_interfaces/msg/detail/pose_stamped__functions.h:19[m[K,
[0.303s]                  from [01m[K/home/jacob/MTRN4231/lab1_workspace/build/tutorial_interfaces/rosidl_generator_c/tutorial_interfaces/msg/detail/pose_stamped__functions.c:4[m[K:
[0.303s] [01m[K/home/jacob/MTRN4231/lab1_workspace/build/tutorial_interfaces/rosidl_generator_c/tutorial_interfaces/msg/detail/pose_stamped__struct.h:24:10:[m[K [01;31m[Kfatal error: [m[Krclcpp/msg/detail/time__struct.h: No such file or directory
[0.303s]    24 | #include [01;31m[K"rclcpp/msg/detail/time__struct.h"[m[K
[0.304s]       |          [01;31m[K^~~~~~~~~~~~~~~~~~~~~~~~~~~~~~~~~~[m[K
[0.304s] compilation terminated.
[0.307s] gmake[2]: *** [CMakeFiles/tutorial_interfaces__rosidl_generator_c.dir/build.make:167: CMakeFiles/tutorial_interfaces__rosidl_generator_c.dir/rosidl_generator_c/tutorial_interfaces/msg/detail/pose_stamped__functions.c.o] Error 1
[0.307s] gmake[1]: *** [CMakeFiles/Makefile2:213: CMakeFiles/tutorial_interfaces__rosidl_generator_c.dir/all] Error 2
[0.308s] gmake[1]: *** Waiting for unfinished jobs....
[0.551s] In file included from [01m[K/home/jacob/MTRN4231/lab1_workspace/build/tutorial_interfaces/rosidl_typesupport_cpp/tutorial_interfaces/msg/pose_stamped__type_support.cpp:7[m[K:
[0.552s] [01m[K/home/jacob/MTRN4231/lab1_workspace/build/tutorial_interfaces/rosidl_generator_cpp/tutorial_interfaces/msg/detail/pose_stamped__struct.hpp:22:10:[m[K [01;31m[Kfatal error: [m[Krclcpp/msg/detail/time__struct.hpp: No such file or directory
[0.553s]    22 | #include [01;31m[K"rclcpp/msg/detail/time__struct.hpp"[m[K
[0.553s]       |          [01;31m[K^~~~~~~~~~~~~~~~~~~~~~~~~~~~~~~~~~~~[m[K
[0.553s] compilation terminated.
[0.553s] In file included from [01m[K/home/jacob/MTRN4231/lab1_workspace/build/tutorial_interfaces/rosidl_typesupport_fastrtps_cpp/tutorial_interfaces/msg/detail/pose_stamped__rosidl_typesupport_fastrtps_cpp.hpp:11[m[K,
[0.554s]                  from [01m[K/home/jacob/MTRN4231/lab1_workspace/build/tutorial_interfaces/rosidl_typesupport_fastrtps_cpp/tutorial_interfaces/msg/detail/dds_fastrtps/pose_stamped__type_support.cpp:4[m[K:
[0.554s] [01m[K/home/jacob/MTRN4231/lab1_workspace/build/tutorial_interfaces/rosidl_generator_cpp/tutorial_interfaces/msg/detail/pose_stamped__struct.hpp:22:10:[m[K [01;31m[Kfatal error: [m[Krclcpp/msg/detail/time__struct.hpp: No such file or directory
[0.554s]    22 | #include [01;31m[K"rclcpp/msg/detail/time__struct.hpp"[m[K
[0.554s]       |          [01;31m[K^~~~~~~~~~~~~~~~~~~~~~~~~~~~~~~~~~~~[m[K
[0.555s] compilation terminated.
[0.558s] gmake[2]: *** [CMakeFiles/tutorial_interfaces__rosidl_typesupport_fastrtps_cpp.dir/build.make:153: CMakeFiles/tutorial_interfaces__rosidl_typesupport_fastrtps_cpp.dir/rosidl_typesupport_fastrtps_cpp/tutorial_interfaces/msg/detail/dds_fastrtps/pose_stamped__type_support.cpp.o] Error 1
[0.558s] gmake[2]: *** [CMakeFiles/tutorial_interfaces__rosidl_typesupport_cpp.dir/build.make:148: CMakeFiles/tutorial_interfaces__rosidl_typesupport_cpp.dir/rosidl_typesupport_cpp/tutorial_interfaces/msg/pose_stamped__type_support.cpp.o] Error 1
[0.559s] gmake[1]: *** [CMakeFiles/Makefile2:291: CMakeFiles/tutorial_interfaces__rosidl_typesupport_fastrtps_cpp.dir/all] Error 2
[0.559s] gmake[1]: *** [CMakeFiles/Makefile2:395: CMakeFiles/tutorial_interfaces__rosidl_typesupport_cpp.dir/all] Error 2
[0.571s] In file included from [01m[K/home/jacob/MTRN4231/lab1_workspace/build/tutorial_interfaces/rosidl_typesupport_introspection_cpp/tutorial_interfaces/msg/detail/pose_stamped__type_support.cpp:12[m[K:
[0.571s] [01m[K/home/jacob/MTRN4231/lab1_workspace/build/tutorial_interfaces/rosidl_generator_cpp/tutorial_interfaces/msg/detail/pose_stamped__struct.hpp:22:10:[m[K [01;31m[Kfatal error: [m[Krclcpp/msg/detail/time__struct.hpp: No such file or directory
[0.572s]    22 | #include [01;31m[K"rclcpp/msg/detail/time__struct.hpp"[m[K
[0.572s]       |          [01;31m[K^~~~~~~~~~~~~~~~~~~~~~~~~~~~~~~~~~~~[m[K
[0.572s] compilation terminated.
[0.577s] gmake[2]: *** [CMakeFiles/tutorial_interfaces__rosidl_typesupport_introspection_cpp.dir/build.make:153: CMakeFiles/tutorial_interfaces__rosidl_typesupport_introspection_cpp.dir/rosidl_typesupport_introspection_cpp/tutorial_interfaces/msg/detail/pose_stamped__type_support.cpp.o] Error 1
[0.577s] gmake[1]: *** [CMakeFiles/Makefile2:369: CMakeFiles/tutorial_interfaces__rosidl_typesupport_introspection_cpp.dir/all] Error 2
[1.033s] running egg_info
[1.037s] writing tutorial_interfaces.egg-info/PKG-INFO
[1.038s] writing dependency_links to tutorial_interfaces.egg-info/dependency_links.txt
[1.039s] writing top-level names to tutorial_interfaces.egg-info/top_level.txt
[1.046s] reading manifest file 'tutorial_interfaces.egg-info/SOURCES.txt'
[1.048s] writing manifest file 'tutorial_interfaces.egg-info/SOURCES.txt'
[1.106s] [ 16%] Built target ament_cmake_python_build_tutorial_interfaces_egg
[1.109s] gmake: *** [Makefile:146: all] Error 2
[1.116s] Invoked command in '/home/jacob/MTRN4231/lab1_workspace/build/tutorial_interfaces' returned '2': CMAKE_PREFIX_PATH=${CMAKE_PREFIX_PATH}:/opt/ros/humble /usr/bin/cmake --build /home/jacob/MTRN4231/lab1_workspace/build/tutorial_interfaces -- -j8 -l8
