[0.041s] Invoking command in '/home/jacob/MTRN4231/lab2_workspace/src/build/lab2_client_service': CMAKE_PREFIX_PATH=${CMAKE_PREFIX_PATH}:/opt/ros/humble /usr/bin/cmake --build /home/jacob/MTRN4231/lab2_workspace/src/build/lab2_client_service -- -j8 -l8
[0.169s] [35m[1mConsolidate compiler generated dependencies of target lookup_server[0m
[0.208s] [ 33%] Built target int_addition_server
[0.223s] [ 66%] Built target int_addition_client
[0.234s] [ 83%] [32mBuilding CXX object CMakeFiles/lookup_server.dir/src/lookup_server.cpp.o[0m
[5.960s] [01m[K/home/jacob/MTRN4231/lab2_workspace/src/lab2_client_service/src/lookup_server.cpp:[m[K In member function â€˜[01m[Kvoid LookupServer::getTF(std::shared_ptr<interface::srv::Lookup_Request_<std::allocator<void> > >, std::shared_ptr<interface::srv::Lookup_Response_<std::allocator<void> > >)[m[Kâ€™:
[5.960s] [01m[K/home/jacob/MTRN4231/lab2_workspace/src/lab2_client_service/src/lookup_server.cpp:26:5:[m[K [01;31m[Kerror: [m[Kâ€˜[01m[KfromFrameRel[m[Kâ€™ was not declared in this scope
[5.960s]    26 |     [01;31m[KfromFrameRel[m[K = "map";
[5.961s]       |     [01;31m[K^~~~~~~~~~~~[m[K
[5.975s] [01m[K/home/jacob/MTRN4231/lab2_workspace/src/lab2_client_service/src/lookup_server.cpp:27:5:[m[K [01;31m[Kerror: [m[Kâ€˜[01m[KtoFrameRel[m[Kâ€™ was not declared in this scope
[5.975s]    27 |     [01;31m[KtoFrameRel[m[K = "OOI";
[5.977s]       |     [01;31m[K^~~~~~~~~~[m[K
[5.978s] [01m[K/home/jacob/MTRN4231/lab2_workspace/src/lab2_client_service/src/lookup_server.cpp:29:47:[m[K [01;31m[Kerror: [m[Kâ€˜[01m[Kconst class std::shared_ptr<interface::srv::Lookup_Request_<std::allocator<void> > >[m[Kâ€™ has no member named â€˜[01m[Kfromfram[m[Kâ€™
[5.978s]    29 |       t = tf_buffer_->lookupTransform(request.[01;31m[Kfromfram[m[K, request.toframe, tf2::TimePointZero);
[5.978s]       |                                               [01;31m[K^~~~~~~~[m[K
[5.978s] [01m[K/home/jacob/MTRN4231/lab2_workspace/src/lab2_client_service/src/lookup_server.cpp:29:65:[m[K [01;31m[Kerror: [m[Kâ€˜[01m[Kconst class std::shared_ptr<interface::srv::Lookup_Request_<std::allocator<void> > >[m[Kâ€™ has no member named â€˜[01m[Ktoframe[m[Kâ€™
[5.978s]    29 |       t = tf_buffer_->lookupTransform(request.fromfram, request.[01;31m[Ktoframe[m[K, tf2::TimePointZero);
[5.978s]       |                                                                 [01;31m[K^~~~~~~[m[K
[5.978s] [01m[K/home/jacob/MTRN4231/lab2_workspace/src/lab2_client_service/src/lookup_server.cpp:35:20:[m[K [01;31m[Kerror: [m[Kâ€˜[01m[Kusing _pose_type = struct geometry_msgs::msg::Pose_<std::allocator<void> >[m[Kâ€™ {aka â€˜[01m[Kstruct geometry_msgs::msg::Pose_<std::allocator<void> >[m[Kâ€™} has no member named â€˜[01m[Ktranslation[m[Kâ€™
[5.979s]    35 |     response->pose.[01;31m[Ktranslation[m[K.x = t.transform.translation.x;
[5.979s]       |                    [01;31m[K^~~~~~~~~~~[m[K
[5.979s] [01m[K/home/jacob/MTRN4231/lab2_workspace/src/lab2_client_service/src/lookup_server.cpp:36:20:[m[K [01;31m[Kerror: [m[Kâ€˜[01m[Kusing _pose_type = struct geometry_msgs::msg::Pose_<std::allocator<void> >[m[Kâ€™ {aka â€˜[01m[Kstruct geometry_msgs::msg::Pose_<std::allocator<void> >[m[Kâ€™} has no member named â€˜[01m[Ktranslation[m[Kâ€™
[5.979s]    36 |     response->pose.[01;31m[Ktranslation[m[K.y = t.transform.translation.y;
[5.979s]       |                    [01;31m[K^~~~~~~~~~~[m[K
[5.979s] [01m[K/home/jacob/MTRN4231/lab2_workspace/src/lab2_client_service/src/lookup_server.cpp:37:20:[m[K [01;31m[Kerror: [m[Kâ€˜[01m[Kusing _pose_type = struct geometry_msgs::msg::Pose_<std::allocator<void> >[m[Kâ€™ {aka â€˜[01m[Kstruct geometry_msgs::msg::Pose_<std::allocator<void> >[m[Kâ€™} has no member named â€˜[01m[Ktranslation[m[Kâ€™
[5.979s]    37 |     response->pose.[01;31m[Ktranslation[m[K.z = t.transform.translation.z;
[5.979s]       |                    [01;31m[K^~~~~~~~~~~[m[K
[5.980s] [01m[K/home/jacob/MTRN4231/lab2_workspace/src/lab2_client_service/src/lookup_server.cpp:38:20:[m[K [01;31m[Kerror: [m[Kâ€˜[01m[Kusing _pose_type = struct geometry_msgs::msg::Pose_<std::allocator<void> >[m[Kâ€™ {aka â€˜[01m[Kstruct geometry_msgs::msg::Pose_<std::allocator<void> >[m[Kâ€™} has no member named â€˜[01m[Krotation[m[Kâ€™
[5.980s]    38 |     response->pose.[01;31m[Krotation[m[K.x = t.transform.rotation.x;
[5.980s]       |                    [01;31m[K^~~~~~~~[m[K
[5.980s] [01m[K/home/jacob/MTRN4231/lab2_workspace/src/lab2_client_service/src/lookup_server.cpp:39:20:[m[K [01;31m[Kerror: [m[Kâ€˜[01m[Kusing _pose_type = struct geometry_msgs::msg::Pose_<std::allocator<void> >[m[Kâ€™ {aka â€˜[01m[Kstruct geometry_msgs::msg::Pose_<std::allocator<void> >[m[Kâ€™} has no member named â€˜[01m[Krotation[m[Kâ€™
[5.980s]    39 |     response->pose.[01;31m[Krotation[m[K.y = t.transform.rotation.y;
[5.980s]       |                    [01;31m[K^~~~~~~~[m[K
[5.980s] [01m[K/home/jacob/MTRN4231/lab2_workspace/src/lab2_client_service/src/lookup_server.cpp:40:20:[m[K [01;31m[Kerror: [m[Kâ€˜[01m[Kusing _pose_type = struct geometry_msgs::msg::Pose_<std::allocator<void> >[m[Kâ€™ {aka â€˜[01m[Kstruct geometry_msgs::msg::Pose_<std::allocator<void> >[m[Kâ€™} has no member named â€˜[01m[Krotation[m[Kâ€™
[5.980s]    40 |     response->pose.[01;31m[Krotation[m[K.z = t.transform.rotation.z;
[5.981s]       |                    [01;31m[K^~~~~~~~[m[K
[5.981s] [01m[K/home/jacob/MTRN4231/lab2_workspace/src/lab2_client_service/src/lookup_server.cpp:41:20:[m[K [01;31m[Kerror: [m[Kâ€˜[01m[Kusing _pose_type = struct geometry_msgs::msg::Pose_<std::allocator<void> >[m[Kâ€™ {aka â€˜[01m[Kstruct geometry_msgs::msg::Pose_<std::allocator<void> >[m[Kâ€™} has no member named â€˜[01m[Krotation[m[Kâ€™
[5.981s]    41 |     response->pose.[01;31m[Krotation[m[K.w = t.transform.rotation.w;
[5.981s]       |                    [01;31m[K^~~~~~~~[m[K
[5.988s] [01m[K/home/jacob/MTRN4231/lab2_workspace/src/lab2_client_service/src/lookup_server.cpp:[m[K In function â€˜[01m[Kint main(int, char**)[m[Kâ€™:
[5.988s] [01m[K/home/jacob/MTRN4231/lab2_workspace/src/lab2_client_service/src/lookup_server.cpp:52:34:[m[K [01;31m[Kerror: [m[Kâ€˜[01m[KIntAdditionServer[m[Kâ€™ was not declared in this scope
[5.988s]    52 |   auto server = std::make_shared<[01;31m[KIntAdditionServer[m[K>();
[5.988s]       |                                  [01;31m[K^~~~~~~~~~~~~~~~~[m[K
[5.988s] [01m[K/home/jacob/MTRN4231/lab2_workspace/src/lab2_client_service/src/lookup_server.cpp:52:52:[m[K [01;31m[Kerror: [m[Kno matching function for call to â€˜[01m[Kmake_shared<<expression error> >()[m[Kâ€™
[5.988s]    52 |   auto server = [01;31m[Kstd::make_shared<IntAdditionServer>()[m[K;
[5.989s]       |                 [01;31m[K~~~~~~~~~~~~~~~~~~~~~~~~~~~~~~~~~~~^~[m[K
[5.989s] In file included from [01m[K/usr/include/c++/11/memory:77[m[K,
[5.989s]                  from [01m[K/opt/ros/humble/include/rclcpp/rclcpp/rclcpp.hpp:153[m[K,
[5.989s]                  from [01m[K/home/jacob/MTRN4231/lab2_workspace/src/lab2_client_service/src/lookup_server.cpp:2[m[K:
[5.989s] [01m[K/usr/include/c++/11/bits/shared_ptr.h:875:5:[m[K [01;36m[Knote: [m[Kcandidate: â€˜[01m[Ktemplate<class _Tp, class ... _Args> std::shared_ptr<_Tp> std::make_shared(_Args&& ...)[m[Kâ€™
[5.989s]   875 |     [01;36m[Kmake_shared[m[K(_Args&&... __args)
[5.989s]       |     [01;36m[K^~~~~~~~~~~[m[K
[5.989s] [01m[K/usr/include/c++/11/bits/shared_ptr.h:875:5:[m[K [01;36m[Knote: [m[K  template argument deduction/substitution failed:
[5.989s] [01m[K/home/jacob/MTRN4231/lab2_workspace/src/lab2_client_service/src/lookup_server.cpp:52:52:[m[K [01;31m[Kerror: [m[Ktemplate argument 1 is invalid
[5.989s]    52 |   auto server = [01;31m[Kstd::make_shared<IntAdditionServer>()[m[K;
[5.989s]       |                 [01;31m[K~~~~~~~~~~~~~~~~~~~~~~~~~~~~~~~~~~~^~[m[K
[7.527s] gmake[2]: *** [CMakeFiles/lookup_server.dir/build.make:76: CMakeFiles/lookup_server.dir/src/lookup_server.cpp.o] Error 1
[7.527s] gmake[1]: *** [CMakeFiles/Makefile2:193: CMakeFiles/lookup_server.dir/all] Error 2
[7.527s] gmake: *** [Makefile:146: all] Error 2
[7.531s] Invoked command in '/home/jacob/MTRN4231/lab2_workspace/src/build/lab2_client_service' returned '2': CMAKE_PREFIX_PATH=${CMAKE_PREFIX_PATH}:/opt/ros/humble /usr/bin/cmake --build /home/jacob/MTRN4231/lab2_workspace/src/build/lab2_client_service -- -j8 -l8
