-- Found ament_cmake: 1.3.12 (/opt/ros/humble/share/ament_cmake/cmake)
-- Found rclcpp: 16.0.14 (/opt/ros/humble/share/rclcpp/cmake)
-- Found rosidl_generator_c: 3.1.7 (/opt/ros/humble/share/rosidl_generator_c/cmake)
-- Found rosidl_adapter: 3.1.7 (/opt/ros/humble/share/rosidl_adapter/cmake)
-- Found rosidl_generator_cpp: 3.1.7 (/opt/ros/humble/share/rosidl_generator_cpp/cmake)
-- Using all available rosidl_typesupport_c: rosidl_typesupport_fastrtps_c;rosidl_typesupport_introspection_c
-- Using all available rosidl_typesupport_cpp: rosidl_typesupport_fastrtps_cpp;rosidl_typesupport_introspection_cpp
-- Found rmw_implementation_cmake: 6.1.2 (/opt/ros/humble/share/rmw_implementation_cmake/cmake)
-- Found rmw_fastrtps_cpp: 6.2.8 (/opt/ros/humble/share/rmw_fastrtps_cpp/cmake)
-- Using RMW implementation 'rmw_fastrtps_cpp' as default
-- Found example_interfaces: 0.9.3 (/opt/ros/humble/share/example_interfaces/cmake)
-- Found interface: 0.0.0 (/home/jacob/MTRN4231/lab2_workspace/src/install/interface/share/interface/cmake)
-- Configuring done
-- Generating done
-- Build files have been written to: /home/jacob/MTRN4231/lab2_workspace/src/build/lab2_client_service
[35m[1mConsolidate compiler generated dependencies of target int_addition_server[0m
[35m[1mConsolidate compiler generated dependencies of target int_addition_client[0m
[ 16%] [32mBuilding CXX object CMakeFiles/lookup_server.dir/src/lookup_server.cpp.o[0m
[ 83%] Built target int_addition_client
[ 66%] Built target int_addition_server
[01m[K/home/jacob/MTRN4231/lab2_workspace/src/lab2_client_service/src/lookup_server.cpp:40:19:[m[K [01;31m[Kerror: [m[Kâ€˜[01m[Kexample_interfaces[m[Kâ€™ was not declared in this scope; did you mean â€˜[01m[Krcl_interfaces[m[Kâ€™?
   40 |   rclcpp::Service<[01;31m[Kexample_interfaces[m[K::srv::AddTwoInts>::SharedPtr srv_;
      |                   [01;31m[K^~~~~~~~~~~~~~~~~~[m[K
      |                   [32m[Krcl_interfaces[m[K
[01m[K/home/jacob/MTRN4231/lab2_workspace/src/lab2_client_service/src/lookup_server.cpp:40:54:[m[K [01;31m[Kerror: [m[Ktemplate argument 1 is invalid
   40 |   rclcpp::Service<example_interfaces::srv::AddTwoInts[01;31m[K>[m[K::SharedPtr srv_;
      |                                                      [01;31m[K^[m[K
[01m[K/home/jacob/MTRN4231/lab2_workspace/src/lab2_client_service/src/lookup_server.cpp:40:57:[m[K [01;31m[Kerror: [m[Kexpected â€˜[01m[K;[m[Kâ€™ at end of member declaration
   40 |   rclcpp::Service<example_interfaces::srv::AddTwoInts>::[01;31m[KSharedPtr[m[K srv_;
      |                                                         [01;31m[K^~~~~~~~~[m[K
      |                                                                  [32m[K;[m[K
[01m[K/home/jacob/MTRN4231/lab2_workspace/src/lab2_client_service/src/lookup_server.cpp:40:67:[m[K [01;31m[Kerror: [m[Kâ€˜[01m[Ksrv_[m[Kâ€™ does not name a type
   40 |   rclcpp::Service<example_interfaces::srv::AddTwoInts>::SharedPtr [01;31m[Ksrv_[m[K;
      |                                                                   [01;31m[K^~~~[m[K
[01m[K/home/jacob/MTRN4231/lab2_workspace/src/lab2_client_service/src/lookup_server.cpp:41:19:[m[K [01;31m[Kerror: [m[Kâ€˜[01m[Ktf2_ros[m[Kâ€™ was not declared in this scope
   41 |   std::shared_ptr<[01;31m[Ktf2_ros[m[K::TransformListener> tf_listener_{nullptr};
      |                   [01;31m[K^~~~~~~[m[K
[01m[K/home/jacob/MTRN4231/lab2_workspace/src/lab2_client_service/src/lookup_server.cpp:41:45:[m[K [01;31m[Kerror: [m[Ktemplate argument 1 is invalid
   41 |   std::shared_ptr<tf2_ros::TransformListener[01;31m[K>[m[K tf_listener_{nullptr};
      |                                             [01;31m[K^[m[K
[01m[K/home/jacob/MTRN4231/lab2_workspace/src/lab2_client_service/src/lookup_server.cpp:42:19:[m[K [01;31m[Kerror: [m[Kâ€˜[01m[Ktf2_ros[m[Kâ€™ was not declared in this scope
   42 |   std::unique_ptr<[01;31m[Ktf2_ros[m[K::Buffer> tf_buffer_;
      |                   [01;31m[K^~~~~~~[m[K
[01m[K/home/jacob/MTRN4231/lab2_workspace/src/lab2_client_service/src/lookup_server.cpp:42:34:[m[K [01;31m[Kerror: [m[Ktemplate argument 1 is invalid
   42 |   std::unique_ptr<tf2_ros::Buffer[01;31m[K>[m[K tf_buffer_;
      |                                  [01;31m[K^[m[K
[01m[K/home/jacob/MTRN4231/lab2_workspace/src/lab2_client_service/src/lookup_server.cpp:42:34:[m[K [01;31m[Kerror: [m[Ktemplate argument 2 is invalid
[01m[K/home/jacob/MTRN4231/lab2_workspace/src/lab2_client_service/src/lookup_server.cpp:41:67:[m[K [01;31m[Kerror: [m[Kcannot convert â€˜[01m[K<brace-enclosed initializer list>[m[Kâ€™ to â€˜[01m[Kint[m[Kâ€™ in initialization
   41 |   std::shared_ptr<tf2_ros::TransformListener> tf_listener_{nullptr[01;31m[K}[m[K;
      |                                                                   [01;31m[K^[m[K
[01m[K/home/jacob/MTRN4231/lab2_workspace/src/lab2_client_service/src/lookup_server.cpp:[m[K In constructor â€˜[01m[KLookupServer::LookupServer()[m[Kâ€™:
[01m[K/home/jacob/MTRN4231/lab2_workspace/src/lab2_client_service/src/lookup_server.cpp:10:5:[m[K [01;31m[Kerror: [m[Kâ€˜[01m[Ksrv_[m[Kâ€™ was not declared in this scope
   10 |     [01;31m[Ksrv_[m[K = create_service<interface::srv::Lookup>("lookup_server",
      |     [01;31m[K^~~~[m[K
[01m[K/home/jacob/MTRN4231/lab2_workspace/src/lab2_client_service/src/lookup_server.cpp:12:35:[m[K [01;31m[Kerror: [m[Kâ€˜[01m[Ktf2_ros[m[Kâ€™ was not declared in this scope
   12 |     tf_buffer_ = std::make_unique<[01;31m[Ktf2_ros[m[K::Buffer>(this->get_clock());
      |                                   [01;31m[K^~~~~~~[m[K
[01m[K/home/jacob/MTRN4231/lab2_workspace/src/lab2_client_service/src/lookup_server.cpp:12:23:[m[K [01;31m[Kerror: [m[Kparse error in template argument list
   12 |     tf_buffer_ = std::[01;31m[Kmake_unique<tf2_ros::Buffer>[m[K(this->get_clock());
      |                       [01;31m[K^~~~~~~~~~~~~~~~~~~~~~~~~~~~[m[K
[01m[K/home/jacob/MTRN4231/lab2_workspace/src/lab2_client_service/src/lookup_server.cpp:12:51:[m[K [01;31m[Kerror: [m[Kno matching function for call to â€˜[01m[Kmake_unique<<expression error> >(rclcpp::Clock::SharedPtr)[m[Kâ€™
   12 |     tf_buffer_ = [01;31m[Kstd::make_unique<tf2_ros::Buffer>(this->get_clock())[m[K;
      |                  [01;31m[K~~~~~~~~~~~~~~~~~~~~~~~~~~~~~~~~~^~~~~~~~~~~~~~~~~~~[m[K
In file included from [01m[K/usr/include/c++/11/memory:76[m[K,
                 from [01m[K/opt/ros/humble/include/rclcpp/rclcpp/rclcpp.hpp:153[m[K,
                 from [01m[K/home/jacob/MTRN4231/lab2_workspace/src/lab2_client_service/src/lookup_server.cpp:2[m[K:
[01m[K/usr/include/c++/11/bits/unique_ptr.h:961:5:[m[K [01;36m[Knote: [m[Kcandidate: â€˜[01m[Ktemplate<class _Tp, class ... _Args> typename std::_MakeUniq<_Tp>::__single_object std::make_unique(_Args&& ...)[m[Kâ€™
  961 |     [01;36m[Kmake_unique[m[K(_Args&&... __args)
      |     [01;36m[K^~~~~~~~~~~[m[K
[01m[K/usr/include/c++/11/bits/unique_ptr.h:961:5:[m[K [01;36m[Knote: [m[K  template argument deduction/substitution failed:
[01m[K/home/jacob/MTRN4231/lab2_workspace/src/lab2_client_service/src/lookup_server.cpp:12:51:[m[K [01;31m[Kerror: [m[Ktemplate argument 1 is invalid
   12 |     tf_buffer_ = [01;31m[Kstd::make_unique<tf2_ros::Buffer>(this->get_clock())[m[K;
      |                  [01;31m[K~~~~~~~~~~~~~~~~~~~~~~~~~~~~~~~~~^~~~~~~~~~~~~~~~~~~[m[K
In file included from [01m[K/usr/include/c++/11/memory:76[m[K,
                 from [01m[K/opt/ros/humble/include/rclcpp/rclcpp/rclcpp.hpp:153[m[K,
                 from [01m[K/home/jacob/MTRN4231/lab2_workspace/src/lab2_client_service/src/lookup_server.cpp:2[m[K:
[01m[K/usr/include/c++/11/bits/unique_ptr.h:967:5:[m[K [01;36m[Knote: [m[Kcandidate: â€˜[01m[Ktemplate<class _Tp> typename std::_MakeUniq<_Tp>::__array std::make_unique(std::size_t)[m[Kâ€™
  967 |     [01;36m[Kmake_unique[m[K(size_t __num)
      |     [01;36m[K^~~~~~~~~~~[m[K
[01m[K/usr/include/c++/11/bits/unique_ptr.h:967:5:[m[K [01;36m[Knote: [m[K  template argument deduction/substitution failed:
[01m[K/home/jacob/MTRN4231/lab2_workspace/src/lab2_client_service/src/lookup_server.cpp:12:51:[m[K [01;31m[Kerror: [m[Ktemplate argument 1 is invalid
   12 |     tf_buffer_ = [01;31m[Kstd::make_unique<tf2_ros::Buffer>(this->get_clock())[m[K;
      |                  [01;31m[K~~~~~~~~~~~~~~~~~~~~~~~~~~~~~~~~~^~~~~~~~~~~~~~~~~~~[m[K
In file included from [01m[K/usr/include/c++/11/memory:76[m[K,
                 from [01m[K/opt/ros/humble/include/rclcpp/rclcpp/rclcpp.hpp:153[m[K,
                 from [01m[K/home/jacob/MTRN4231/lab2_workspace/src/lab2_client_service/src/lookup_server.cpp:2[m[K:
[01m[K/usr/include/c++/11/bits/unique_ptr.h:973:5:[m[K [01;36m[Knote: [m[Kcandidate: â€˜[01m[Ktemplate<class _Tp, class ... _Args> typename std::_MakeUniq<_Tp>::__invalid_type std::make_unique(_Args&& ...)[m[Kâ€™ (deleted)
  973 |     [01;36m[Kmake_unique[m[K(_Args&&...) = delete;
      |     [01;36m[K^~~~~~~~~~~[m[K
[01m[K/usr/include/c++/11/bits/unique_ptr.h:973:5:[m[K [01;36m[Knote: [m[K  template argument deduction/substitution failed:
[01m[K/home/jacob/MTRN4231/lab2_workspace/src/lab2_client_service/src/lookup_server.cpp:12:51:[m[K [01;31m[Kerror: [m[Ktemplate argument 1 is invalid
   12 |     tf_buffer_ = [01;31m[Kstd::make_unique<tf2_ros::Buffer>(this->get_clock())[m[K;
      |                  [01;31m[K~~~~~~~~~~~~~~~~~~~~~~~~~~~~~~~~~^~~~~~~~~~~~~~~~~~~[m[K
[01m[K/home/jacob/MTRN4231/lab2_workspace/src/lab2_client_service/src/lookup_server.cpp:13:25:[m[K [01;31m[Kerror: [m[Kparse error in template argument list
   13 |     tf_listener_ = std::[01;31m[Kmake_shared<tf2_ros::TransformListener>[m[K(*tf_buffer_);
      |                         [01;31m[K^~~~~~~~~~~~~~~~~~~~~~~~~~~~~~~~~~~~~~~[m[K
[01m[K/home/jacob/MTRN4231/lab2_workspace/src/lab2_client_service/src/lookup_server.cpp:13:65:[m[K [01;31m[Kerror: [m[Kinvalid type argument of unary â€˜[01m[K*[m[Kâ€™ (have â€˜[01m[Kint[m[Kâ€™)
   13 |     tf_listener_ = std::make_shared<tf2_ros::TransformListener>([01;31m[K*tf_buffer_[m[K);
      |                                                                 [01;31m[K^~~~~~~~~~~[m[K
[01m[K/home/jacob/MTRN4231/lab2_workspace/src/lab2_client_service/src/lookup_server.cpp:[m[K In member function â€˜[01m[Kvoid LookupServer::getTF(std::shared_ptr<interface::srv::Lookup_Request_<std::allocator<void> > >, std::shared_ptr<interface::srv::Lookup_Response_<std::allocator<void> > >)[m[Kâ€™:
[01m[K/home/jacob/MTRN4231/lab2_workspace/src/lab2_client_service/src/lookup_server.cpp:20:25:[m[K [01;31m[Kerror: [m[Kâ€˜[01m[KTransformStamped[m[Kâ€™ is not a member of â€˜[01m[Kgeometry_msgs::msg[m[Kâ€™
   20 |     geometry_msgs::msg::[01;31m[KTransformStamped[m[K t;
      |                         [01;31m[K^~~~~~~~~~~~~~~~[m[K
[01m[K/home/jacob/MTRN4231/lab2_workspace/src/lab2_client_service/src/lookup_server.cpp:22:5:[m[K [01;31m[Kerror: [m[Kâ€˜[01m[KfromFrameRel[m[Kâ€™ was not declared in this scope
   22 |     [01;31m[KfromFrameRel[m[K = "map";
      |     [01;31m[K^~~~~~~~~~~~[m[K
[01m[K/home/jacob/MTRN4231/lab2_workspace/src/lab2_client_service/src/lookup_server.cpp:23:5:[m[K [01;31m[Kerror: [m[Kâ€˜[01m[KtoFrameRel[m[Kâ€™ was not declared in this scope
   23 |     [01;31m[KtoFrameRel[m[K = "OOI";
      |     [01;31m[K^~~~~~~~~~[m[K
[01m[K/home/jacob/MTRN4231/lab2_workspace/src/lab2_client_service/src/lookup_server.cpp:25:7:[m[K [01;31m[Kerror: [m[Kâ€˜[01m[Kt[m[Kâ€™ was not declared in this scope; did you mean â€˜[01m[Ktm[m[Kâ€™?
   25 |       [01;31m[Kt[m[K = tf_buffer_->lookupTransform(request.fromfram, request.toframe, tf2::TimePointZero);
      |       [01;31m[K^[m[K
      |       [32m[Ktm[m[K
[01m[K/home/jacob/MTRN4231/lab2_workspace/src/lab2_client_service/src/lookup_server.cpp:25:21:[m[K [01;31m[Kerror: [m[Kbase operand of â€˜[01m[K->[m[Kâ€™ is not a pointer
   25 |       t = tf_buffer_[01;31m[K->[m[KlookupTransform(request.fromfram, request.toframe, tf2::TimePointZero);
      |                     [01;31m[K^~[m[K
[01m[K/home/jacob/MTRN4231/lab2_workspace/src/lab2_client_service/src/lookup_server.cpp:25:47:[m[K [01;31m[Kerror: [m[Kâ€˜[01m[Kconst class std::shared_ptr<interface::srv::Lookup_Request_<std::allocator<void> > >[m[Kâ€™ has no member named â€˜[01m[Kfromfram[m[Kâ€™
   25 |       t = tf_buffer_->lookupTransform(request.[01;31m[Kfromfram[m[K, request.toframe, tf2::TimePointZero);
      |                                               [01;31m[K^~~~~~~~[m[K
[01m[K/home/jacob/MTRN4231/lab2_workspace/src/lab2_client_service/src/lookup_server.cpp:25:65:[m[K [01;31m[Kerror: [m[Kâ€˜[01m[Kconst class std::shared_ptr<interface::srv::Lookup_Request_<std::allocator<void> > >[m[Kâ€™ has no member named â€˜[01m[Ktoframe[m[Kâ€™
   25 |       t = tf_buffer_->lookupTransform(request.fromfram, request.[01;31m[Ktoframe[m[K, tf2::TimePointZero);
      |                                                                 [01;31m[K^~~~~~~[m[K
[01m[K/home/jacob/MTRN4231/lab2_workspace/src/lab2_client_service/src/lookup_server.cpp:25:74:[m[K [01;31m[Kerror: [m[Kâ€˜[01m[Ktf2[m[Kâ€™ has not been declared
   25 |       t = tf_buffer_->lookupTransform(request.fromfram, request.toframe, [01;31m[Ktf2[m[K::TimePointZero);
      |                                                                          [01;31m[K^~~[m[K
[01m[K/home/jacob/MTRN4231/lab2_workspace/src/lab2_client_service/src/lookup_server.cpp:26:20:[m[K [01;31m[Kerror: [m[KISO C++ forbids declaration of â€˜[01m[Ktf2[m[Kâ€™ with no type [[01;31m[K]8;;https://gcc.gnu.org/onlinedocs/gcc/Warning-Options.html#index-fpermissive-fpermissive]8;;[m[K]
   26 |     } catch (const [01;31m[Ktf2[m[K::TransformException & ex) {
      |                    [01;31m[K^~~[m[K
[01m[K/home/jacob/MTRN4231/lab2_workspace/src/lab2_client_service/src/lookup_server.cpp:26:23:[m[K [01;31m[Kerror: [m[Kexpected â€˜[01m[K)[m[Kâ€™ before â€˜[01m[K::[m[Kâ€™ token
   26 |     } catch (const tf2[01;31m[K::[m[KTransformException & ex) {
      |                       [01;31m[K^~[m[K
[01m[K/home/jacob/MTRN4231/lab2_workspace/src/lab2_client_service/src/lookup_server.cpp:26:13:[m[K [01;36m[Knote: [m[Kto match this â€˜[01m[K([m[Kâ€™
   26 |     } catch [01;36m[K([m[Kconst tf2::TransformException & ex) {
      |             [01;36m[K^[m[K
[01m[K/home/jacob/MTRN4231/lab2_workspace/src/lab2_client_service/src/lookup_server.cpp:26:23:[m[K [01;31m[Kerror: [m[Kexpected â€˜[01m[K{[m[Kâ€™ before â€˜[01m[K::[m[Kâ€™ token
   26 |     } catch (const tf2[01;31m[K::[m[KTransformException & ex) {
      |                       [01;31m[K^~[m[K
[01m[K/home/jacob/MTRN4231/lab2_workspace/src/lab2_client_service/src/lookup_server.cpp:26:25:[m[K [01;31m[Kerror: [m[Kâ€˜[01m[K::TransformException[m[Kâ€™ has not been declared
   26 |     } catch (const tf2::[01;31m[KTransformException[m[K & ex) {
      |                         [01;31m[K^~~~~~~~~~~~~~~~~~[m[K
[01m[K/home/jacob/MTRN4231/lab2_workspace/src/lab2_client_service/src/lookup_server.cpp:26:46:[m[K [01;31m[Kerror: [m[Kâ€˜[01m[Kex[m[Kâ€™ was not declared in this scope; did you mean â€˜[01m[Kexp[m[Kâ€™?
   26 |     } catch (const tf2::TransformException & [01;31m[Kex[m[K) {
      |                                              [01;31m[K^~[m[K
      |                                              [32m[Kexp[m[K
[01m[K/home/jacob/MTRN4231/lab2_workspace/src/lab2_client_service/src/lookup_server.cpp:31:20:[m[K [01;31m[Kerror: [m[Kâ€˜[01m[Kusing _pose_type = struct geometry_msgs::msg::Pose_<std::allocator<void> >[m[Kâ€™ {aka â€˜[01m[Kstruct geometry_msgs::msg::Pose_<std::allocator<void> >[m[Kâ€™} has no member named â€˜[01m[Ktranslation[m[Kâ€™
   31 |     response->pose.[01;31m[Ktranslation[m[K.x = t.transform.translation.x;
      |                    [01;31m[K^~~~~~~~~~~[m[K
[01m[K/home/jacob/MTRN4231/lab2_workspace/src/lab2_client_service/src/lookup_server.cpp:31:36:[m[K [01;31m[Kerror: [m[Kâ€˜[01m[Kt[m[Kâ€™ was not declared in this scope; did you mean â€˜[01m[Ktm[m[Kâ€™?
   31 |     response->pose.translation.x = [01;31m[Kt[m[K.transform.translation.x;
      |                                    [01;31m[K^[m[K
      |                                    [32m[Ktm[m[K
[01m[K/home/jacob/MTRN4231/lab2_workspace/src/lab2_client_service/src/lookup_server.cpp:32:20:[m[K [01;31m[Kerror: [m[Kâ€˜[01m[Kusing _pose_type = struct geometry_msgs::msg::Pose_<std::allocator<void> >[m[Kâ€™ {aka â€˜[01m[Kstruct geometry_msgs::msg::Pose_<std::allocator<void> >[m[Kâ€™} has no member named â€˜[01m[Ktranslation[m[Kâ€™
   32 |     response->pose.[01;31m[Ktranslation[m[K.y = t.transform.translation.y;
      |                    [01;31m[K^~~~~~~~~~~[m[K
[01m[K/home/jacob/MTRN4231/lab2_workspace/src/lab2_client_service/src/lookup_server.cpp:33:20:[m[K [01;31m[Kerror: [m[Kâ€˜[01m[Kusing _pose_type = struct geometry_msgs::msg::Pose_<std::allocator<void> >[m[Kâ€™ {aka â€˜[01m[Kstruct geometry_msgs::msg::Pose_<std::allocator<void> >[m[Kâ€™} has no member named â€˜[01m[Ktranslation[m[Kâ€™
   33 |     response->pose.[01;31m[Ktranslation[m[K.z = t.transform.translation.z;
      |                    [01;31m[K^~~~~~~~~~~[m[K
[01m[K/home/jacob/MTRN4231/lab2_workspace/src/lab2_client_service/src/lookup_server.cpp:34:20:[m[K [01;31m[Kerror: [m[Kâ€˜[01m[Kusing _pose_type = struct geometry_msgs::msg::Pose_<std::allocator<void> >[m[Kâ€™ {aka â€˜[01m[Kstruct geometry_msgs::msg::Pose_<std::allocator<void> >[m[Kâ€™} has no member named â€˜[01m[Krotation[m[Kâ€™
   34 |     response->pose.[01;31m[Krotation[m[K.x = t.transform.rotation.x;
      |                    [01;31m[K^~~~~~~~[m[K
[01m[K/home/jacob/MTRN4231/lab2_workspace/src/lab2_client_service/src/lookup_server.cpp:35:20:[m[K [01;31m[Kerror: [m[Kâ€˜[01m[Kusing _pose_type = struct geometry_msgs::msg::Pose_<std::allocator<void> >[m[Kâ€™ {aka â€˜[01m[Kstruct geometry_msgs::msg::Pose_<std::allocator<void> >[m[Kâ€™} has no member named â€˜[01m[Krotation[m[Kâ€™
   35 |     response->pose.[01;31m[Krotation[m[K.y = t.transform.rotation.y;
      |                    [01;31m[K^~~~~~~~[m[K
[01m[K/home/jacob/MTRN4231/lab2_workspace/src/lab2_client_service/src/lookup_server.cpp:36:20:[m[K [01;31m[Kerror: [m[Kâ€˜[01m[Kusing _pose_type = struct geometry_msgs::msg::Pose_<std::allocator<void> >[m[Kâ€™ {aka â€˜[01m[Kstruct geometry_msgs::msg::Pose_<std::allocator<void> >[m[Kâ€™} has no member named â€˜[01m[Krotation[m[Kâ€™
   36 |     response->pose.[01;31m[Krotation[m[K.z = t.transform.rotation.z;
      |                    [01;31m[K^~~~~~~~[m[K
[01m[K/home/jacob/MTRN4231/lab2_workspace/src/lab2_client_service/src/lookup_server.cpp:37:20:[m[K [01;31m[Kerror: [m[Kâ€˜[01m[Kusing _pose_type = struct geometry_msgs::msg::Pose_<std::allocator<void> >[m[Kâ€™ {aka â€˜[01m[Kstruct geometry_msgs::msg::Pose_<std::allocator<void> >[m[Kâ€™} has no member named â€˜[01m[Krotation[m[Kâ€™
   37 |     response->pose.[01;31m[Krotation[m[K.w = t.transform.rotation.w;
      |                    [01;31m[K^~~~~~~~[m[K
[01m[K/home/jacob/MTRN4231/lab2_workspace/src/lab2_client_service/src/lookup_server.cpp:[m[K In function â€˜[01m[Kint main(int, char**)[m[Kâ€™:
[01m[K/home/jacob/MTRN4231/lab2_workspace/src/lab2_client_service/src/lookup_server.cpp:48:34:[m[K [01;31m[Kerror: [m[Kâ€˜[01m[KIntAdditionServer[m[Kâ€™ was not declared in this scope
   48 |   auto server = std::make_shared<[01;31m[KIntAdditionServer[m[K>();
      |                                  [01;31m[K^~~~~~~~~~~~~~~~~[m[K
[01m[K/home/jacob/MTRN4231/lab2_workspace/src/lab2_client_service/src/lookup_server.cpp:48:52:[m[K [01;31m[Kerror: [m[Kno matching function for call to â€˜[01m[Kmake_shared<<expression error> >()[m[Kâ€™
   48 |   auto server = [01;31m[Kstd::make_shared<IntAdditionServer>()[m[K;
      |                 [01;31m[K~~~~~~~~~~~~~~~~~~~~~~~~~~~~~~~~~~~^~[m[K
In file included from [01m[K/usr/include/c++/11/memory:77[m[K,
                 from [01m[K/opt/ros/humble/include/rclcpp/rclcpp/rclcpp.hpp:153[m[K,
                 from [01m[K/home/jacob/MTRN4231/lab2_workspace/src/lab2_client_service/src/lookup_server.cpp:2[m[K:
[01m[K/usr/include/c++/11/bits/shared_ptr.h:875:5:[m[K [01;36m[Knote: [m[Kcandidate: â€˜[01m[Ktemplate<class _Tp, class ... _Args> std::shared_ptr<_Tp> std::make_shared(_Args&& ...)[m[Kâ€™
  875 |     [01;36m[Kmake_shared[m[K(_Args&&... __args)
      |     [01;36m[K^~~~~~~~~~~[m[K
[01m[K/usr/include/c++/11/bits/shared_ptr.h:875:5:[m[K [01;36m[Knote: [m[K  template argument deduction/substitution failed:
[01m[K/home/jacob/MTRN4231/lab2_workspace/src/lab2_client_service/src/lookup_server.cpp:48:52:[m[K [01;31m[Kerror: [m[Ktemplate argument 1 is invalid
   48 |   auto server = [01;31m[Kstd::make_shared<IntAdditionServer>()[m[K;
      |                 [01;31m[K~~~~~~~~~~~~~~~~~~~~~~~~~~~~~~~~~~~^~[m[K
gmake[2]: *** [CMakeFiles/lookup_server.dir/build.make:76: CMakeFiles/lookup_server.dir/src/lookup_server.cpp.o] Error 1
gmake[1]: *** [CMakeFiles/Makefile2:193: CMakeFiles/lookup_server.dir/all] Error 2
gmake: *** [Makefile:146: all] Error 2
