[0.041s] Invoking command in '/home/jacob/MTRN4231/lab2_workspace/src/build/lab2_client_service': CMAKE_PREFIX_PATH=${CMAKE_PREFIX_PATH}:/opt/ros/humble /usr/bin/cmake --build /home/jacob/MTRN4231/lab2_workspace/src/build/lab2_client_service -- -j8 -l8
[0.095s] -- Found ament_cmake: 1.3.12 (/opt/ros/humble/share/ament_cmake/cmake)
[0.426s] -- Found rclcpp: 16.0.14 (/opt/ros/humble/share/rclcpp/cmake)
[0.502s] -- Found rosidl_generator_c: 3.1.7 (/opt/ros/humble/share/rosidl_generator_c/cmake)
[0.509s] -- Found rosidl_adapter: 3.1.7 (/opt/ros/humble/share/rosidl_adapter/cmake)
[0.522s] -- Found rosidl_generator_cpp: 3.1.7 (/opt/ros/humble/share/rosidl_generator_cpp/cmake)
[0.540s] -- Using all available rosidl_typesupport_c: rosidl_typesupport_fastrtps_c;rosidl_typesupport_introspection_c
[0.570s] -- Using all available rosidl_typesupport_cpp: rosidl_typesupport_fastrtps_cpp;rosidl_typesupport_introspection_cpp
[0.633s] -- Found rmw_implementation_cmake: 6.1.2 (/opt/ros/humble/share/rmw_implementation_cmake/cmake)
[0.636s] -- Found rmw_fastrtps_cpp: 6.2.8 (/opt/ros/humble/share/rmw_fastrtps_cpp/cmake)
[0.805s] -- Using RMW implementation 'rmw_fastrtps_cpp' as default
[0.933s] -- Found example_interfaces: 0.9.3 (/opt/ros/humble/share/example_interfaces/cmake)
[1.082s] -- Found interface: 0.0.0 (/home/jacob/MTRN4231/lab2_workspace/src/install/interface/share/interface/cmake)
[1.288s] -- Configuring done
[1.317s] -- Generating done
[1.331s] -- Build files have been written to: /home/jacob/MTRN4231/lab2_workspace/src/build/lab2_client_service
[1.368s] [35m[1mConsolidate compiler generated dependencies of target int_addition_server[0m
[1.368s] [35m[1mConsolidate compiler generated dependencies of target int_addition_client[0m
[1.383s] [ 16%] [32mBuilding CXX object CMakeFiles/lookup_server.dir/src/lookup_server.cpp.o[0m
[1.395s] [ 83%] Built target int_addition_client
[1.395s] [ 66%] Built target int_addition_server
[5.255s] [01m[K/home/jacob/MTRN4231/lab2_workspace/src/lab2_client_service/src/lookup_server.cpp:40:19:[m[K [01;31m[Kerror: [m[Kâ€˜[01m[Kexample_interfaces[m[Kâ€™ was not declared in this scope; did you mean â€˜[01m[Krcl_interfaces[m[Kâ€™?
[5.255s]    40 |   rclcpp::Service<[01;31m[Kexample_interfaces[m[K::srv::AddTwoInts>::SharedPtr srv_;
[5.255s]       |                   [01;31m[K^~~~~~~~~~~~~~~~~~[m[K
[5.255s]       |                   [32m[Krcl_interfaces[m[K
[5.255s] [01m[K/home/jacob/MTRN4231/lab2_workspace/src/lab2_client_service/src/lookup_server.cpp:40:54:[m[K [01;31m[Kerror: [m[Ktemplate argument 1 is invalid
[5.255s]    40 |   rclcpp::Service<example_interfaces::srv::AddTwoInts[01;31m[K>[m[K::SharedPtr srv_;
[5.256s]       |                                                      [01;31m[K^[m[K
[5.256s] [01m[K/home/jacob/MTRN4231/lab2_workspace/src/lab2_client_service/src/lookup_server.cpp:40:57:[m[K [01;31m[Kerror: [m[Kexpected â€˜[01m[K;[m[Kâ€™ at end of member declaration
[5.256s]    40 |   rclcpp::Service<example_interfaces::srv::AddTwoInts>::[01;31m[KSharedPtr[m[K srv_;
[5.257s]       |                                                         [01;31m[K^~~~~~~~~[m[K
[5.257s]       |                                                                  [32m[K;[m[K
[5.257s] [01m[K/home/jacob/MTRN4231/lab2_workspace/src/lab2_client_service/src/lookup_server.cpp:40:67:[m[K [01;31m[Kerror: [m[Kâ€˜[01m[Ksrv_[m[Kâ€™ does not name a type
[5.258s]    40 |   rclcpp::Service<example_interfaces::srv::AddTwoInts>::SharedPtr [01;31m[Ksrv_[m[K;
[5.258s]       |                                                                   [01;31m[K^~~~[m[K
[5.267s] [01m[K/home/jacob/MTRN4231/lab2_workspace/src/lab2_client_service/src/lookup_server.cpp:41:19:[m[K [01;31m[Kerror: [m[Kâ€˜[01m[Ktf2_ros[m[Kâ€™ was not declared in this scope
[5.267s]    41 |   std::shared_ptr<[01;31m[Ktf2_ros[m[K::TransformListener> tf_listener_{nullptr};
[5.268s]       |                   [01;31m[K^~~~~~~[m[K
[5.268s] [01m[K/home/jacob/MTRN4231/lab2_workspace/src/lab2_client_service/src/lookup_server.cpp:41:45:[m[K [01;31m[Kerror: [m[Ktemplate argument 1 is invalid
[5.268s]    41 |   std::shared_ptr<tf2_ros::TransformListener[01;31m[K>[m[K tf_listener_{nullptr};
[5.268s]       |                                             [01;31m[K^[m[K
[5.276s] [01m[K/home/jacob/MTRN4231/lab2_workspace/src/lab2_client_service/src/lookup_server.cpp:42:19:[m[K [01;31m[Kerror: [m[Kâ€˜[01m[Ktf2_ros[m[Kâ€™ was not declared in this scope
[5.276s]    42 |   std::unique_ptr<[01;31m[Ktf2_ros[m[K::Buffer> tf_buffer_;
[5.277s]       |                   [01;31m[K^~~~~~~[m[K
[5.277s] [01m[K/home/jacob/MTRN4231/lab2_workspace/src/lab2_client_service/src/lookup_server.cpp:42:34:[m[K [01;31m[Kerror: [m[Ktemplate argument 1 is invalid
[5.277s]    42 |   std::unique_ptr<tf2_ros::Buffer[01;31m[K>[m[K tf_buffer_;
[5.277s]       |                                  [01;31m[K^[m[K
[5.277s] [01m[K/home/jacob/MTRN4231/lab2_workspace/src/lab2_client_service/src/lookup_server.cpp:42:34:[m[K [01;31m[Kerror: [m[Ktemplate argument 2 is invalid
[5.277s] [01m[K/home/jacob/MTRN4231/lab2_workspace/src/lab2_client_service/src/lookup_server.cpp:41:67:[m[K [01;31m[Kerror: [m[Kcannot convert â€˜[01m[K<brace-enclosed initializer list>[m[Kâ€™ to â€˜[01m[Kint[m[Kâ€™ in initialization
[5.277s]    41 |   std::shared_ptr<tf2_ros::TransformListener> tf_listener_{nullptr[01;31m[K}[m[K;
[5.277s]       |                                                                   [01;31m[K^[m[K
[5.285s] [01m[K/home/jacob/MTRN4231/lab2_workspace/src/lab2_client_service/src/lookup_server.cpp:[m[K In constructor â€˜[01m[KLookupServer::LookupServer()[m[Kâ€™:
[5.285s] [01m[K/home/jacob/MTRN4231/lab2_workspace/src/lab2_client_service/src/lookup_server.cpp:10:5:[m[K [01;31m[Kerror: [m[Kâ€˜[01m[Ksrv_[m[Kâ€™ was not declared in this scope
[5.285s]    10 |     [01;31m[Ksrv_[m[K = create_service<interface::srv::Lookup>("lookup_server",
[5.285s]       |     [01;31m[K^~~~[m[K
[5.320s] [01m[K/home/jacob/MTRN4231/lab2_workspace/src/lab2_client_service/src/lookup_server.cpp:12:35:[m[K [01;31m[Kerror: [m[Kâ€˜[01m[Ktf2_ros[m[Kâ€™ was not declared in this scope
[5.321s]    12 |     tf_buffer_ = std::make_unique<[01;31m[Ktf2_ros[m[K::Buffer>(this->get_clock());
[5.321s]       |                                   [01;31m[K^~~~~~~[m[K
[5.321s] [01m[K/home/jacob/MTRN4231/lab2_workspace/src/lab2_client_service/src/lookup_server.cpp:12:23:[m[K [01;31m[Kerror: [m[Kparse error in template argument list
[5.321s]    12 |     tf_buffer_ = std::[01;31m[Kmake_unique<tf2_ros::Buffer>[m[K(this->get_clock());
[5.321s]       |                       [01;31m[K^~~~~~~~~~~~~~~~~~~~~~~~~~~~[m[K
[5.321s] [01m[K/home/jacob/MTRN4231/lab2_workspace/src/lab2_client_service/src/lookup_server.cpp:12:51:[m[K [01;31m[Kerror: [m[Kno matching function for call to â€˜[01m[Kmake_unique<<expression error> >(rclcpp::Clock::SharedPtr)[m[Kâ€™
[5.322s]    12 |     tf_buffer_ = [01;31m[Kstd::make_unique<tf2_ros::Buffer>(this->get_clock())[m[K;
[5.322s]       |                  [01;31m[K~~~~~~~~~~~~~~~~~~~~~~~~~~~~~~~~~^~~~~~~~~~~~~~~~~~~[m[K
[5.326s] In file included from [01m[K/usr/include/c++/11/memory:76[m[K,
[5.326s]                  from [01m[K/opt/ros/humble/include/rclcpp/rclcpp/rclcpp.hpp:153[m[K,
[5.326s]                  from [01m[K/home/jacob/MTRN4231/lab2_workspace/src/lab2_client_service/src/lookup_server.cpp:2[m[K:
[5.327s] [01m[K/usr/include/c++/11/bits/unique_ptr.h:961:5:[m[K [01;36m[Knote: [m[Kcandidate: â€˜[01m[Ktemplate<class _Tp, class ... _Args> typename std::_MakeUniq<_Tp>::__single_object std::make_unique(_Args&& ...)[m[Kâ€™
[5.327s]   961 |     [01;36m[Kmake_unique[m[K(_Args&&... __args)
[5.327s]       |     [01;36m[K^~~~~~~~~~~[m[K
[5.327s] [01m[K/usr/include/c++/11/bits/unique_ptr.h:961:5:[m[K [01;36m[Knote: [m[K  template argument deduction/substitution failed:
[5.327s] [01m[K/home/jacob/MTRN4231/lab2_workspace/src/lab2_client_service/src/lookup_server.cpp:12:51:[m[K [01;31m[Kerror: [m[Ktemplate argument 1 is invalid
[5.327s]    12 |     tf_buffer_ = [01;31m[Kstd::make_unique<tf2_ros::Buffer>(this->get_clock())[m[K;
[5.327s]       |                  [01;31m[K~~~~~~~~~~~~~~~~~~~~~~~~~~~~~~~~~^~~~~~~~~~~~~~~~~~~[m[K
[5.327s] In file included from [01m[K/usr/include/c++/11/memory:76[m[K,
[5.327s]                  from [01m[K/opt/ros/humble/include/rclcpp/rclcpp/rclcpp.hpp:153[m[K,
[5.327s]                  from [01m[K/home/jacob/MTRN4231/lab2_workspace/src/lab2_client_service/src/lookup_server.cpp:2[m[K:
[5.327s] [01m[K/usr/include/c++/11/bits/unique_ptr.h:967:5:[m[K [01;36m[Knote: [m[Kcandidate: â€˜[01m[Ktemplate<class _Tp> typename std::_MakeUniq<_Tp>::__array std::make_unique(std::size_t)[m[Kâ€™
[5.327s]   967 |     [01;36m[Kmake_unique[m[K(size_t __num)
[5.327s]       |     [01;36m[K^~~~~~~~~~~[m[K
[5.327s] [01m[K/usr/include/c++/11/bits/unique_ptr.h:967:5:[m[K [01;36m[Knote: [m[K  template argument deduction/substitution failed:
[5.328s] [01m[K/home/jacob/MTRN4231/lab2_workspace/src/lab2_client_service/src/lookup_server.cpp:12:51:[m[K [01;31m[Kerror: [m[Ktemplate argument 1 is invalid
[5.328s]    12 |     tf_buffer_ = [01;31m[Kstd::make_unique<tf2_ros::Buffer>(this->get_clock())[m[K;
[5.328s]       |                  [01;31m[K~~~~~~~~~~~~~~~~~~~~~~~~~~~~~~~~~^~~~~~~~~~~~~~~~~~~[m[K
[5.328s] In file included from [01m[K/usr/include/c++/11/memory:76[m[K,
[5.328s]                  from [01m[K/opt/ros/humble/include/rclcpp/rclcpp/rclcpp.hpp:153[m[K,
[5.328s]                  from [01m[K/home/jacob/MTRN4231/lab2_workspace/src/lab2_client_service/src/lookup_server.cpp:2[m[K:
[5.328s] [01m[K/usr/include/c++/11/bits/unique_ptr.h:973:5:[m[K [01;36m[Knote: [m[Kcandidate: â€˜[01m[Ktemplate<class _Tp, class ... _Args> typename std::_MakeUniq<_Tp>::__invalid_type std::make_unique(_Args&& ...)[m[Kâ€™ (deleted)
[5.328s]   973 |     [01;36m[Kmake_unique[m[K(_Args&&...) = delete;
[5.328s]       |     [01;36m[K^~~~~~~~~~~[m[K
[5.328s] [01m[K/usr/include/c++/11/bits/unique_ptr.h:973:5:[m[K [01;36m[Knote: [m[K  template argument deduction/substitution failed:
[5.328s] [01m[K/home/jacob/MTRN4231/lab2_workspace/src/lab2_client_service/src/lookup_server.cpp:12:51:[m[K [01;31m[Kerror: [m[Ktemplate argument 1 is invalid
[5.328s]    12 |     tf_buffer_ = [01;31m[Kstd::make_unique<tf2_ros::Buffer>(this->get_clock())[m[K;
[5.328s]       |                  [01;31m[K~~~~~~~~~~~~~~~~~~~~~~~~~~~~~~~~~^~~~~~~~~~~~~~~~~~~[m[K
[5.328s] [01m[K/home/jacob/MTRN4231/lab2_workspace/src/lab2_client_service/src/lookup_server.cpp:13:25:[m[K [01;31m[Kerror: [m[Kparse error in template argument list
[5.328s]    13 |     tf_listener_ = std::[01;31m[Kmake_shared<tf2_ros::TransformListener>[m[K(*tf_buffer_);
[5.329s]       |                         [01;31m[K^~~~~~~~~~~~~~~~~~~~~~~~~~~~~~~~~~~~~~~[m[K
[5.329s] [01m[K/home/jacob/MTRN4231/lab2_workspace/src/lab2_client_service/src/lookup_server.cpp:13:65:[m[K [01;31m[Kerror: [m[Kinvalid type argument of unary â€˜[01m[K*[m[Kâ€™ (have â€˜[01m[Kint[m[Kâ€™)
[5.329s]    13 |     tf_listener_ = std::make_shared<tf2_ros::TransformListener>([01;31m[K*tf_buffer_[m[K);
[5.329s]       |                                                                 [01;31m[K^~~~~~~~~~~[m[K
[5.334s] [01m[K/home/jacob/MTRN4231/lab2_workspace/src/lab2_client_service/src/lookup_server.cpp:[m[K In member function â€˜[01m[Kvoid LookupServer::getTF(std::shared_ptr<interface::srv::Lookup_Request_<std::allocator<void> > >, std::shared_ptr<interface::srv::Lookup_Response_<std::allocator<void> > >)[m[Kâ€™:
[5.334s] [01m[K/home/jacob/MTRN4231/lab2_workspace/src/lab2_client_service/src/lookup_server.cpp:20:25:[m[K [01;31m[Kerror: [m[Kâ€˜[01m[KTransformStamped[m[Kâ€™ is not a member of â€˜[01m[Kgeometry_msgs::msg[m[Kâ€™
[5.334s]    20 |     geometry_msgs::msg::[01;31m[KTransformStamped[m[K t;
[5.334s]       |                         [01;31m[K^~~~~~~~~~~~~~~~[m[K
[5.348s] [01m[K/home/jacob/MTRN4231/lab2_workspace/src/lab2_client_service/src/lookup_server.cpp:22:5:[m[K [01;31m[Kerror: [m[Kâ€˜[01m[KfromFrameRel[m[Kâ€™ was not declared in this scope
[5.348s]    22 |     [01;31m[KfromFrameRel[m[K = "map";
[5.348s]       |     [01;31m[K^~~~~~~~~~~~[m[K
[5.359s] [01m[K/home/jacob/MTRN4231/lab2_workspace/src/lab2_client_service/src/lookup_server.cpp:23:5:[m[K [01;31m[Kerror: [m[Kâ€˜[01m[KtoFrameRel[m[Kâ€™ was not declared in this scope
[5.359s]    23 |     [01;31m[KtoFrameRel[m[K = "OOI";
[5.360s]       |     [01;31m[K^~~~~~~~~~[m[K
[5.366s] [01m[K/home/jacob/MTRN4231/lab2_workspace/src/lab2_client_service/src/lookup_server.cpp:25:7:[m[K [01;31m[Kerror: [m[Kâ€˜[01m[Kt[m[Kâ€™ was not declared in this scope; did you mean â€˜[01m[Ktm[m[Kâ€™?
[5.366s]    25 |       [01;31m[Kt[m[K = tf_buffer_->lookupTransform(request.fromfram, request.toframe, tf2::TimePointZero);
[5.366s]       |       [01;31m[K^[m[K
[5.366s]       |       [32m[Ktm[m[K
[5.366s] [01m[K/home/jacob/MTRN4231/lab2_workspace/src/lab2_client_service/src/lookup_server.cpp:25:21:[m[K [01;31m[Kerror: [m[Kbase operand of â€˜[01m[K->[m[Kâ€™ is not a pointer
[5.367s]    25 |       t = tf_buffer_[01;31m[K->[m[KlookupTransform(request.fromfram, request.toframe, tf2::TimePointZero);
[5.367s]       |                     [01;31m[K^~[m[K
[5.367s] [01m[K/home/jacob/MTRN4231/lab2_workspace/src/lab2_client_service/src/lookup_server.cpp:25:47:[m[K [01;31m[Kerror: [m[Kâ€˜[01m[Kconst class std::shared_ptr<interface::srv::Lookup_Request_<std::allocator<void> > >[m[Kâ€™ has no member named â€˜[01m[Kfromfram[m[Kâ€™
[5.367s]    25 |       t = tf_buffer_->lookupTransform(request.[01;31m[Kfromfram[m[K, request.toframe, tf2::TimePointZero);
[5.367s]       |                                               [01;31m[K^~~~~~~~[m[K
[5.367s] [01m[K/home/jacob/MTRN4231/lab2_workspace/src/lab2_client_service/src/lookup_server.cpp:25:65:[m[K [01;31m[Kerror: [m[Kâ€˜[01m[Kconst class std::shared_ptr<interface::srv::Lookup_Request_<std::allocator<void> > >[m[Kâ€™ has no member named â€˜[01m[Ktoframe[m[Kâ€™
[5.367s]    25 |       t = tf_buffer_->lookupTransform(request.fromfram, request.[01;31m[Ktoframe[m[K, tf2::TimePointZero);
[5.367s]       |                                                                 [01;31m[K^~~~~~~[m[K
[5.367s] [01m[K/home/jacob/MTRN4231/lab2_workspace/src/lab2_client_service/src/lookup_server.cpp:25:74:[m[K [01;31m[Kerror: [m[Kâ€˜[01m[Ktf2[m[Kâ€™ has not been declared
[5.367s]    25 |       t = tf_buffer_->lookupTransform(request.fromfram, request.toframe, [01;31m[Ktf2[m[K::TimePointZero);
[5.367s]       |                                                                          [01;31m[K^~~[m[K
[5.367s] [01m[K/home/jacob/MTRN4231/lab2_workspace/src/lab2_client_service/src/lookup_server.cpp:26:20:[m[K [01;31m[Kerror: [m[KISO C++ forbids declaration of â€˜[01m[Ktf2[m[Kâ€™ with no type [[01;31m[K]8;;https://gcc.gnu.org/onlinedocs/gcc/Warning-Options.html#index-fpermissive-fpermissive]8;;[m[K]
[5.367s]    26 |     } catch (const [01;31m[Ktf2[m[K::TransformException & ex) {
[5.368s]       |                    [01;31m[K^~~[m[K
[5.368s] [01m[K/home/jacob/MTRN4231/lab2_workspace/src/lab2_client_service/src/lookup_server.cpp:26:23:[m[K [01;31m[Kerror: [m[Kexpected â€˜[01m[K)[m[Kâ€™ before â€˜[01m[K::[m[Kâ€™ token
[5.368s]    26 |     } catch (const tf2[01;31m[K::[m[KTransformException & ex) {
[5.368s]       |                       [01;31m[K^~[m[K
[5.368s] [01m[K/home/jacob/MTRN4231/lab2_workspace/src/lab2_client_service/src/lookup_server.cpp:26:13:[m[K [01;36m[Knote: [m[Kto match this â€˜[01m[K([m[Kâ€™
[5.368s]    26 |     } catch [01;36m[K([m[Kconst tf2::TransformException & ex) {
[5.368s]       |             [01;36m[K^[m[K
[5.368s] [01m[K/home/jacob/MTRN4231/lab2_workspace/src/lab2_client_service/src/lookup_server.cpp:26:23:[m[K [01;31m[Kerror: [m[Kexpected â€˜[01m[K{[m[Kâ€™ before â€˜[01m[K::[m[Kâ€™ token
[5.368s]    26 |     } catch (const tf2[01;31m[K::[m[KTransformException & ex) {
[5.368s]       |                       [01;31m[K^~[m[K
[5.389s] [01m[K/home/jacob/MTRN4231/lab2_workspace/src/lab2_client_service/src/lookup_server.cpp:26:25:[m[K [01;31m[Kerror: [m[Kâ€˜[01m[K::TransformException[m[Kâ€™ has not been declared
[5.389s]    26 |     } catch (const tf2::[01;31m[KTransformException[m[K & ex) {
[5.390s]       |                         [01;31m[K^~~~~~~~~~~~~~~~~~[m[K
[5.395s] [01m[K/home/jacob/MTRN4231/lab2_workspace/src/lab2_client_service/src/lookup_server.cpp:26:46:[m[K [01;31m[Kerror: [m[Kâ€˜[01m[Kex[m[Kâ€™ was not declared in this scope; did you mean â€˜[01m[Kexp[m[Kâ€™?
[5.395s]    26 |     } catch (const tf2::TransformException & [01;31m[Kex[m[K) {
[5.395s]       |                                              [01;31m[K^~[m[K
[5.395s]       |                                              [32m[Kexp[m[K
[5.396s] [01m[K/home/jacob/MTRN4231/lab2_workspace/src/lab2_client_service/src/lookup_server.cpp:31:20:[m[K [01;31m[Kerror: [m[Kâ€˜[01m[Kusing _pose_type = struct geometry_msgs::msg::Pose_<std::allocator<void> >[m[Kâ€™ {aka â€˜[01m[Kstruct geometry_msgs::msg::Pose_<std::allocator<void> >[m[Kâ€™} has no member named â€˜[01m[Ktranslation[m[Kâ€™
[5.396s]    31 |     response->pose.[01;31m[Ktranslation[m[K.x = t.transform.translation.x;
[5.396s]       |                    [01;31m[K^~~~~~~~~~~[m[K
[5.403s] [01m[K/home/jacob/MTRN4231/lab2_workspace/src/lab2_client_service/src/lookup_server.cpp:31:36:[m[K [01;31m[Kerror: [m[Kâ€˜[01m[Kt[m[Kâ€™ was not declared in this scope; did you mean â€˜[01m[Ktm[m[Kâ€™?
[5.403s]    31 |     response->pose.translation.x = [01;31m[Kt[m[K.transform.translation.x;
[5.403s]       |                                    [01;31m[K^[m[K
[5.403s]       |                                    [32m[Ktm[m[K
[5.403s] [01m[K/home/jacob/MTRN4231/lab2_workspace/src/lab2_client_service/src/lookup_server.cpp:32:20:[m[K [01;31m[Kerror: [m[Kâ€˜[01m[Kusing _pose_type = struct geometry_msgs::msg::Pose_<std::allocator<void> >[m[Kâ€™ {aka â€˜[01m[Kstruct geometry_msgs::msg::Pose_<std::allocator<void> >[m[Kâ€™} has no member named â€˜[01m[Ktranslation[m[Kâ€™
[5.404s]    32 |     response->pose.[01;31m[Ktranslation[m[K.y = t.transform.translation.y;
[5.404s]       |                    [01;31m[K^~~~~~~~~~~[m[K
[5.404s] [01m[K/home/jacob/MTRN4231/lab2_workspace/src/lab2_client_service/src/lookup_server.cpp:33:20:[m[K [01;31m[Kerror: [m[Kâ€˜[01m[Kusing _pose_type = struct geometry_msgs::msg::Pose_<std::allocator<void> >[m[Kâ€™ {aka â€˜[01m[Kstruct geometry_msgs::msg::Pose_<std::allocator<void> >[m[Kâ€™} has no member named â€˜[01m[Ktranslation[m[Kâ€™
[5.404s]    33 |     response->pose.[01;31m[Ktranslation[m[K.z = t.transform.translation.z;
[5.404s]       |                    [01;31m[K^~~~~~~~~~~[m[K
[5.404s] [01m[K/home/jacob/MTRN4231/lab2_workspace/src/lab2_client_service/src/lookup_server.cpp:34:20:[m[K [01;31m[Kerror: [m[Kâ€˜[01m[Kusing _pose_type = struct geometry_msgs::msg::Pose_<std::allocator<void> >[m[Kâ€™ {aka â€˜[01m[Kstruct geometry_msgs::msg::Pose_<std::allocator<void> >[m[Kâ€™} has no member named â€˜[01m[Krotation[m[Kâ€™
[5.404s]    34 |     response->pose.[01;31m[Krotation[m[K.x = t.transform.rotation.x;
[5.404s]       |                    [01;31m[K^~~~~~~~[m[K
[5.404s] [01m[K/home/jacob/MTRN4231/lab2_workspace/src/lab2_client_service/src/lookup_server.cpp:35:20:[m[K [01;31m[Kerror: [m[Kâ€˜[01m[Kusing _pose_type = struct geometry_msgs::msg::Pose_<std::allocator<void> >[m[Kâ€™ {aka â€˜[01m[Kstruct geometry_msgs::msg::Pose_<std::allocator<void> >[m[Kâ€™} has no member named â€˜[01m[Krotation[m[Kâ€™
[5.405s]    35 |     response->pose.[01;31m[Krotation[m[K.y = t.transform.rotation.y;
[5.405s]       |                    [01;31m[K^~~~~~~~[m[K
[5.405s] [01m[K/home/jacob/MTRN4231/lab2_workspace/src/lab2_client_service/src/lookup_server.cpp:36:20:[m[K [01;31m[Kerror: [m[Kâ€˜[01m[Kusing _pose_type = struct geometry_msgs::msg::Pose_<std::allocator<void> >[m[Kâ€™ {aka â€˜[01m[Kstruct geometry_msgs::msg::Pose_<std::allocator<void> >[m[Kâ€™} has no member named â€˜[01m[Krotation[m[Kâ€™
[5.405s]    36 |     response->pose.[01;31m[Krotation[m[K.z = t.transform.rotation.z;
[5.405s]       |                    [01;31m[K^~~~~~~~[m[K
[5.405s] [01m[K/home/jacob/MTRN4231/lab2_workspace/src/lab2_client_service/src/lookup_server.cpp:37:20:[m[K [01;31m[Kerror: [m[Kâ€˜[01m[Kusing _pose_type = struct geometry_msgs::msg::Pose_<std::allocator<void> >[m[Kâ€™ {aka â€˜[01m[Kstruct geometry_msgs::msg::Pose_<std::allocator<void> >[m[Kâ€™} has no member named â€˜[01m[Krotation[m[Kâ€™
[5.405s]    37 |     response->pose.[01;31m[Krotation[m[K.w = t.transform.rotation.w;
[5.405s]       |                    [01;31m[K^~~~~~~~[m[K
[5.417s] [01m[K/home/jacob/MTRN4231/lab2_workspace/src/lab2_client_service/src/lookup_server.cpp:[m[K In function â€˜[01m[Kint main(int, char**)[m[Kâ€™:
[5.417s] [01m[K/home/jacob/MTRN4231/lab2_workspace/src/lab2_client_service/src/lookup_server.cpp:48:34:[m[K [01;31m[Kerror: [m[Kâ€˜[01m[KIntAdditionServer[m[Kâ€™ was not declared in this scope
[5.417s]    48 |   auto server = std::make_shared<[01;31m[KIntAdditionServer[m[K>();
[5.417s]       |                                  [01;31m[K^~~~~~~~~~~~~~~~~[m[K
[5.417s] [01m[K/home/jacob/MTRN4231/lab2_workspace/src/lab2_client_service/src/lookup_server.cpp:48:52:[m[K [01;31m[Kerror: [m[Kno matching function for call to â€˜[01m[Kmake_shared<<expression error> >()[m[Kâ€™
[5.417s]    48 |   auto server = [01;31m[Kstd::make_shared<IntAdditionServer>()[m[K;
[5.417s]       |                 [01;31m[K~~~~~~~~~~~~~~~~~~~~~~~~~~~~~~~~~~~^~[m[K
[5.417s] In file included from [01m[K/usr/include/c++/11/memory:77[m[K,
[5.418s]                  from [01m[K/opt/ros/humble/include/rclcpp/rclcpp/rclcpp.hpp:153[m[K,
[5.418s]                  from [01m[K/home/jacob/MTRN4231/lab2_workspace/src/lab2_client_service/src/lookup_server.cpp:2[m[K:
[5.418s] [01m[K/usr/include/c++/11/bits/shared_ptr.h:875:5:[m[K [01;36m[Knote: [m[Kcandidate: â€˜[01m[Ktemplate<class _Tp, class ... _Args> std::shared_ptr<_Tp> std::make_shared(_Args&& ...)[m[Kâ€™
[5.418s]   875 |     [01;36m[Kmake_shared[m[K(_Args&&... __args)
[5.418s]       |     [01;36m[K^~~~~~~~~~~[m[K
[5.418s] [01m[K/usr/include/c++/11/bits/shared_ptr.h:875:5:[m[K [01;36m[Knote: [m[K  template argument deduction/substitution failed:
[5.418s] [01m[K/home/jacob/MTRN4231/lab2_workspace/src/lab2_client_service/src/lookup_server.cpp:48:52:[m[K [01;31m[Kerror: [m[Ktemplate argument 1 is invalid
[5.418s]    48 |   auto server = [01;31m[Kstd::make_shared<IntAdditionServer>()[m[K;
[5.418s]       |                 [01;31m[K~~~~~~~~~~~~~~~~~~~~~~~~~~~~~~~~~~~^~[m[K
[6.472s] gmake[2]: *** [CMakeFiles/lookup_server.dir/build.make:76: CMakeFiles/lookup_server.dir/src/lookup_server.cpp.o] Error 1
[6.473s] gmake[1]: *** [CMakeFiles/Makefile2:193: CMakeFiles/lookup_server.dir/all] Error 2
[6.473s] gmake: *** [Makefile:146: all] Error 2
[6.476s] Invoked command in '/home/jacob/MTRN4231/lab2_workspace/src/build/lab2_client_service' returned '2': CMAKE_PREFIX_PATH=${CMAKE_PREFIX_PATH}:/opt/ros/humble /usr/bin/cmake --build /home/jacob/MTRN4231/lab2_workspace/src/build/lab2_client_service -- -j8 -l8
