[0.042s] Invoking command in '/home/jacob/MTRN4231/lab2_workspace/src/build/lab2_client_service': CMAKE_PREFIX_PATH=${CMAKE_PREFIX_PATH}:/opt/ros/humble /usr/bin/cmake --build /home/jacob/MTRN4231/lab2_workspace/src/build/lab2_client_service -- -j8 -l8
[0.105s] -- Found ament_cmake: 1.3.12 (/opt/ros/humble/share/ament_cmake/cmake)
[0.424s] -- Found rclcpp: 16.0.14 (/opt/ros/humble/share/rclcpp/cmake)
[0.500s] -- Found rosidl_generator_c: 3.1.7 (/opt/ros/humble/share/rosidl_generator_c/cmake)
[0.505s] -- Found rosidl_adapter: 3.1.7 (/opt/ros/humble/share/rosidl_adapter/cmake)
[0.518s] -- Found rosidl_generator_cpp: 3.1.7 (/opt/ros/humble/share/rosidl_generator_cpp/cmake)
[0.544s] -- Using all available rosidl_typesupport_c: rosidl_typesupport_fastrtps_c;rosidl_typesupport_introspection_c
[0.570s] -- Using all available rosidl_typesupport_cpp: rosidl_typesupport_fastrtps_cpp;rosidl_typesupport_introspection_cpp
[0.643s] -- Found rmw_implementation_cmake: 6.1.2 (/opt/ros/humble/share/rmw_implementation_cmake/cmake)
[0.645s] -- Found rmw_fastrtps_cpp: 6.2.8 (/opt/ros/humble/share/rmw_fastrtps_cpp/cmake)
[0.785s] -- Using RMW implementation 'rmw_fastrtps_cpp' as default
[0.870s] -- Found example_interfaces: 0.9.3 (/opt/ros/humble/share/example_interfaces/cmake)
[0.933s] -- Found interface: 0.0.0 (/home/jacob/MTRN4231/lab2_workspace/src/install/interface/share/interface/cmake)
[0.989s] -- Found tf2_ros: 0.25.16 (/opt/ros/humble/share/tf2_ros/cmake)
[1.308s] -- Configuring done
[1.341s] -- Generating done
[1.351s] -- Build files have been written to: /home/jacob/MTRN4231/lab2_workspace/src/build/lab2_client_service
[1.456s] [35m[1mConsolidate compiler generated dependencies of target int_addition_server[0m
[1.457s] [35m[1mConsolidate compiler generated dependencies of target int_addition_client[0m
[1.465s] [35m[1mConsolidate compiler generated dependencies of target lookup_server[0m
[1.503s] [ 33%] Built target int_addition_client
[1.504s] [ 66%] Built target int_addition_server
[1.509s] [ 83%] [32mBuilding CXX object CMakeFiles/lookup_server.dir/src/lookup_server.cpp.o[0m
[5.950s] [01m[K/home/jacob/MTRN4231/lab2_workspace/src/lab2_client_service/src/lookup_server.cpp:44:19:[m[K [01;31m[Kerror: [m[Kâ€˜[01m[Kexample_interfaces[m[Kâ€™ was not declared in this scope; did you mean â€˜[01m[Krcl_interfaces[m[Kâ€™?
[5.950s]    44 |   rclcpp::Service<[01;31m[Kexample_interfaces[m[K::srv::AddTwoInts>::SharedPtr srv_;
[5.951s]       |                   [01;31m[K^~~~~~~~~~~~~~~~~~[m[K
[5.951s]       |                   [32m[Krcl_interfaces[m[K
[5.951s] [01m[K/home/jacob/MTRN4231/lab2_workspace/src/lab2_client_service/src/lookup_server.cpp:44:54:[m[K [01;31m[Kerror: [m[Ktemplate argument 1 is invalid
[5.951s]    44 |   rclcpp::Service<example_interfaces::srv::AddTwoInts[01;31m[K>[m[K::SharedPtr srv_;
[5.951s]       |                                                      [01;31m[K^[m[K
[5.951s] [01m[K/home/jacob/MTRN4231/lab2_workspace/src/lab2_client_service/src/lookup_server.cpp:44:57:[m[K [01;31m[Kerror: [m[Kexpected â€˜[01m[K;[m[Kâ€™ at end of member declaration
[5.951s]    44 |   rclcpp::Service<example_interfaces::srv::AddTwoInts>::[01;31m[KSharedPtr[m[K srv_;
[5.951s]       |                                                         [01;31m[K^~~~~~~~~[m[K
[5.952s]       |                                                                  [32m[K;[m[K
[5.952s] [01m[K/home/jacob/MTRN4231/lab2_workspace/src/lab2_client_service/src/lookup_server.cpp:44:67:[m[K [01;31m[Kerror: [m[Kâ€˜[01m[Ksrv_[m[Kâ€™ does not name a type
[5.952s]    44 |   rclcpp::Service<example_interfaces::srv::AddTwoInts>::SharedPtr [01;31m[Ksrv_[m[K;
[5.952s]       |                                                                   [01;31m[K^~~~[m[K
[6.006s] [01m[K/home/jacob/MTRN4231/lab2_workspace/src/lab2_client_service/src/lookup_server.cpp:[m[K In constructor â€˜[01m[KLookupServer::LookupServer()[m[Kâ€™:
[6.007s] [01m[K/home/jacob/MTRN4231/lab2_workspace/src/lab2_client_service/src/lookup_server.cpp:14:5:[m[K [01;31m[Kerror: [m[Kâ€˜[01m[Ksrv_[m[Kâ€™ was not declared in this scope
[6.007s]    14 |     [01;31m[Ksrv_[m[K = create_service<interface::srv::Lookup>("lookup_server",
[6.007s]       |     [01;31m[K^~~~[m[K
[6.058s] [01m[K/home/jacob/MTRN4231/lab2_workspace/src/lab2_client_service/src/lookup_server.cpp:[m[K In member function â€˜[01m[Kvoid LookupServer::getTF(std::shared_ptr<interface::srv::Lookup_Request_<std::allocator<void> > >, std::shared_ptr<interface::srv::Lookup_Response_<std::allocator<void> > >)[m[Kâ€™:
[6.059s] [01m[K/home/jacob/MTRN4231/lab2_workspace/src/lab2_client_service/src/lookup_server.cpp:26:5:[m[K [01;31m[Kerror: [m[Kâ€˜[01m[KfromFrameRel[m[Kâ€™ was not declared in this scope
[6.059s]    26 |     [01;31m[KfromFrameRel[m[K = "map";
[6.059s]       |     [01;31m[K^~~~~~~~~~~~[m[K
[6.067s] [01m[K/home/jacob/MTRN4231/lab2_workspace/src/lab2_client_service/src/lookup_server.cpp:27:5:[m[K [01;31m[Kerror: [m[Kâ€˜[01m[KtoFrameRel[m[Kâ€™ was not declared in this scope
[6.067s]    27 |     [01;31m[KtoFrameRel[m[K = "OOI";
[6.067s]       |     [01;31m[K^~~~~~~~~~[m[K
[6.067s] [01m[K/home/jacob/MTRN4231/lab2_workspace/src/lab2_client_service/src/lookup_server.cpp:29:47:[m[K [01;31m[Kerror: [m[Kâ€˜[01m[Kconst class std::shared_ptr<interface::srv::Lookup_Request_<std::allocator<void> > >[m[Kâ€™ has no member named â€˜[01m[Kfromfram[m[Kâ€™
[6.067s]    29 |       t = tf_buffer_->lookupTransform(request.[01;31m[Kfromfram[m[K, request.toframe, tf2::TimePointZero);
[6.067s]       |                                               [01;31m[K^~~~~~~~[m[K
[6.067s] [01m[K/home/jacob/MTRN4231/lab2_workspace/src/lab2_client_service/src/lookup_server.cpp:29:65:[m[K [01;31m[Kerror: [m[Kâ€˜[01m[Kconst class std::shared_ptr<interface::srv::Lookup_Request_<std::allocator<void> > >[m[Kâ€™ has no member named â€˜[01m[Ktoframe[m[Kâ€™
[6.067s]    29 |       t = tf_buffer_->lookupTransform(request.fromfram, request.[01;31m[Ktoframe[m[K, tf2::TimePointZero);
[6.067s]       |                                                                 [01;31m[K^~~~~~~[m[K
[6.067s] [01m[K/home/jacob/MTRN4231/lab2_workspace/src/lab2_client_service/src/lookup_server.cpp:35:20:[m[K [01;31m[Kerror: [m[Kâ€˜[01m[Kusing _pose_type = struct geometry_msgs::msg::Pose_<std::allocator<void> >[m[Kâ€™ {aka â€˜[01m[Kstruct geometry_msgs::msg::Pose_<std::allocator<void> >[m[Kâ€™} has no member named â€˜[01m[Ktranslation[m[Kâ€™
[6.068s]    35 |     response->pose.[01;31m[Ktranslation[m[K.x = t.transform.translation.x;
[6.068s]       |                    [01;31m[K^~~~~~~~~~~[m[K
[6.068s] [01m[K/home/jacob/MTRN4231/lab2_workspace/src/lab2_client_service/src/lookup_server.cpp:36:20:[m[K [01;31m[Kerror: [m[Kâ€˜[01m[Kusing _pose_type = struct geometry_msgs::msg::Pose_<std::allocator<void> >[m[Kâ€™ {aka â€˜[01m[Kstruct geometry_msgs::msg::Pose_<std::allocator<void> >[m[Kâ€™} has no member named â€˜[01m[Ktranslation[m[Kâ€™
[6.068s]    36 |     response->pose.[01;31m[Ktranslation[m[K.y = t.transform.translation.y;
[6.068s]       |                    [01;31m[K^~~~~~~~~~~[m[K
[6.068s] [01m[K/home/jacob/MTRN4231/lab2_workspace/src/lab2_client_service/src/lookup_server.cpp:37:20:[m[K [01;31m[Kerror: [m[Kâ€˜[01m[Kusing _pose_type = struct geometry_msgs::msg::Pose_<std::allocator<void> >[m[Kâ€™ {aka â€˜[01m[Kstruct geometry_msgs::msg::Pose_<std::allocator<void> >[m[Kâ€™} has no member named â€˜[01m[Ktranslation[m[Kâ€™
[6.068s]    37 |     response->pose.[01;31m[Ktranslation[m[K.z = t.transform.translation.z;
[6.068s]       |                    [01;31m[K^~~~~~~~~~~[m[K
[6.068s] [01m[K/home/jacob/MTRN4231/lab2_workspace/src/lab2_client_service/src/lookup_server.cpp:38:20:[m[K [01;31m[Kerror: [m[Kâ€˜[01m[Kusing _pose_type = struct geometry_msgs::msg::Pose_<std::allocator<void> >[m[Kâ€™ {aka â€˜[01m[Kstruct geometry_msgs::msg::Pose_<std::allocator<void> >[m[Kâ€™} has no member named â€˜[01m[Krotation[m[Kâ€™
[6.068s]    38 |     response->pose.[01;31m[Krotation[m[K.x = t.transform.rotation.x;
[6.069s]       |                    [01;31m[K^~~~~~~~[m[K
[6.069s] [01m[K/home/jacob/MTRN4231/lab2_workspace/src/lab2_client_service/src/lookup_server.cpp:39:20:[m[K [01;31m[Kerror: [m[Kâ€˜[01m[Kusing _pose_type = struct geometry_msgs::msg::Pose_<std::allocator<void> >[m[Kâ€™ {aka â€˜[01m[Kstruct geometry_msgs::msg::Pose_<std::allocator<void> >[m[Kâ€™} has no member named â€˜[01m[Krotation[m[Kâ€™
[6.069s]    39 |     response->pose.[01;31m[Krotation[m[K.y = t.transform.rotation.y;
[6.069s]       |                    [01;31m[K^~~~~~~~[m[K
[6.069s] [01m[K/home/jacob/MTRN4231/lab2_workspace/src/lab2_client_service/src/lookup_server.cpp:40:20:[m[K [01;31m[Kerror: [m[Kâ€˜[01m[Kusing _pose_type = struct geometry_msgs::msg::Pose_<std::allocator<void> >[m[Kâ€™ {aka â€˜[01m[Kstruct geometry_msgs::msg::Pose_<std::allocator<void> >[m[Kâ€™} has no member named â€˜[01m[Krotation[m[Kâ€™
[6.069s]    40 |     response->pose.[01;31m[Krotation[m[K.z = t.transform.rotation.z;
[6.069s]       |                    [01;31m[K^~~~~~~~[m[K
[6.069s] [01m[K/home/jacob/MTRN4231/lab2_workspace/src/lab2_client_service/src/lookup_server.cpp:41:20:[m[K [01;31m[Kerror: [m[Kâ€˜[01m[Kusing _pose_type = struct geometry_msgs::msg::Pose_<std::allocator<void> >[m[Kâ€™ {aka â€˜[01m[Kstruct geometry_msgs::msg::Pose_<std::allocator<void> >[m[Kâ€™} has no member named â€˜[01m[Krotation[m[Kâ€™
[6.069s]    41 |     response->pose.[01;31m[Krotation[m[K.w = t.transform.rotation.w;
[6.069s]       |                    [01;31m[K^~~~~~~~[m[K
[6.076s] [01m[K/home/jacob/MTRN4231/lab2_workspace/src/lab2_client_service/src/lookup_server.cpp:[m[K In function â€˜[01m[Kint main(int, char**)[m[Kâ€™:
[6.076s] [01m[K/home/jacob/MTRN4231/lab2_workspace/src/lab2_client_service/src/lookup_server.cpp:52:34:[m[K [01;31m[Kerror: [m[Kâ€˜[01m[KIntAdditionServer[m[Kâ€™ was not declared in this scope
[6.077s]    52 |   auto server = std::make_shared<[01;31m[KIntAdditionServer[m[K>();
[6.077s]       |                                  [01;31m[K^~~~~~~~~~~~~~~~~[m[K
[6.077s] [01m[K/home/jacob/MTRN4231/lab2_workspace/src/lab2_client_service/src/lookup_server.cpp:52:52:[m[K [01;31m[Kerror: [m[Kno matching function for call to â€˜[01m[Kmake_shared<<expression error> >()[m[Kâ€™
[6.077s]    52 |   auto server = [01;31m[Kstd::make_shared<IntAdditionServer>()[m[K;
[6.077s]       |                 [01;31m[K~~~~~~~~~~~~~~~~~~~~~~~~~~~~~~~~~~~^~[m[K
[6.077s] In file included from [01m[K/usr/include/c++/11/memory:77[m[K,
[6.077s]                  from [01m[K/opt/ros/humble/include/rclcpp/rclcpp/rclcpp.hpp:153[m[K,
[6.077s]                  from [01m[K/home/jacob/MTRN4231/lab2_workspace/src/lab2_client_service/src/lookup_server.cpp:2[m[K:
[6.078s] [01m[K/usr/include/c++/11/bits/shared_ptr.h:875:5:[m[K [01;36m[Knote: [m[Kcandidate: â€˜[01m[Ktemplate<class _Tp, class ... _Args> std::shared_ptr<_Tp> std::make_shared(_Args&& ...)[m[Kâ€™
[6.078s]   875 |     [01;36m[Kmake_shared[m[K(_Args&&... __args)
[6.078s]       |     [01;36m[K^~~~~~~~~~~[m[K
[6.078s] [01m[K/usr/include/c++/11/bits/shared_ptr.h:875:5:[m[K [01;36m[Knote: [m[K  template argument deduction/substitution failed:
[6.078s] [01m[K/home/jacob/MTRN4231/lab2_workspace/src/lab2_client_service/src/lookup_server.cpp:52:52:[m[K [01;31m[Kerror: [m[Ktemplate argument 1 is invalid
[6.078s]    52 |   auto server = [01;31m[Kstd::make_shared<IntAdditionServer>()[m[K;
[6.078s]       |                 [01;31m[K~~~~~~~~~~~~~~~~~~~~~~~~~~~~~~~~~~~^~[m[K
[7.109s] gmake[2]: *** [CMakeFiles/lookup_server.dir/build.make:76: CMakeFiles/lookup_server.dir/src/lookup_server.cpp.o] Error 1
[7.109s] gmake[1]: *** [CMakeFiles/Makefile2:193: CMakeFiles/lookup_server.dir/all] Error 2
[7.109s] gmake: *** [Makefile:146: all] Error 2
[7.112s] Invoked command in '/home/jacob/MTRN4231/lab2_workspace/src/build/lab2_client_service' returned '2': CMAKE_PREFIX_PATH=${CMAKE_PREFIX_PATH}:/opt/ros/humble /usr/bin/cmake --build /home/jacob/MTRN4231/lab2_workspace/src/build/lab2_client_service -- -j8 -l8
