[0.086s] Invoking command in '/home/jacob/MTRN4231/lab1_workspace/build/cpp_pubsub': CMAKE_PREFIX_PATH=${CMAKE_PREFIX_PATH}:/opt/ros/humble /usr/bin/cmake --build /home/jacob/MTRN4231/lab1_workspace/build/cpp_pubsub -- -j8 -l8
[0.270s] [35m[1mConsolidate compiler generated dependencies of target talker[0m
[0.518s] [ 50%] Built target listener
[0.523s] [ 75%] [32mBuilding CXX object CMakeFiles/talker.dir/src/publisher_member_function.cpp.o[0m
[9.102s] [01m[K/home/jacob/MTRN4231/lab1_workspace/src/cpp_pubsub/src/publisher_member_function.cpp:[m[K In constructor â€˜[01m[KMinimalPublisher::MinimalPublisher()[m[Kâ€™:
[9.102s] [01m[K/home/jacob/MTRN4231/lab1_workspace/src/cpp_pubsub/src/publisher_member_function.cpp:37:67:[m[K [01;31m[Kerror: [m[Kâ€˜[01m[KPoseStamped[m[Kâ€™ is not a member of â€˜[01m[Ktutorial_interfaces::msg[m[Kâ€™; did you mean â€˜[01m[KPosestamped[m[Kâ€™?
[9.103s]    37 |     publisher_ = this->create_publisher<tutorial_interfaces::msg::[01;31m[KPoseStamped[m[K>("lab1_topic", 10);
[9.103s]       |                                                                   [01;31m[K^~~~~~~~~~~[m[K
[9.104s]       |                                                                   [32m[KPosestamped[m[K
[9.104s] [01m[K/home/jacob/MTRN4231/lab1_workspace/src/cpp_pubsub/src/publisher_member_function.cpp:37:79:[m[K [01;31m[Kerror: [m[Kno matching function for call to â€˜[01m[KMinimalPublisher::create_publisher<<expression error> >(const char [11], int)[m[Kâ€™
[9.104s]    37 |     publisher_ = [01;31m[Kthis->create_publisher<tutorial_interfaces::msg::PoseStamped>("lab1_topic", 10)[m[K;
[9.104s]       |                  [01;31m[K~~~~~~~~~~~~~~~~~~~~~~~~~~~~~~~~~~~~~~~~~~~~~~~~~~~~~~~~~~~~~^~~~~~~~~~~~~~~~~~[m[K
[9.104s] In file included from [01m[K/opt/ros/humble/include/rclcpp/rclcpp/executors/single_threaded_executor.hpp:28[m[K,
[9.104s]                  from [01m[K/opt/ros/humble/include/rclcpp/rclcpp/executors.hpp:22[m[K,
[9.105s]                  from [01m[K/opt/ros/humble/include/rclcpp/rclcpp/rclcpp.hpp:155[m[K,
[9.105s]                  from [01m[K/home/jacob/MTRN4231/lab1_workspace/src/cpp_pubsub/src/publisher_member_function.cpp:20[m[K:
[9.105s] [01m[K/opt/ros/humble/include/rclcpp/rclcpp/node.hpp:195:3:[m[K [01;36m[Knote: [m[Kcandidate: â€˜[01m[Ktemplate<class MessageT, class AllocatorT, class PublisherT> std::shared_ptr<PublisherT> rclcpp::Node::create_publisher(const string&, const rclcpp::QoS&, const rclcpp::PublisherOptionsWithAllocator<AllocatorT>&)[m[Kâ€™
[9.105s]   195 |   [01;36m[Kcreate_publisher[m[K(
[9.105s]       |   [01;36m[K^~~~~~~~~~~~~~~~[m[K
[9.106s] [01m[K/opt/ros/humble/include/rclcpp/rclcpp/node.hpp:195:3:[m[K [01;36m[Knote: [m[K  template argument deduction/substitution failed:
[9.106s] [01m[K/home/jacob/MTRN4231/lab1_workspace/src/cpp_pubsub/src/publisher_member_function.cpp:37:79:[m[K [01;31m[Kerror: [m[Ktemplate argument 1 is invalid
[9.106s]    37 |     publisher_ = [01;31m[Kthis->create_publisher<tutorial_interfaces::msg::PoseStamped>("lab1_topic", 10)[m[K;
[9.106s]       |                  [01;31m[K~~~~~~~~~~~~~~~~~~~~~~~~~~~~~~~~~~~~~~~~~~~~~~~~~~~~~~~~~~~~~^~~~~~~~~~~~~~~~~~[m[K
[9.140s] [01m[K/home/jacob/MTRN4231/lab1_workspace/src/cpp_pubsub/src/publisher_member_function.cpp:[m[K In member function â€˜[01m[Kvoid MinimalPublisher::timer_callback()[m[Kâ€™:
[9.140s] [01m[K/home/jacob/MTRN4231/lab1_workspace/src/cpp_pubsub/src/publisher_member_function.cpp:45:46:[m[K [01;31m[Kerror: [m[Kâ€˜[01m[KPoseStamped[m[Kâ€™ is not a member of â€˜[01m[Ktutorial_interfaces::msg[m[Kâ€™; did you mean â€˜[01m[KPosestamped[m[Kâ€™?
[9.140s]    45 |     auto message = tutorial_interfaces::msg::[01;31m[KPoseStamped[m[K();
[9.141s]       |                                              [01;31m[K^~~~~~~~~~~[m[K
[9.141s]       |                                              [32m[KPosestamped[m[K
[10.616s] gmake[2]: *** [CMakeFiles/talker.dir/build.make:76: CMakeFiles/talker.dir/src/publisher_member_function.cpp.o] Error 1
[10.617s] gmake[1]: *** [CMakeFiles/Makefile2:139: CMakeFiles/talker.dir/all] Error 2
[10.618s] gmake: *** [Makefile:146: all] Error 2
[10.625s] Invoked command in '/home/jacob/MTRN4231/lab1_workspace/build/cpp_pubsub' returned '2': CMAKE_PREFIX_PATH=${CMAKE_PREFIX_PATH}:/opt/ros/humble /usr/bin/cmake --build /home/jacob/MTRN4231/lab1_workspace/build/cpp_pubsub -- -j8 -l8
