[0.047s] Invoking command in '/home/jacob/MTRN4231/lab1_workspace/build/tutorial_interfaces': CMAKE_PREFIX_PATH=${CMAKE_PREFIX_PATH}:/opt/ros/humble /usr/bin/cmake --build /home/jacob/MTRN4231/lab1_workspace/build/tutorial_interfaces -- -j8 -l8
[0.119s] -- Found ament_cmake: 1.3.12 (/opt/ros/humble/share/ament_cmake/cmake)
[0.673s] -- Found geometry_msgs: 4.9.0 (/opt/ros/humble/share/geometry_msgs/cmake)
[1.287s] -- Found rosidl_generator_c: 3.1.7 (/opt/ros/humble/share/rosidl_generator_c/cmake)
[1.295s] -- Found rosidl_adapter: 3.1.7 (/opt/ros/humble/share/rosidl_adapter/cmake)
[1.306s] -- Found rosidl_generator_cpp: 3.1.7 (/opt/ros/humble/share/rosidl_generator_cpp/cmake)
[1.339s] -- Using all available rosidl_typesupport_c: rosidl_typesupport_fastrtps_c;rosidl_typesupport_introspection_c
[1.371s] -- Using all available rosidl_typesupport_cpp: rosidl_typesupport_fastrtps_cpp;rosidl_typesupport_introspection_cpp
[1.469s] -- Found rclcpp: 16.0.14 (/opt/ros/humble/share/rclcpp/cmake)
[1.547s] -- Found rmw_implementation_cmake: 6.1.2 (/opt/ros/humble/share/rmw_implementation_cmake/cmake)
[1.551s] -- Found rmw_fastrtps_cpp: 6.2.8 (/opt/ros/humble/share/rmw_fastrtps_cpp/cmake)
[28.197s] -- Using RMW implementation 'rmw_fastrtps_cpp' as default
[28.302s] -- Found rosidl_default_generators: 1.2.0 (/opt/ros/humble/share/rosidl_default_generators/cmake)
[29.102s] -- Found ament_cmake_ros: 0.10.0 (/opt/ros/humble/share/ament_cmake_ros/cmake)
[30.164s] -- Using all available rosidl_typesupport_c: rosidl_typesupport_fastrtps_c;rosidl_typesupport_introspection_c
[30.621s] -- Using all available rosidl_typesupport_cpp: rosidl_typesupport_fastrtps_cpp;rosidl_typesupport_introspection_cpp
[30.676s] -- Found python_cmake_module: 0.10.0 (/opt/ros/humble/share/python_cmake_module/cmake)
[30.746s] -- Using PYTHON_EXECUTABLE: /usr/bin/python3
[30.747s] -- Using PYTHON_INCLUDE_DIRS: /usr/include/python3.10
[30.747s] -- Using PYTHON_LIBRARIES: /usr/lib/x86_64-linux-gnu/libpython3.10.so
[30.861s] -- Found ament_lint_auto: 0.12.14 (/opt/ros/humble/share/ament_lint_auto/cmake)
[30.885s] -- Added test 'lint_cmake' to check CMake code style
[30.888s] -- Added test 'xmllint' to check XML markup files
[30.892s] -- Configuring done
[31.032s] -- Generating done
[31.089s] -- Build files have been written to: /home/jacob/MTRN4231/lab1_workspace/build/tutorial_interfaces
[31.205s] [  3%] Built target tutorial_interfaces__cpp
[31.212s] [  6%] [32mBuilding C object CMakeFiles/tutorial_interfaces__rosidl_generator_c.dir/rosidl_generator_c/tutorial_interfaces/msg/detail/pose_stamped__functions.c.o[0m
[31.235s] [  6%] Built target ament_cmake_python_copy_tutorial_interfaces
[31.273s] In file included from [01m[K/home/jacob/MTRN4231/lab1_workspace/build/tutorial_interfaces/rosidl_generator_c/tutorial_interfaces/msg/detail/pose_stamped__functions.h:19[m[K,
[31.274s]                  from [01m[K/home/jacob/MTRN4231/lab1_workspace/build/tutorial_interfaces/rosidl_generator_c/tutorial_interfaces/msg/detail/pose_stamped__functions.c:4[m[K:
[31.274s] [01m[K/home/jacob/MTRN4231/lab1_workspace/build/tutorial_interfaces/rosidl_generator_c/tutorial_interfaces/msg/detail/pose_stamped__struct.h:24:10:[m[K [01;31m[Kfatal error: [m[Krclcpp/msg/detail/time__struct.h: No such file or directory
[31.274s]    24 | #include [01;31m[K"rclcpp/msg/detail/time__struct.h"[m[K
[31.275s]       |          [01;31m[K^~~~~~~~~~~~~~~~~~~~~~~~~~~~~~~~~~[m[K
[31.275s] compilation terminated.
[31.278s] [  9%] [32mBuilding CXX object CMakeFiles/tutorial_interfaces__rosidl_typesupport_fastrtps_cpp.dir/rosidl_typesupport_fastrtps_cpp/tutorial_interfaces/msg/detail/dds_fastrtps/pose_stamped__type_support.cpp.o[0m
[31.279s] gmake[2]: *** [CMakeFiles/tutorial_interfaces__rosidl_generator_c.dir/build.make:167: CMakeFiles/tutorial_interfaces__rosidl_generator_c.dir/rosidl_generator_c/tutorial_interfaces/msg/detail/pose_stamped__functions.c.o] Error 1
[31.279s] gmake[1]: *** [CMakeFiles/Makefile2:213: CMakeFiles/tutorial_interfaces__rosidl_generator_c.dir/all] Error 2
[31.280s] gmake[1]: *** Waiting for unfinished jobs....
[31.283s] [ 12%] [32mBuilding CXX object CMakeFiles/tutorial_interfaces__rosidl_typesupport_cpp.dir/rosidl_typesupport_cpp/tutorial_interfaces/msg/pose_stamped__type_support.cpp.o[0m
[31.285s] [ 16%] [32mBuilding CXX object CMakeFiles/tutorial_interfaces__rosidl_typesupport_introspection_cpp.dir/rosidl_typesupport_introspection_cpp/tutorial_interfaces/msg/detail/pose_stamped__type_support.cpp.o[0m
[31.491s] In file included from [01m[K/home/jacob/MTRN4231/lab1_workspace/build/tutorial_interfaces/rosidl_typesupport_fastrtps_cpp/tutorial_interfaces/msg/detail/pose_stamped__rosidl_typesupport_fastrtps_cpp.hpp:11[m[K,
[31.491s]                  from [01m[K/home/jacob/MTRN4231/lab1_workspace/build/tutorial_interfaces/rosidl_typesupport_fastrtps_cpp/tutorial_interfaces/msg/detail/dds_fastrtps/pose_stamped__type_support.cpp:4[m[K:
[31.491s] [01m[K/home/jacob/MTRN4231/lab1_workspace/build/tutorial_interfaces/rosidl_generator_cpp/tutorial_interfaces/msg/detail/pose_stamped__struct.hpp:22:10:[m[K [01;31m[Kfatal error: [m[Krclcpp/msg/detail/time__struct.hpp: No such file or directory
[31.492s]    22 | #include [01;31m[K"rclcpp/msg/detail/time__struct.hpp"[m[K
[31.492s]       |          [01;31m[K^~~~~~~~~~~~~~~~~~~~~~~~~~~~~~~~~~~~[m[K
[31.493s] compilation terminated.
[31.494s] In file included from [01m[K/home/jacob/MTRN4231/lab1_workspace/build/tutorial_interfaces/rosidl_typesupport_cpp/tutorial_interfaces/msg/pose_stamped__type_support.cpp:7[m[K:
[31.495s] [01m[K/home/jacob/MTRN4231/lab1_workspace/build/tutorial_interfaces/rosidl_generator_cpp/tutorial_interfaces/msg/detail/pose_stamped__struct.hpp:22:10:[m[K [01;31m[Kfatal error: [m[Krclcpp/msg/detail/time__struct.hpp: No such file or directory
[31.496s]    22 | #include [01;31m[K"rclcpp/msg/detail/time__struct.hpp"[m[K
[31.496s]       |          [01;31m[K^~~~~~~~~~~~~~~~~~~~~~~~~~~~~~~~~~~~[m[K
[31.497s] compilation terminated.
[31.501s] gmake[2]: *** [CMakeFiles/tutorial_interfaces__rosidl_typesupport_fastrtps_cpp.dir/build.make:153: CMakeFiles/tutorial_interfaces__rosidl_typesupport_fastrtps_cpp.dir/rosidl_typesupport_fastrtps_cpp/tutorial_interfaces/msg/detail/dds_fastrtps/pose_stamped__type_support.cpp.o] Error 1
[31.502s] gmake[1]: *** [CMakeFiles/Makefile2:291: CMakeFiles/tutorial_interfaces__rosidl_typesupport_fastrtps_cpp.dir/all] Error 2
[31.504s] gmake[2]: *** [CMakeFiles/tutorial_interfaces__rosidl_typesupport_cpp.dir/build.make:148: CMakeFiles/tutorial_interfaces__rosidl_typesupport_cpp.dir/rosidl_typesupport_cpp/tutorial_interfaces/msg/pose_stamped__type_support.cpp.o] Error 1
[31.505s] gmake[1]: *** [CMakeFiles/Makefile2:395: CMakeFiles/tutorial_interfaces__rosidl_typesupport_cpp.dir/all] Error 2
[31.527s] In file included from [01m[K/home/jacob/MTRN4231/lab1_workspace/build/tutorial_interfaces/rosidl_typesupport_introspection_cpp/tutorial_interfaces/msg/detail/pose_stamped__type_support.cpp:12[m[K:
[31.528s] [01m[K/home/jacob/MTRN4231/lab1_workspace/build/tutorial_interfaces/rosidl_generator_cpp/tutorial_interfaces/msg/detail/pose_stamped__struct.hpp:22:10:[m[K [01;31m[Kfatal error: [m[Krclcpp/msg/detail/time__struct.hpp: No such file or directory
[31.528s]    22 | #include [01;31m[K"rclcpp/msg/detail/time__struct.hpp"[m[K
[31.529s]       |          [01;31m[K^~~~~~~~~~~~~~~~~~~~~~~~~~~~~~~~~~~~[m[K
[31.530s] compilation terminated.
[31.534s] gmake[2]: *** [CMakeFiles/tutorial_interfaces__rosidl_typesupport_introspection_cpp.dir/build.make:153: CMakeFiles/tutorial_interfaces__rosidl_typesupport_introspection_cpp.dir/rosidl_typesupport_introspection_cpp/tutorial_interfaces/msg/detail/pose_stamped__type_support.cpp.o] Error 1
[31.535s] gmake[1]: *** [CMakeFiles/Makefile2:369: CMakeFiles/tutorial_interfaces__rosidl_typesupport_introspection_cpp.dir/all] Error 2
[32.053s] running egg_info
[32.055s] writing tutorial_interfaces.egg-info/PKG-INFO
[32.055s] writing dependency_links to tutorial_interfaces.egg-info/dependency_links.txt
[32.056s] writing top-level names to tutorial_interfaces.egg-info/top_level.txt
[32.063s] reading manifest file 'tutorial_interfaces.egg-info/SOURCES.txt'
[32.065s] writing manifest file 'tutorial_interfaces.egg-info/SOURCES.txt'
[32.143s] [ 16%] Built target ament_cmake_python_build_tutorial_interfaces_egg
[32.146s] gmake: *** [Makefile:146: all] Error 2
[32.155s] Invoked command in '/home/jacob/MTRN4231/lab1_workspace/build/tutorial_interfaces' returned '2': CMAKE_PREFIX_PATH=${CMAKE_PREFIX_PATH}:/opt/ros/humble /usr/bin/cmake --build /home/jacob/MTRN4231/lab1_workspace/build/tutorial_interfaces -- -j8 -l8
