[35m[1mConsolidate compiler generated dependencies of target OOI[0m
[ 50%] [32mBuilding CXX object CMakeFiles/OOI.dir/src/OOI.cpp.o[0m
[01m[K/home/jacob/MTRN4231/lab2_workspace/src/visualisation/src/OOI.cpp:151:2:[m[K [01;31m[Kerror: [m[Kunterminated argument list invoking macro "RCLCPP_INFO"
  151 | }
      |  [01;31m[K^[m[K
[01m[K/home/jacob/MTRN4231/lab2_workspace/src/visualisation/src/OOI.cpp:61:16:[m[K [01;31m[Kerror: [m[Kexpected â€˜[01m[K}[m[Kâ€™ at end of input
   61 |     RCLCPP_INFO[01;31m[K([m[Kthis->get_logger(), "hello";
      |                [01;31m[K^[m[K
[01m[K/home/jacob/MTRN4231/lab2_workspace/src/visualisation/src/OOI.cpp:37:1:[m[K [01;36m[Knote: [m[Kto match this â€˜[01m[K{[m[Kâ€™
   37 | [01;36m[K{[m[K
      | [01;36m[K^[m[K
[01m[K/home/jacob/MTRN4231/lab2_workspace/src/visualisation/src/OOI.cpp:[m[K In constructor â€˜[01m[KSpherePublisher::SpherePublisher()[m[Kâ€™:
[01m[K/home/jacob/MTRN4231/lab2_workspace/src/visualisation/src/OOI.cpp:42:5:[m[K [01;31m[Kerror: [m[Kâ€˜[01m[Kmarker_pub[m[Kâ€™ was not declared in this scope
   42 |     [01;31m[Kmarker_pub[m[K = this->create_publisher<visualization_msgs::msg::Marker>("visualization_marker", 1);
      |     [01;31m[K^~~~~~~~~~[m[K
[01m[K/home/jacob/MTRN4231/lab2_workspace/src/visualisation/src/OOI.cpp:43:5:[m[K [01;31m[Kerror: [m[Kâ€˜[01m[Ksphere_timer[m[Kâ€™ was not declared in this scope
   43 |     [01;31m[Ksphere_timer[m[K = this->create_wall_timer(
      |     [01;31m[K^~~~~~~~~~~~[m[K
[01m[K/home/jacob/MTRN4231/lab2_workspace/src/visualisation/src/OOI.cpp:44:42:[m[K [01;31m[Kerror: [m[Kâ€˜[01m[Kspherepub_callback[m[Kâ€™ is not a member of â€˜[01m[KSpherePublisher[m[Kâ€™
   44 |       100ms, std::bind(&SpherePublisher::[01;31m[Kspherepub_callback[m[K, this));
      |                                          [01;31m[K^~~~~~~~~~~~~~~~~~[m[K
[01m[K/home/jacob/MTRN4231/lab2_workspace/src/visualisation/src/OOI.cpp:45:5:[m[K [01;31m[Kerror: [m[Kâ€˜[01m[Ktf_buffer_[m[Kâ€™ was not declared in this scope
   45 |     [01;31m[Ktf_buffer_[m[K = std::make_unique<tf2_ros::Buffer>(this->get_clock());
      |     [01;31m[K^~~~~~~~~~[m[K
[01m[K/home/jacob/MTRN4231/lab2_workspace/src/visualisation/src/OOI.cpp:46:5:[m[K [01;31m[Kerror: [m[Kâ€˜[01m[Ktf_listener_[m[Kâ€™ was not declared in this scope
   46 |     [01;31m[Ktf_listener_[m[K = std::make_shared<tf2_ros::TransformListener>(*tf_buffer_);
      |     [01;31m[K^~~~~~~~~~~~[m[K
[01m[K/home/jacob/MTRN4231/lab2_workspace/src/visualisation/src/OOI.cpp:47:5:[m[K [01;31m[Kerror: [m[Kâ€˜[01m[Kclient_[m[Kâ€™ was not declared in this scope
   47 |     [01;31m[Kclient_[m[K = create_client<my_interface::srv::Lookup>("lookup_server");
      |     [01;31m[K^~~~~~~[m[K
[01m[K/home/jacob/MTRN4231/lab2_workspace/src/visualisation/src/OOI.cpp:[m[K In member function â€˜[01m[Kgeometry_msgs::msg::Pose SpherePublisher::call_servce(std::string, std::string)[m[Kâ€™:
[01m[K/home/jacob/MTRN4231/lab2_workspace/src/visualisation/src/OOI.cpp:61:5:[m[K [01;31m[Kerror: [m[Kâ€˜[01m[KRCLCPP_INFO[m[Kâ€™ was not declared in this scope
   61 |     [01;31m[KRCLCPP_INFO[m[K(this->get_logger(), "hello";
      |     [01;31m[K^~~~~~~~~~~[m[K
[01m[K/home/jacob/MTRN4231/lab2_workspace/src/visualisation/src/OOI.cpp:61:16:[m[K [01;31m[Kerror: [m[Kexpected â€˜[01m[K}[m[Kâ€™ at end of input
   61 |     RCLCPP_INFO[01;31m[K([m[Kthis->get_logger(), "hello";
      |                [01;31m[K^[m[K
[01m[K/home/jacob/MTRN4231/lab2_workspace/src/visualisation/src/OOI.cpp:56:96:[m[K [01;36m[Knote: [m[Kto match this â€˜[01m[K{[m[Kâ€™
   56 |   geometry_msgs::msg::Pose call_servce(const std::string fromFrame, const std::string toFrame) [01;36m[K{[m[K
      |                                                                                                [01;36m[K^[m[K
[01m[K/home/jacob/MTRN4231/lab2_workspace/src/visualisation/src/OOI.cpp:61:16:[m[K [01;35m[Kwarning: [m[Kno return statement in function returning non-void [[01;35m[K]8;;https://gcc.gnu.org/onlinedocs/gcc/Warning-Options.html#index-Wreturn-type-Wreturn-type]8;;[m[K]
   61 |     RCLCPP_INFO[01;35m[K([m[Kthis->get_logger(), "hello";
      |                [01;35m[K^[m[K
[01m[K/home/jacob/MTRN4231/lab2_workspace/src/visualisation/src/OOI.cpp:[m[K At global scope:
[01m[K/home/jacob/MTRN4231/lab2_workspace/src/visualisation/src/OOI.cpp:61:16:[m[K [01;31m[Kerror: [m[Kexpected unqualified-id at end of input
gmake[2]: *** [CMakeFiles/OOI.dir/build.make:76: CMakeFiles/OOI.dir/src/OOI.cpp.o] Error 1
gmake[1]: *** [CMakeFiles/Makefile2:137: CMakeFiles/OOI.dir/all] Error 2
gmake: *** [Makefile:146: all] Error 2
