[01m[K/home/jacob/MTRN4231/lab1_workspace/src/cpp_pubsub/src/publisher_member_function.cpp:[m[K In member function â€˜[01m[Kvoid MinimalPublisher::timer_callback()[m[Kâ€™:
[01m[K/home/jacob/MTRN4231/lab1_workspace/src/cpp_pubsub/src/publisher_member_function.cpp:45:13:[m[K [01;31m[Kerror: [m[Kâ€˜[01m[Kstruct geometry_msgs::msg::Pose_<std::allocator<void> >[m[Kâ€™ has no member named â€˜[01m[Korientaton[m[Kâ€™; did you mean â€˜[01m[Korientation[m[Kâ€™?
   45 |     message.[01;31m[Korientaton[m[K.x = 0.0;
      |             [01;31m[K^~~~~~~~~~[m[K
      |             [32m[Korientation[m[K
gmake[2]: *** [CMakeFiles/talker.dir/build.make:76: CMakeFiles/talker.dir/src/publisher_member_function.cpp.o] Error 1
gmake[1]: *** [CMakeFiles/Makefile2:139: CMakeFiles/talker.dir/all] Error 2
gmake: *** [Makefile:146: all] Error 2
