[0.036s] Invoking command in '/home/jacob/MTRN4231/lab2_workspace/src/build/lab2_client_service': CMAKE_PREFIX_PATH=${CMAKE_PREFIX_PATH}:/opt/ros/humble /usr/bin/cmake --build /home/jacob/MTRN4231/lab2_workspace/src/build/lab2_client_service -- -j8 -l8
[0.149s] [35m[1mConsolidate compiler generated dependencies of target lookup_server[0m
[0.185s] [ 33%] Built target int_addition_server
[0.230s] [ 50%] [32mBuilding CXX object CMakeFiles/lookup_server.dir/src/lookup_server.cpp.o[0m
[0.245s] [ 83%] Built target int_addition_client
[5.947s] [01m[K/home/jacob/MTRN4231/lab2_workspace/src/lab2_client_service/src/lookup_server.cpp:[m[K In function â€˜[01m[Kint main(int, char**)[m[Kâ€™:
[5.947s] [01m[K/home/jacob/MTRN4231/lab2_workspace/src/lab2_client_service/src/lookup_server.cpp:50:34:[m[K [01;31m[Kerror: [m[Kâ€˜[01m[KIntAdditionServer[m[Kâ€™ was not declared in this scope
[5.947s]    50 |   auto server = std::make_shared<[01;31m[KIntAdditionServer[m[K>();
[5.947s]       |                                  [01;31m[K^~~~~~~~~~~~~~~~~[m[K
[5.947s] [01m[K/home/jacob/MTRN4231/lab2_workspace/src/lab2_client_service/src/lookup_server.cpp:50:52:[m[K [01;31m[Kerror: [m[Kno matching function for call to â€˜[01m[Kmake_shared<<expression error> >()[m[Kâ€™
[5.947s]    50 |   auto server = [01;31m[Kstd::make_shared<IntAdditionServer>()[m[K;
[5.947s]       |                 [01;31m[K~~~~~~~~~~~~~~~~~~~~~~~~~~~~~~~~~~~^~[m[K
[5.947s] In file included from [01m[K/usr/include/c++/11/memory:77[m[K,
[5.947s]                  from [01m[K/opt/ros/humble/include/rclcpp/rclcpp/rclcpp.hpp:153[m[K,
[5.947s]                  from [01m[K/home/jacob/MTRN4231/lab2_workspace/src/lab2_client_service/src/lookup_server.cpp:2[m[K:
[5.947s] [01m[K/usr/include/c++/11/bits/shared_ptr.h:875:5:[m[K [01;36m[Knote: [m[Kcandidate: â€˜[01m[Ktemplate<class _Tp, class ... _Args> std::shared_ptr<_Tp> std::make_shared(_Args&& ...)[m[Kâ€™
[5.947s]   875 |     [01;36m[Kmake_shared[m[K(_Args&&... __args)
[5.948s]       |     [01;36m[K^~~~~~~~~~~[m[K
[5.948s] [01m[K/usr/include/c++/11/bits/shared_ptr.h:875:5:[m[K [01;36m[Knote: [m[K  template argument deduction/substitution failed:
[5.948s] [01m[K/home/jacob/MTRN4231/lab2_workspace/src/lab2_client_service/src/lookup_server.cpp:50:52:[m[K [01;31m[Kerror: [m[Ktemplate argument 1 is invalid
[5.948s]    50 |   auto server = [01;31m[Kstd::make_shared<IntAdditionServer>()[m[K;
[5.948s]       |                 [01;31m[K~~~~~~~~~~~~~~~~~~~~~~~~~~~~~~~~~~~^~[m[K
[7.300s] gmake[2]: *** [CMakeFiles/lookup_server.dir/build.make:76: CMakeFiles/lookup_server.dir/src/lookup_server.cpp.o] Error 1
[7.300s] gmake[1]: *** [CMakeFiles/Makefile2:193: CMakeFiles/lookup_server.dir/all] Error 2
[7.301s] gmake: *** [Makefile:146: all] Error 2
[7.305s] Invoked command in '/home/jacob/MTRN4231/lab2_workspace/src/build/lab2_client_service' returned '2': CMAKE_PREFIX_PATH=${CMAKE_PREFIX_PATH}:/opt/ros/humble /usr/bin/cmake --build /home/jacob/MTRN4231/lab2_workspace/src/build/lab2_client_service -- -j8 -l8
