[0.025s] Invoking command in '/home/jacob/MTRN4231/lab1_workspace/build/cpp_pubsub': CMAKE_PREFIX_PATH=${CMAKE_PREFIX_PATH}:/opt/ros/humble /usr/bin/cmake --build /home/jacob/MTRN4231/lab1_workspace/build/cpp_pubsub -- -j8 -l8
[0.138s] [ 25%] [32mBuilding CXX object CMakeFiles/talker.dir/src/publisher_member_function.cpp.o[0m
[0.141s] [ 75%] Built target listener
[5.631s] [01m[K/home/jacob/MTRN4231/lab1_workspace/src/cpp_pubsub/src/publisher_member_function.cpp:47:31:[m[K [01;31m[Kerror: [m[Kâ€˜[01m[KInt64[m[Kâ€™ is not a member of â€˜[01m[Kstd_msgs[m[Kâ€™
[5.632s]    47 |   rclcpp::Publisher<std_msgs::[01;31m[KInt64[m[K>::SharedPtr publisher_;
[5.632s]       |                               [01;31m[K^~~~~[m[K
[5.632s] [01m[K/home/jacob/MTRN4231/lab1_workspace/src/cpp_pubsub/src/publisher_member_function.cpp:47:36:[m[K [01;31m[Kerror: [m[Ktemplate argument 1 is invalid
[5.632s]    47 |   rclcpp::Publisher<std_msgs::Int64[01;31m[K>[m[K::SharedPtr publisher_;
[5.632s]       |                                    [01;31m[K^[m[K
[5.632s] [01m[K/home/jacob/MTRN4231/lab1_workspace/src/cpp_pubsub/src/publisher_member_function.cpp:47:39:[m[K [01;31m[Kerror: [m[Kexpected â€˜[01m[K;[m[Kâ€™ at end of member declaration
[5.632s]    47 |   rclcpp::Publisher<std_msgs::Int64>::[01;31m[KSharedPtr[m[K publisher_;
[5.632s]       |                                       [01;31m[K^~~~~~~~~[m[K
[5.632s]       |                                                [32m[K;[m[K
[5.634s] [01m[K/home/jacob/MTRN4231/lab1_workspace/src/cpp_pubsub/src/publisher_member_function.cpp:47:49:[m[K [01;31m[Kerror: [m[Kâ€˜[01m[Kpublisher_[m[Kâ€™ does not name a type; did you mean â€˜[01m[Krmw_publisher_t[m[Kâ€™?
[5.634s]    47 |   rclcpp::Publisher<std_msgs::Int64>::SharedPtr [01;31m[Kpublisher_[m[K;
[5.634s]       |                                                 [01;31m[K^~~~~~~~~~[m[K
[5.634s]       |                                                 [32m[Krmw_publisher_t[m[K
[5.644s] [01m[K/home/jacob/MTRN4231/lab1_workspace/src/cpp_pubsub/src/publisher_member_function.cpp:[m[K In constructor â€˜[01m[KMinimalPublisher::MinimalPublisher()[m[Kâ€™:
[5.644s] [01m[K/home/jacob/MTRN4231/lab1_workspace/src/cpp_pubsub/src/publisher_member_function.cpp:33:5:[m[K [01;31m[Kerror: [m[Kâ€˜[01m[Kpublisher_[m[Kâ€™ was not declared in this scope; did you mean â€˜[01m[Krmw_publisher_t[m[Kâ€™?
[5.645s]    33 |     [01;31m[Kpublisher_[m[K = this->create_publisher<std_msgs::Int64>("lab1_topic", 10);
[5.645s]       |     [01;31m[K^~~~~~~~~~[m[K
[5.645s]       |     [32m[Krmw_publisher_t[m[K
[5.646s] [01m[K/home/jacob/MTRN4231/lab1_workspace/src/cpp_pubsub/src/publisher_member_function.cpp:33:51:[m[K [01;31m[Kerror: [m[Kâ€˜[01m[KInt64[m[Kâ€™ is not a member of â€˜[01m[Kstd_msgs[m[Kâ€™
[5.646s]    33 |     publisher_ = this->create_publisher<std_msgs::[01;31m[KInt64[m[K>("lab1_topic", 10);
[5.647s]       |                                                   [01;31m[K^~~~~[m[K
[5.647s] [01m[K/home/jacob/MTRN4231/lab1_workspace/src/cpp_pubsub/src/publisher_member_function.cpp:33:57:[m[K [01;31m[Kerror: [m[Kno matching function for call to â€˜[01m[KMinimalPublisher::create_publisher<<expression error> >(const char [11], int)[m[Kâ€™
[5.647s]    33 |     publisher_ = [01;31m[Kthis->create_publisher<std_msgs::Int64>("lab1_topic", 10)[m[K;
[5.648s]       |                  [01;31m[K~~~~~~~~~~~~~~~~~~~~~~~~~~~~~~~~~~~~~~~^~~~~~~~~~~~~~~~~~[m[K
[5.648s] In file included from [01m[K/opt/ros/humble/include/rclcpp/rclcpp/executors/single_threaded_executor.hpp:28[m[K,
[5.648s]                  from [01m[K/opt/ros/humble/include/rclcpp/rclcpp/executors.hpp:22[m[K,
[5.648s]                  from [01m[K/opt/ros/humble/include/rclcpp/rclcpp/rclcpp.hpp:155[m[K,
[5.649s]                  from [01m[K/home/jacob/MTRN4231/lab1_workspace/src/cpp_pubsub/src/publisher_member_function.cpp:19[m[K:
[5.649s] [01m[K/opt/ros/humble/include/rclcpp/rclcpp/node.hpp:195:3:[m[K [01;36m[Knote: [m[Kcandidate: â€˜[01m[Ktemplate<class MessageT, class AllocatorT, class PublisherT> std::shared_ptr<PublisherT> rclcpp::Node::create_publisher(const string&, const rclcpp::QoS&, const rclcpp::PublisherOptionsWithAllocator<AllocatorT>&)[m[Kâ€™
[5.649s]   195 |   [01;36m[Kcreate_publisher[m[K(
[5.649s]       |   [01;36m[K^~~~~~~~~~~~~~~~[m[K
[5.650s] [01m[K/opt/ros/humble/include/rclcpp/rclcpp/node.hpp:195:3:[m[K [01;36m[Knote: [m[K  template argument deduction/substitution failed:
[5.650s] [01m[K/home/jacob/MTRN4231/lab1_workspace/src/cpp_pubsub/src/publisher_member_function.cpp:33:57:[m[K [01;31m[Kerror: [m[Ktemplate argument 1 is invalid
[5.650s]    33 |     publisher_ = [01;31m[Kthis->create_publisher<std_msgs::Int64>("lab1_topic", 10)[m[K;
[5.651s]       |                  [01;31m[K~~~~~~~~~~~~~~~~~~~~~~~~~~~~~~~~~~~~~~~^~~~~~~~~~~~~~~~~~[m[K
[5.671s] [01m[K/home/jacob/MTRN4231/lab1_workspace/src/cpp_pubsub/src/publisher_member_function.cpp:[m[K In member function â€˜[01m[Kvoid MinimalPublisher::timer_callback()[m[Kâ€™:
[5.671s] [01m[K/home/jacob/MTRN4231/lab1_workspace/src/cpp_pubsub/src/publisher_member_function.cpp:41:30:[m[K [01;31m[Kerror: [m[Kâ€˜[01m[KInt64[m[Kâ€™ is not a member of â€˜[01m[Kstd_msgs[m[Kâ€™
[5.671s]    41 |     auto message = std_msgs::[01;31m[KInt64[m[K();
[5.672s]       |                              [01;31m[K^~~~~[m[K
[5.682s] [01m[K/home/jacob/MTRN4231/lab1_workspace/src/cpp_pubsub/src/publisher_member_function.cpp:44:5:[m[K [01;31m[Kerror: [m[Kâ€˜[01m[Kpublisher_[m[Kâ€™ was not declared in this scope; did you mean â€˜[01m[Krmw_publisher_t[m[Kâ€™?
[5.683s]    44 |     [01;31m[Kpublisher_[m[K->publish(message);
[5.683s]       |     [01;31m[K^~~~~~~~~~[m[K
[5.683s]       |     [32m[Krmw_publisher_t[m[K
[6.532s] gmake[2]: *** [CMakeFiles/talker.dir/build.make:76: CMakeFiles/talker.dir/src/publisher_member_function.cpp.o] Error 1
[6.532s] gmake[1]: *** [CMakeFiles/Makefile2:139: CMakeFiles/talker.dir/all] Error 2
[6.532s] gmake: *** [Makefile:146: all] Error 2
[6.538s] Invoked command in '/home/jacob/MTRN4231/lab1_workspace/build/cpp_pubsub' returned '2': CMAKE_PREFIX_PATH=${CMAKE_PREFIX_PATH}:/opt/ros/humble /usr/bin/cmake --build /home/jacob/MTRN4231/lab1_workspace/build/cpp_pubsub -- -j8 -l8
