-- Found ament_cmake: 1.3.12 (/opt/ros/humble/share/ament_cmake/cmake)
-- Found rclcpp: 16.0.14 (/opt/ros/humble/share/rclcpp/cmake)
-- Found rosidl_generator_c: 3.1.7 (/opt/ros/humble/share/rosidl_generator_c/cmake)
-- Found rosidl_adapter: 3.1.7 (/opt/ros/humble/share/rosidl_adapter/cmake)
-- Found rosidl_generator_cpp: 3.1.7 (/opt/ros/humble/share/rosidl_generator_cpp/cmake)
-- Using all available rosidl_typesupport_c: rosidl_typesupport_fastrtps_c;rosidl_typesupport_introspection_c
-- Using all available rosidl_typesupport_cpp: rosidl_typesupport_fastrtps_cpp;rosidl_typesupport_introspection_cpp
-- Found rmw_implementation_cmake: 6.1.2 (/opt/ros/humble/share/rmw_implementation_cmake/cmake)
-- Found rmw_fastrtps_cpp: 6.2.8 (/opt/ros/humble/share/rmw_fastrtps_cpp/cmake)
-- Using RMW implementation 'rmw_fastrtps_cpp' as default
-- Found visualization_msgs: 4.9.0 (/opt/ros/humble/share/visualization_msgs/cmake)
-- Found tf2: 0.25.16 (/opt/ros/humble/share/tf2/cmake)
-- Found tf2_ros: 0.25.16 (/opt/ros/humble/share/tf2_ros/cmake)
-- Found ament_lint_auto: 0.12.14 (/opt/ros/humble/share/ament_lint_auto/cmake)
-- Added test 'cppcheck' to perform static code analysis on C / C++ code
-- Configured cppcheck include dirs: 
-- Configured cppcheck exclude dirs and/or files: 
-- Added test 'flake8' to check Python code syntax and style conventions
-- Added test 'lint_cmake' to check CMake code style
-- Added test 'pep257' to check Python code against some of the docstring style conventions in PEP 257
-- Added test 'uncrustify' to check C / C++ code style
-- Configured uncrustify additional arguments: 
-- Added test 'xmllint' to check XML markup files
-- Configuring done
-- Generating done
-- Build files have been written to: /home/jacob/MTRN4231/lab2_workspace/src/build/visualisation
[35m[1mConsolidate compiler generated dependencies of target OOI[0m
[ 50%] [32mBuilding CXX object CMakeFiles/OOI.dir/src/OOI.cpp.o[0m
[01m[K/home/jacob/MTRN4231/lab2_workspace/src/visualisation/src/OOI.cpp:[m[K In constructor â€˜[01m[KSpherePublisher::SpherePublisher()[m[Kâ€™:
[01m[K/home/jacob/MTRN4231/lab2_workspace/src/visualisation/src/OOI.cpp:40:5:[m[K [01;31m[Kerror: [m[Kâ€˜[01m[Ksphere_time[m[Kâ€™ was not declared in this scope; did you mean â€˜[01m[Ksphere_timer[m[Kâ€™?
   40 |     [01;31m[Ksphere_time[m[K = this->create_wall_timer(
      |     [01;31m[K^~~~~~~~~~~[m[K
      |     [32m[Ksphere_timer[m[K
[01m[K/home/jacob/MTRN4231/lab2_workspace/src/visualisation/src/OOI.cpp:44:90:[m[K [01;31m[Kerror: [m[Kâ€˜[01m[KTF2Listener[m[Kâ€™ has not been declared
   44 |     listener_timer = this->create_wall_timer( std::chrono::milliseconds(100), std::bind(&[01;31m[KTF2Listener[m[K::ListenerCallback, this));
      |                                                                                          [01;31m[K^~~~~~~~~~~[m[K
gmake[2]: *** [CMakeFiles/OOI.dir/build.make:76: CMakeFiles/OOI.dir/src/OOI.cpp.o] Error 1
gmake[1]: *** [CMakeFiles/Makefile2:137: CMakeFiles/OOI.dir/all] Error 2
gmake: *** [Makefile:146: all] Error 2
