[0.040s] Invoking command in '/home/jacob/MTRN4231/lab2_workspace/src/build/visualisation': CMAKE_PREFIX_PATH=${CMAKE_PREFIX_PATH}:/opt/ros/humble /usr/bin/cmake --build /home/jacob/MTRN4231/lab2_workspace/src/build/visualisation -- -j8 -l8
[0.089s] -- Found ament_cmake: 1.3.12 (/opt/ros/humble/share/ament_cmake/cmake)
[0.359s] -- Found rclcpp: 16.0.14 (/opt/ros/humble/share/rclcpp/cmake)
[0.414s] -- Found rosidl_generator_c: 3.1.7 (/opt/ros/humble/share/rosidl_generator_c/cmake)
[0.419s] -- Found rosidl_adapter: 3.1.7 (/opt/ros/humble/share/rosidl_adapter/cmake)
[0.432s] -- Found rosidl_generator_cpp: 3.1.7 (/opt/ros/humble/share/rosidl_generator_cpp/cmake)
[0.455s] -- Using all available rosidl_typesupport_c: rosidl_typesupport_fastrtps_c;rosidl_typesupport_introspection_c
[0.532s] -- Using all available rosidl_typesupport_cpp: rosidl_typesupport_fastrtps_cpp;rosidl_typesupport_introspection_cpp
[0.592s] -- Found rmw_implementation_cmake: 6.1.2 (/opt/ros/humble/share/rmw_implementation_cmake/cmake)
[0.594s] -- Found rmw_fastrtps_cpp: 6.2.8 (/opt/ros/humble/share/rmw_fastrtps_cpp/cmake)
[0.862s] -- Using RMW implementation 'rmw_fastrtps_cpp' as default
[1.011s] -- Found visualization_msgs: 4.9.0 (/opt/ros/humble/share/visualization_msgs/cmake)
[1.155s] -- Found tf2: 0.25.16 (/opt/ros/humble/share/tf2/cmake)
[1.187s] -- Found tf2_ros: 0.25.16 (/opt/ros/humble/share/tf2_ros/cmake)
[1.454s] -- Found ament_lint_auto: 0.12.14 (/opt/ros/humble/share/ament_lint_auto/cmake)
[1.630s] -- Added test 'cppcheck' to perform static code analysis on C / C++ code
[1.631s] -- Configured cppcheck include dirs: 
[1.631s] -- Configured cppcheck exclude dirs and/or files: 
[1.632s] -- Added test 'flake8' to check Python code syntax and style conventions
[1.634s] -- Added test 'lint_cmake' to check CMake code style
[1.635s] -- Added test 'pep257' to check Python code against some of the docstring style conventions in PEP 257
[1.640s] -- Added test 'uncrustify' to check C / C++ code style
[1.640s] -- Configured uncrustify additional arguments: 
[1.641s] -- Added test 'xmllint' to check XML markup files
[1.642s] -- Configuring done
[1.662s] -- Generating done
[1.668s] -- Build files have been written to: /home/jacob/MTRN4231/lab2_workspace/src/build/visualisation
[1.795s] [35m[1mConsolidate compiler generated dependencies of target OOI[0m
[1.836s] [ 50%] [32mBuilding CXX object CMakeFiles/OOI.dir/src/OOI.cpp.o[0m
[7.100s] [01m[K/home/jacob/MTRN4231/lab2_workspace/src/visualisation/src/OOI.cpp:[m[K In constructor â€˜[01m[KSpherePublisher::SpherePublisher()[m[Kâ€™:
[7.100s] [01m[K/home/jacob/MTRN4231/lab2_workspace/src/visualisation/src/OOI.cpp:40:5:[m[K [01;31m[Kerror: [m[Kâ€˜[01m[Ksphere_time[m[Kâ€™ was not declared in this scope; did you mean â€˜[01m[Ksphere_timer[m[Kâ€™?
[7.100s]    40 |     [01;31m[Ksphere_time[m[K = this->create_wall_timer(
[7.100s]       |     [01;31m[K^~~~~~~~~~~[m[K
[7.100s]       |     [32m[Ksphere_timer[m[K
[7.116s] [01m[K/home/jacob/MTRN4231/lab2_workspace/src/visualisation/src/OOI.cpp:44:90:[m[K [01;31m[Kerror: [m[Kâ€˜[01m[KTF2Listener[m[Kâ€™ has not been declared
[7.116s]    44 |     listener_timer = this->create_wall_timer( std::chrono::milliseconds(100), std::bind(&[01;31m[KTF2Listener[m[K::ListenerCallback, this));
[7.116s]       |                                                                                          [01;31m[K^~~~~~~~~~~[m[K
[8.689s] gmake[2]: *** [CMakeFiles/OOI.dir/build.make:76: CMakeFiles/OOI.dir/src/OOI.cpp.o] Error 1
[8.689s] gmake[1]: *** [CMakeFiles/Makefile2:137: CMakeFiles/OOI.dir/all] Error 2
[8.689s] gmake: *** [Makefile:146: all] Error 2
[8.692s] Invoked command in '/home/jacob/MTRN4231/lab2_workspace/src/build/visualisation' returned '2': CMAKE_PREFIX_PATH=${CMAKE_PREFIX_PATH}:/opt/ros/humble /usr/bin/cmake --build /home/jacob/MTRN4231/lab2_workspace/src/build/visualisation -- -j8 -l8
